14:33:07 **** Incremental Build of configuration Debug for project PositionControl ****
make -j16 all 
arm-none-eabi-gcc "../Core/Src/main.c" -mcpu=cortex-m4 -std=gnu11 -g3 -DDEBUG -DUSE_HAL_DRIVER -DSTM32F411xE -c -I../Core/Inc -I../Drivers/STM32F4xx_HAL_Driver/Inc -I../Drivers/STM32F4xx_HAL_Driver/Inc/Legacy -I../Drivers/CMSIS/Device/ST/STM32F4xx/Include -I../Drivers/CMSIS/Include -O0 -ffunction-sections -fdata-sections -Wall -fstack-usage -MMD -MP -MF"Core/Src/main.d" -MT"Core/Src/main.o" --specs=nano.specs -mfpu=fpv4-sp-d16 -mfloat-abi=hard -mthumb -o "Core/Src/main.o"
arm-none-eabi-gcc "../Core/Src/scurve.c" -mcpu=cortex-m4 -std=gnu11 -g3 -DDEBUG -DUSE_HAL_DRIVER -DSTM32F411xE -c -I../Core/Inc -I../Drivers/STM32F4xx_HAL_Driver/Inc -I../Drivers/STM32F4xx_HAL_Driver/Inc/Legacy -I../Drivers/CMSIS/Device/ST/STM32F4xx/Include -I../Drivers/CMSIS/Include -O0 -ffunction-sections -fdata-sections -Wall -fstack-usage -MMD -MP -MF"Core/Src/scurve.d" -MT"Core/Src/scurve.o" --specs=nano.specs -mfpu=fpv4-sp-d16 -mfloat-abi=hard -mthumb -o "Core/Src/scurve.o"
../Core/Src/scurve.c: In function 'Trajectory_Generator':
../Core/Src/scurve.c:38:9: warning: implicit declaration of function 'abs' [-Wimplicit-function-declaration]
   38 |     s = abs(target_p - initial_p);
      |         ^~~
arm-none-eabi-gcc -o "PositionControl.elf" @"objects.list"   -mcpu=cortex-m4 -T"C:\FRA222_MICROCONTROLLER\PositionControl\STM32F411RETX_FLASH.ld" --specs=nosys.specs -Wl,-Map="PositionControl.map" -Wl,--gc-sections -static --specs=nano.specs -mfpu=fpv4-sp-d16 -mfloat-abi=hard -mthumb -u _printf_float -u _scanf_float -Wl,--start-group -lc -lm -Wl,--end-group
c:\st\stm32cubeide_1.11.0\stm32cubeide\plugins\com.st.stm32cube.ide.mcu.externaltools.gnu-tools-for-stm32.10.3-2021.10.win32_1.0.100.202210260954\tools\arm-none-eabi\bin\ld.exe: ./Core/Src/scurve.o:C:/FRA222_MICROCONTROLLER/PositionControl/Debug/../Core/Inc/scurve.h:18: multiple definition of `setposition'; ./Core/Src/main.o:C:/FRA222_MICROCONTROLLER/PositionControl/Debug/../Core/Inc/scurve.h:18: first defined here
c:\st\stm32cubeide_1.11.0\stm32cubeide\plugins\com.st.stm32cube.ide.mcu.externaltools.gnu-tools-for-stm32.10.3-2021.10.win32_1.0.100.202210260954\tools\arm-none-eabi\bin\ld.exe: ./Core/Src/scurve.o:C:/FRA222_MICROCONTROLLER/PositionControl/Debug/../Core/Inc/scurve.h:19: multiple definition of `setvelocity'; ./Core/Src/main.o:C:/FRA222_MICROCONTROLLER/PositionControl/Debug/../Core/Inc/scurve.h:19: first defined here
c:\st\stm32cubeide_1.11.0\stm32cubeide\plugins\com.st.stm32cube.ide.mcu.externaltools.gnu-tools-for-stm32.10.3-2021.10.win32_1.0.100.202210260954\tools\arm-none-eabi\bin\ld.exe: ./Core/Src/scurve.o:C:/FRA222_MICROCONTROLLER/PositionControl/Debug/../Core/Inc/scurve.h:20: multiple definition of `setacceleration'; ./Core/Src/main.o:C:/FRA222_MICROCONTROLLER/PositionControl/Debug/../Core/Inc/scurve.h:20: first defined here
c:\st\stm32cubeide_1.11.0\stm32cubeide\plugins\com.st.stm32cube.ide.mcu.externaltools.gnu-tools-for-stm32.10.3-2021.10.win32_1.0.100.202210260954\tools\arm-none-eabi\bin\ld.exe: ./Core/Src/scurve.o:C:/FRA222_MICROCONTROLLER/PositionControl/Debug/../Core/Inc/scurve.h:22: multiple definition of `initial_p'; ./Core/Src/main.o:C:/FRA222_MICROCONTROLLER/PositionControl/Debug/../Core/Inc/scurve.h:22: first defined here
c:\st\stm32cubeide_1.11.0\stm32cubeide\plugins\com.st.stm32cube.ide.mcu.externaltools.gnu-tools-for-stm32.10.3-2021.10.win32_1.0.100.202210260954\tools\arm-none-eabi\bin\ld.exe: ./Core/Src/scurve.o:C:/FRA222_MICROCONTROLLER/PositionControl/Debug/../Core/Inc/scurve.h:23: multiple definition of `target_p'; ./Core/Src/main.o:C:/FRA222_MICROCONTROLLER/PositionControl/Debug/../Core/Inc/scurve.h:23: first defined here
c:\st\stm32cubeide_1.11.0\stm32cubeide\plugins\com.st.stm32cube.ide.mcu.externaltools.gnu-tools-for-stm32.10.3-2021.10.win32_1.0.100.202210260954\tools\arm-none-eabi\bin\ld.exe: ./Core/Src/scurve.o:C:/FRA222_MICROCONTROLLER/PositionControl/Debug/../Core/Inc/scurve.h:24: multiple definition of `Ltarget_p'; ./Core/Src/main.o:C:/FRA222_MICROCONTROLLER/PositionControl/Debug/../Core/Inc/scurve.h:24: first defined here
c:\st\stm32cubeide_1.11.0\stm32cubeide\plugins\com.st.stm32cube.ide.mcu.externaltools.gnu-tools-for-stm32.10.3-2021.10.win32_1.0.100.202210260954\tools\arm-none-eabi\bin\ld.exe: ./Core/Src/scurve.o:C:/FRA222_MICROCONTROLLER/PositionControl/Debug/../Core/Inc/scurve.h:25: multiple definition of `Target_set'; ./Core/Src/main.o:C:/FRA222_MICROCONTROLLER/PositionControl/Debug/../Core/Inc/scurve.h:25: first defined here
c:\st\stm32cubeide_1.11.0\stm32cubeide\plugins\com.st.stm32cube.ide.mcu.externaltools.gnu-tools-for-stm32.10.3-2021.10.win32_1.0.100.202210260954\tools\arm-none-eabi\bin\ld.exe: ./Core/Src/scurve.o:C:/FRA222_MICROCONTROLLER/PositionControl/Debug/../Core/Inc/scurve.h:27: multiple definition of `time_total'; ./Core/Src/main.o:C:/FRA222_MICROCONTROLLER/PositionControl/Debug/../Core/Inc/scurve.h:27: first defined here
c:\st\stm32cubeide_1.11.0\stm32cubeide\plugins\com.st.stm32cube.ide.mcu.externaltools.gnu-tools-for-stm32.10.3-2021.10.win32_1.0.100.202210260954\tools\arm-none-eabi\bin\ld.exe: ./Core/Src/scurve.o:C:/FRA222_MICROCONTROLLER/PositionControl/Debug/../Core/Inc/scurve.h:28: multiple definition of `t'; ./Core/Src/main.o:C:/FRA222_MICROCONTROLLER/PositionControl/Debug/../Core/Inc/scurve.h:28: first defined here
c:\st\stm32cubeide_1.11.0\stm32cubeide\plugins\com.st.stm32cube.ide.mcu.externaltools.gnu-tools-for-stm32.10.3-2021.10.win32_1.0.100.202210260954\tools\arm-none-eabi\bin\ld.exe: ./Core/Src/scurve.o:C:/FRA222_MICROCONTROLLER/PositionControl/Debug/../Core/Inc/scurve.h:28: multiple definition of `tj'; ./Core/Src/main.o:C:/FRA222_MICROCONTROLLER/PositionControl/Debug/../Core/Inc/scurve.h:28: first defined here
c:\st\stm32cubeide_1.11.0\stm32cubeide\plugins\com.st.stm32cube.ide.mcu.externaltools.gnu-tools-for-stm32.10.3-2021.10.win32_1.0.100.202210260954\tools\arm-none-eabi\bin\ld.exe: ./Core/Src/scurve.o:C:/FRA222_MICROCONTROLLER/PositionControl/Debug/../Core/Inc/scurve.h:28: multiple definition of `ta'; ./Core/Src/main.o:C:/FRA222_MICROCONTROLLER/PositionControl/Debug/../Core/Inc/scurve.h:28: first defined here
c:\st\stm32cubeide_1.11.0\stm32cubeide\plugins\com.st.stm32cube.ide.mcu.externaltools.gnu-tools-for-stm32.10.3-2021.10.win32_1.0.100.202210260954\tools\arm-none-eabi\bin\ld.exe: ./Core/Src/scurve.o:C:/FRA222_MICROCONTROLLER/PositionControl/Debug/../Core/Inc/scurve.h:28: multiple definition of `tv'; ./Core/Src/main.o:C:/FRA222_MICROCONTROLLER/PositionControl/Debug/../Core/Inc/scurve.h:28: first defined here
c:\st\stm32cubeide_1.11.0\stm32cubeide\plugins\com.st.stm32cube.ide.mcu.externaltools.gnu-tools-for-stm32.10.3-2021.10.win32_1.0.100.202210260954\tools\arm-none-eabi\bin\ld.exe: ./Core/Src/scurve.o:C:/FRA222_MICROCONTROLLER/PositionControl/Debug/../Core/Inc/scurve.h:28: multiple definition of `t1'; ./Core/Src/main.o:C:/FRA222_MICROCONTROLLER/PositionControl/Debug/../Core/Inc/scurve.h:28: first defined here
c:\st\stm32cubeide_1.11.0\stm32cubeide\plugins\com.st.stm32cube.ide.mcu.externaltools.gnu-tools-for-stm32.10.3-2021.10.win32_1.0.100.202210260954\tools\arm-none-eabi\bin\ld.exe: ./Core/Src/scurve.o:C:/FRA222_MICROCONTROLLER/PositionControl/Debug/../Core/Inc/scurve.h:28: multiple definition of `t2'; ./Core/Src/main.o:C:/FRA222_MICROCONTROLLER/PositionControl/Debug/../Core/Inc/scurve.h:28: first defined here
c:\st\stm32cubeide_1.11.0\stm32cubeide\plugins\com.st.stm32cube.ide.mcu.externaltools.gnu-tools-for-stm32.10.3-2021.10.win32_1.0.100.202210260954\tools\arm-none-eabi\bin\ld.exe: ./Core/Src/scurve.o:C:/FRA222_MICROCONTROLLER/PositionControl/Debug/../Core/Inc/scurve.h:28: multiple definition of `t3'; ./Core/Src/main.o:C:/FRA222_MICROCONTROLLER/PositionControl/Debug/../Core/Inc/scurve.h:28: first defined here
c:\st\stm32cubeide_1.11.0\stm32cubeide\plugins\com.st.stm32cube.ide.mcu.externaltools.gnu-tools-for-stm32.10.3-2021.10.win32_1.0.100.202210260954\tools\arm-none-eabi\bin\ld.exe: ./Core/Src/scurve.o:C:/FRA222_MICROCONTROLLER/PositionControl/Debug/../Core/Inc/scurve.h:28: multiple definition of `t4'; ./Core/Src/main.o:C:/FRA222_MICROCONTROLLER/PositionControl/Debug/../Core/Inc/scurve.h:28: first defined here
c:\st\stm32cubeide_1.11.0\stm32cubeide\plugins\com.st.stm32cube.ide.mcu.externaltools.gnu-tools-for-stm32.10.3-2021.10.win32_1.0.100.202210260954\tools\arm-none-eabi\bin\ld.exe: ./Core/Src/scurve.o:C:/FRA222_MICROCONTROLLER/PositionControl/Debug/../Core/Inc/scurve.h:28: multiple definition of `t5'; ./Core/Src/main.o:C:/FRA222_MICROCONTROLLER/PositionControl/Debug/../Core/Inc/scurve.h:28: first defined here
c:\st\stm32cubeide_1.11.0\stm32cubeide\plugins\com.st.stm32cube.ide.mcu.externaltools.gnu-tools-for-stm32.10.3-2021.10.win32_1.0.100.202210260954\tools\arm-none-eabi\bin\ld.exe: ./Core/Src/scurve.o:C:/FRA222_MICROCONTROLLER/PositionControl/Debug/../Core/Inc/scurve.h:28: multiple definition of `t6'; ./Core/Src/main.o:C:/FRA222_MICROCONTROLLER/PositionControl/Debug/../Core/Inc/scurve.h:28: first defined here
c:\st\stm32cubeide_1.11.0\stm32cubeide\plugins\com.st.stm32cube.ide.mcu.externaltools.gnu-tools-for-stm32.10.3-2021.10.win32_1.0.100.202210260954\tools\arm-none-eabi\bin\ld.exe: ./Core/Src/scurve.o:C:/FRA222_MICROCONTROLLER/PositionControl/Debug/../Core/Inc/scurve.h:28: multiple definition of `t7'; ./Core/Src/main.o:C:/FRA222_MICROCONTROLLER/PositionControl/Debug/../Core/Inc/scurve.h:28: first defined here
c:\st\stm32cubeide_1.11.0\stm32cubeide\plugins\com.st.stm32cube.ide.mcu.externaltools.gnu-tools-for-stm32.10.3-2021.10.win32_1.0.100.202210260954\tools\arm-none-eabi\bin\ld.exe: ./Core/Src/scurve.o:C:/FRA222_MICROCONTROLLER/PositionControl/Debug/../Core/Inc/scurve.h:29: multiple definition of `dataset'; ./Core/Src/main.o:C:/FRA222_MICROCONTROLLER/PositionControl/Debug/../Core/Inc/scurve.h:29: first defined here
c:\st\stm32cubeide_1.11.0\stm32cubeide\plugins\com.st.stm32cube.ide.mcu.externaltools.gnu-tools-for-stm32.10.3-2021.10.win32_1.0.100.202210260954\tools\arm-none-eabi\bin\ld.exe: ./Core/Src/scurve.o:C:/FRA222_MICROCONTROLLER/PositionControl/Debug/../Core/Inc/scurve.h:31: multiple definition of `i'; ./Core/Src/main.o:C:/FRA222_MICROCONTROLLER/PositionControl/Debug/../Core/Inc/scurve.h:31: first defined here
c:\st\stm32cubeide_1.11.0\stm32cubeide\plugins\com.st.stm32cube.ide.mcu.externaltools.gnu-tools-for-stm32.10.3-2021.10.win32_1.0.100.202210260954\tools\arm-none-eabi\bin\ld.exe: ./Core/Src/scurve.o:C:/FRA222_MICROCONTROLLER/PositionControl/Debug/../Core/Inc/scurve.h:32: multiple definition of `dir'; ./Core/Src/main.o:C:/FRA222_MICROCONTROLLER/PositionControl/Debug/../Core/Inc/scurve.h:32: first defined here
collect2.exe: error: ld returned 1 exit status
make: *** [makefile:64: PositionControl.elf] Error 1
"make -j16 all" terminated with exit code 2. Build might be incomplete.
14:44:23 **** Incremental Build of configuration Debug for project PositionControl ****
make -j16 all 
arm-none-eabi-gcc "../Core/Src/main.c" -mcpu=cortex-m4 -std=gnu11 -g3 -DDEBUG -DUSE_HAL_DRIVER -DSTM32F411xE -c -I../Core/Inc -I../Drivers/STM32F4xx_HAL_Driver/Inc -I../Drivers/STM32F4xx_HAL_Driver/Inc/Legacy -I../Drivers/CMSIS/Device/ST/STM32F4xx/Include -I../Drivers/CMSIS/Include -O0 -ffunction-sections -fdata-sections -Wall -fstack-usage -MMD -MP -MF"Core/Src/main.d" -MT"Core/Src/main.o" --specs=nano.specs -mfpu=fpv4-sp-d16 -mfloat-abi=hard -mthumb -o "Core/Src/main.o"
arm-none-eabi-gcc "../Core/Src/scurve.c" -mcpu=cortex-m4 -std=gnu11 -g3 -DDEBUG -DUSE_HAL_DRIVER -DSTM32F411xE -c -I../Core/Inc -I../Drivers/STM32F4xx_HAL_Driver/Inc -I../Drivers/STM32F4xx_HAL_Driver/Inc/Legacy -I../Drivers/CMSIS/Device/ST/STM32F4xx/Include -I../Drivers/CMSIS/Include -O0 -ffunction-sections -fdata-sections -Wall -fstack-usage -MMD -MP -MF"Core/Src/scurve.d" -MT"Core/Src/scurve.o" --specs=nano.specs -mfpu=fpv4-sp-d16 -mfloat-abi=hard -mthumb -o "Core/Src/scurve.o"
../Core/Src/scurve.c: In function 'Trajectory_Generator':
../Core/Src/scurve.c:53:9: warning: implicit declaration of function 'abs' [-Wimplicit-function-declaration]
   53 |     s = abs(target_p - initial_p);
      |         ^~~
../Core/Src/scurve.c: In function 'Trajectory_Evaluated':
../Core/Src/scurve.c:206:32: warning: 'return' with a value, in function returning void [-Wreturn-type]
  206 |  return setposition,setvelocity,setacceleration;
      |                                ^
../Core/Src/scurve.c:128:6: note: declared here
  128 | void Trajectory_Evaluated(float vmax,float amax,float jmax){
      |      ^~~~~~~~~~~~~~~~~~~~
../Core/Src/main.c: In function 'Controller':
../Core/Src/main.c:468:10: error: 'setposition' undeclared (first use in this function); did you mean 'QEIposition'?
  468 |  error = setposition - QEIposition;
      |          ^~~~~~~~~~~
      |          QEIposition
../Core/Src/main.c:468:10: note: each undeclared identifier is reported only once for each function it appears in
../Core/Src/main.c: In function 'HAL_TIM_PeriodElapsedCallback':
../Core/Src/main.c:490:14: error: 'setposition' undeclared (first use in this function); did you mean 'QEIposition'?
  490 |    float s = setposition;
      |              ^~~~~~~~~~~
      |              QEIposition
../Core/Src/main.c:491:14: error: 'setvelocity' undeclared (first use in this function)
  491 |    float v = setvelocity;
      |              ^~~~~~~~~~~
../Core/Src/main.c:492:14: error: 'setacceleration' undeclared (first use in this function)
  492 |    float a = setacceleration;
      |              ^~~~~~~~~~~~~~~
../Core/Src/main.c:493:47: error: 't' undeclared (first use in this function)
  493 |    sprintf(TxBuffer,"%.2f %.2f %.2f %.2f\r\n",t * 1000,s,v,a);
      |                                               ^
../Core/Src/main.c: In function 'Trajectory_Algolithms':
../Core/Src/main.c:500:2: error: 'target_p' undeclared (first use in this function)
  500 |  target_p = Target_set;
      |  ^~~~~~~~
../Core/Src/main.c:500:13: error: 'Target_set' undeclared (first use in this function)
  500 |  target_p = Target_set;
      |             ^~~~~~~~~~
../Core/Src/main.c:501:17: error: 'Ltarget_p' undeclared (first use in this function)
  501 |  if(target_p != Ltarget_p){
      |                 ^~~~~~~~~
../Core/Src/main.c:502:3: error: 't' undeclared (first use in this function)
  502 |   t = 0;
      |   ^
../Core/Src/main.c:503:3: error: 'initial_p' undeclared (first use in this function)
  503 |   initial_p = setposition;
      |   ^~~~~~~~~
../Core/Src/main.c:503:15: error: 'setposition' undeclared (first use in this function); did you mean 'QEIposition'?
  503 |   initial_p = setposition;
      |               ^~~~~~~~~~~
      |               QEIposition
../Core/Src/main.c:506:10: error: 'time_total' undeclared (first use in this function); did you mean 'timeval'?
  506 |  if(t <= time_total){
      |          ^~~~~~~~~~
      |          timeval
../Core/Src/main.c:514:3: error: 'setvelocity' undeclared (first use in this function)
  514 |   setvelocity = 0;
      |   ^~~~~~~~~~~
../Core/Src/main.c:515:3: error: 'setacceleration' undeclared (first use in this function)
  515 |   setacceleration = 0;
      |   ^~~~~~~~~~~~~~~
make: *** [Core/Src/subdir.mk:37: Core/Src/main.o] Error 1
make: *** Waiting for unfinished jobs....
"make -j16 all" terminated with exit code 2. Build might be incomplete.
14:47:03 **** Incremental Build of configuration Debug for project PositionControl ****
make -j16 all 
arm-none-eabi-gcc "../Core/Src/main.c" -mcpu=cortex-m4 -std=gnu11 -g3 -DDEBUG -DUSE_HAL_DRIVER -DSTM32F411xE -c -I../Core/Inc -I../Drivers/STM32F4xx_HAL_Driver/Inc -I../Drivers/STM32F4xx_HAL_Driver/Inc/Legacy -I../Drivers/CMSIS/Device/ST/STM32F4xx/Include -I../Drivers/CMSIS/Include -O0 -ffunction-sections -fdata-sections -Wall -fstack-usage -MMD -MP -MF"Core/Src/main.d" -MT"Core/Src/main.o" --specs=nano.specs -mfpu=fpv4-sp-d16 -mfloat-abi=hard -mthumb -o "Core/Src/main.o"
../Core/Src/main.c: In function 'Controller':
../Core/Src/main.c:468:10: error: 'setposition' undeclared (first use in this function); did you mean 'QEIposition'?
  468 |  error = setposition - QEIposition;
      |          ^~~~~~~~~~~
      |          QEIposition
../Core/Src/main.c:468:10: note: each undeclared identifier is reported only once for each function it appears in
../Core/Src/main.c: In function 'HAL_TIM_PeriodElapsedCallback':
../Core/Src/main.c:490:14: error: 'setposition' undeclared (first use in this function); did you mean 'QEIposition'?
  490 |    float s = setposition;
      |              ^~~~~~~~~~~
      |              QEIposition
../Core/Src/main.c:491:14: error: 'setvelocity' undeclared (first use in this function)
  491 |    float v = setvelocity;
      |              ^~~~~~~~~~~
../Core/Src/main.c:492:14: error: 'setacceleration' undeclared (first use in this function)
  492 |    float a = setacceleration;
      |              ^~~~~~~~~~~~~~~
../Core/Src/main.c:493:47: error: 't' undeclared (first use in this function)
  493 |    sprintf(TxBuffer,"%.2f %.2f %.2f %.2f\r\n",t * 1000,s,v,a);
      |                                               ^
../Core/Src/main.c: In function 'Trajectory_Algolithms':
../Core/Src/main.c:500:2: error: 'target_p' undeclared (first use in this function)
  500 |  target_p = Target_set;
      |  ^~~~~~~~
../Core/Src/main.c:500:13: error: 'Target_set' undeclared (first use in this function)
  500 |  target_p = Target_set;
      |             ^~~~~~~~~~
../Core/Src/main.c:501:17: error: 'Ltarget_p' undeclared (first use in this function)
  501 |  if(target_p != Ltarget_p){
      |                 ^~~~~~~~~
../Core/Src/main.c:502:3: error: 't' undeclared (first use in this function)
  502 |   t = 0;
      |   ^
../Core/Src/main.c:503:3: error: 'initial_p' undeclared (first use in this function)
  503 |   initial_p = setposition;
      |   ^~~~~~~~~
../Core/Src/main.c:503:15: error: 'setposition' undeclared (first use in this function); did you mean 'QEIposition'?
  503 |   initial_p = setposition;
      |               ^~~~~~~~~~~
      |               QEIposition
../Core/Src/main.c:506:10: error: 'time_total' undeclared (first use in this function); did you mean 'timeval'?
  506 |  if(t <= time_total){
      |          ^~~~~~~~~~
      |          timeval
../Core/Src/main.c:514:3: error: 'setvelocity' undeclared (first use in this function)
  514 |   setvelocity = 0;
      |   ^~~~~~~~~~~
../Core/Src/main.c:515:3: error: 'setacceleration' undeclared (first use in this function)
  515 |   setacceleration = 0;
      |   ^~~~~~~~~~~~~~~
make: *** [Core/Src/subdir.mk:37: Core/Src/main.o] Error 1
"make -j16 all" terminated with exit code 2. Build might be incomplete.
14:56:00 **** Incremental Build of configuration Debug for project PositionControl ****
make -j16 all 
arm-none-eabi-gcc "../Core/Src/main.c" -mcpu=cortex-m4 -std=gnu11 -g3 -DDEBUG -DUSE_HAL_DRIVER -DSTM32F411xE -c -I../Core/Inc -I../Drivers/STM32F4xx_HAL_Driver/Inc -I../Drivers/STM32F4xx_HAL_Driver/Inc/Legacy -I../Drivers/CMSIS/Device/ST/STM32F4xx/Include -I../Drivers/CMSIS/Include -O0 -ffunction-sections -fdata-sections -Wall -fstack-usage -MMD -MP -MF"Core/Src/main.d" -MT"Core/Src/main.o" --specs=nano.specs -mfpu=fpv4-sp-d16 -mfloat-abi=hard -mthumb -o "Core/Src/main.o"
arm-none-eabi-gcc "../Core/Src/scurve.c" -mcpu=cortex-m4 -std=gnu11 -g3 -DDEBUG -DUSE_HAL_DRIVER -DSTM32F411xE -c -I../Core/Inc -I../Drivers/STM32F4xx_HAL_Driver/Inc -I../Drivers/STM32F4xx_HAL_Driver/Inc/Legacy -I../Drivers/CMSIS/Device/ST/STM32F4xx/Include -I../Drivers/CMSIS/Include -O0 -ffunction-sections -fdata-sections -Wall -fstack-usage -MMD -MP -MF"Core/Src/scurve.d" -MT"Core/Src/scurve.o" --specs=nano.specs -mfpu=fpv4-sp-d16 -mfloat-abi=hard -mthumb -o "Core/Src/scurve.o"
../Core/Src/scurve.c: In function 'Trajectory_Generator':
../Core/Src/scurve.c:52:9: warning: implicit declaration of function 'abs' [-Wimplicit-function-declaration]
   52 |     s = abs(target_p - initial_p);
      |         ^~~
../Core/Src/scurve.c: In function 'Trajectory_Evaluated':
../Core/Src/scurve.c:205:32: warning: 'return' with a value, in function returning void [-Wreturn-type]
  205 |  return setposition,setvelocity,setacceleration;
      |                                ^
../Core/Src/scurve.c:127:6: note: declared here
  127 | void Trajectory_Evaluated(float vmax,float amax,float jmax){
      |      ^~~~~~~~~~~~~~~~~~~~
../Core/Src/main.c: In function 'Controller':
../Core/Src/main.c:470:10: error: 'setposition' undeclared (first use in this function); did you mean 'QEIposition'?
  470 |  error = setposition - QEIposition;
      |          ^~~~~~~~~~~
      |          QEIposition
../Core/Src/main.c:470:10: note: each undeclared identifier is reported only once for each function it appears in
../Core/Src/main.c: In function 'HAL_TIM_PeriodElapsedCallback':
../Core/Src/main.c:492:14: error: 'setposition' undeclared (first use in this function); did you mean 'QEIposition'?
  492 |    float s = setposition;
      |              ^~~~~~~~~~~
      |              QEIposition
../Core/Src/main.c:493:14: error: 'setvelocity' undeclared (first use in this function)
  493 |    float v = setvelocity;
      |              ^~~~~~~~~~~
../Core/Src/main.c:494:14: error: 'setacceleration' undeclared (first use in this function)
  494 |    float a = setacceleration;
      |              ^~~~~~~~~~~~~~~
../Core/Src/main.c:495:47: error: 't' undeclared (first use in this function)
  495 |    sprintf(TxBuffer,"%.2f %.2f %.2f %.2f\r\n",t * 1000,s,v,a);
      |                                               ^
../Core/Src/main.c: In function 'Trajectory_Algolithms':
../Core/Src/main.c:502:2: error: 'target_p' undeclared (first use in this function); did you mean 'Target_set'?
  502 |  target_p = Target_set;
      |  ^~~~~~~~
      |  Target_set
../Core/Src/main.c:503:17: error: 'Ltarget_p' undeclared (first use in this function)
  503 |  if(target_p != Ltarget_p){
      |                 ^~~~~~~~~
../Core/Src/main.c:504:3: error: 't' undeclared (first use in this function)
  504 |   t = 0;
      |   ^
../Core/Src/main.c:505:3: error: 'initial_p' undeclared (first use in this function)
  505 |   initial_p = setposition;
      |   ^~~~~~~~~
../Core/Src/main.c:505:15: error: 'setposition' undeclared (first use in this function); did you mean 'QEIposition'?
  505 |   initial_p = setposition;
      |               ^~~~~~~~~~~
      |               QEIposition
../Core/Src/main.c:508:10: error: 'time_total' undeclared (first use in this function); did you mean 'timeval'?
  508 |  if(t <= time_total){
      |          ^~~~~~~~~~
      |          timeval
../Core/Src/main.c:516:3: error: 'setvelocity' undeclared (first use in this function)
  516 |   setvelocity = 0;
      |   ^~~~~~~~~~~
../Core/Src/main.c:517:3: error: 'setacceleration' undeclared (first use in this function)
  517 |   setacceleration = 0;
      |   ^~~~~~~~~~~~~~~
make: *** [Core/Src/subdir.mk:37: Core/Src/main.o] Error 1
make: *** Waiting for unfinished jobs....
"make -j16 all" terminated with exit code 2. Build might be incomplete.
14:57:22 **** Incremental Build of configuration Debug for project PositionControl ****
make -j16 all 
arm-none-eabi-gcc "../Core/Src/main.c" -mcpu=cortex-m4 -std=gnu11 -g3 -DDEBUG -DUSE_HAL_DRIVER -DSTM32F411xE -c -I../Core/Inc -I../Drivers/STM32F4xx_HAL_Driver/Inc -I../Drivers/STM32F4xx_HAL_Driver/Inc/Legacy -I../Drivers/CMSIS/Device/ST/STM32F4xx/Include -I../Drivers/CMSIS/Include -O0 -ffunction-sections -fdata-sections -Wall -fstack-usage -MMD -MP -MF"Core/Src/main.d" -MT"Core/Src/main.o" --specs=nano.specs -mfpu=fpv4-sp-d16 -mfloat-abi=hard -mthumb -o "Core/Src/main.o"
arm-none-eabi-gcc "../Core/Src/scurve.c" -mcpu=cortex-m4 -std=gnu11 -g3 -DDEBUG -DUSE_HAL_DRIVER -DSTM32F411xE -c -I../Core/Inc -I../Drivers/STM32F4xx_HAL_Driver/Inc -I../Drivers/STM32F4xx_HAL_Driver/Inc/Legacy -I../Drivers/CMSIS/Device/ST/STM32F4xx/Include -I../Drivers/CMSIS/Include -O0 -ffunction-sections -fdata-sections -Wall -fstack-usage -MMD -MP -MF"Core/Src/scurve.d" -MT"Core/Src/scurve.o" --specs=nano.specs -mfpu=fpv4-sp-d16 -mfloat-abi=hard -mthumb -o "Core/Src/scurve.o"
../Core/Src/scurve.c: In function 'Trajectory_Generator':
../Core/Src/scurve.c:52:9: warning: implicit declaration of function 'abs' [-Wimplicit-function-declaration]
   52 |     s = abs(target_p - initial_p);
      |         ^~~
../Core/Src/scurve.c: At top level:
../Core/Src/scurve.c:127:7: error: conflicting types for 'Trajectory_Evaluated'
  127 | float Trajectory_Evaluated(float vmax,float amax,float jmax){
      |       ^~~~~~~~~~~~~~~~~~~~
In file included from ../Core/Src/scurve.c:7:
../Core/Inc/scurve.h:15:6: note: previous declaration of 'Trajectory_Evaluated' was here
   15 | void Trajectory_Evaluated(float vmax,float amax,float jmax);
      |      ^~~~~~~~~~~~~~~~~~~~
../Core/Src/scurve.c: In function 'Trajectory_Evaluated':
../Core/Src/scurve.c:205:10: warning: left-hand operand of comma expression has no effect [-Wunused-value]
  205 |  return t,setposition,setvelocity,setacceleration;
      |          ^
../Core/Src/main.c: In function 'Controller':
../Core/Src/main.c:470:10: error: 'setposition' undeclared (first use in this function); did you mean 'QEIposition'?
  470 |  error = setposition - QEIposition;
      |          ^~~~~~~~~~~
      |          QEIposition
../Core/Src/main.c:470:10: note: each undeclared identifier is reported only once for each function it appears in
../Core/Src/main.c: In function 'HAL_TIM_PeriodElapsedCallback':
../Core/Src/main.c:492:14: error: 'setposition' undeclared (first use in this function); did you mean 'QEIposition'?
  492 |    float s = setposition;
      |              ^~~~~~~~~~~
      |              QEIposition
make: *** [Core/Src/subdir.mk:37: Core/Src/scurve.o] Error 1
make: *** Waiting for unfinished jobs....
../Core/Src/main.c:493:14: error: 'setvelocity' undeclared (first use in this function)
  493 |    float v = setvelocity;
      |              ^~~~~~~~~~~
../Core/Src/main.c:494:14: error: 'setacceleration' undeclared (first use in this function)
  494 |    float a = setacceleration;
      |              ^~~~~~~~~~~~~~~
../Core/Src/main.c:495:47: error: 't' undeclared (first use in this function)
  495 |    sprintf(TxBuffer,"%.2f %.2f %.2f %.2f\r\n",t * 1000,s,v,a);
      |                                               ^
../Core/Src/main.c: In function 'Trajectory_Algolithms':
../Core/Src/main.c:502:2: error: 'target_p' undeclared (first use in this function); did you mean 'Target_set'?
  502 |  target_p = Target_set;
      |  ^~~~~~~~
      |  Target_set
../Core/Src/main.c:503:17: error: 'Ltarget_p' undeclared (first use in this function)
  503 |  if(target_p != Ltarget_p){
      |                 ^~~~~~~~~
../Core/Src/main.c:504:3: error: 't' undeclared (first use in this function)
  504 |   t = 0;
      |   ^
../Core/Src/main.c:505:3: error: 'initial_p' undeclared (first use in this function)
  505 |   initial_p = setposition;
      |   ^~~~~~~~~
../Core/Src/main.c:505:15: error: 'setposition' undeclared (first use in this function); did you mean 'QEIposition'?
  505 |   initial_p = setposition;
      |               ^~~~~~~~~~~
      |               QEIposition
../Core/Src/main.c:508:10: error: 'time_total' undeclared (first use in this function); did you mean 'timeval'?
  508 |  if(t <= time_total){
      |          ^~~~~~~~~~
      |          timeval
../Core/Src/main.c:516:3: error: 'setvelocity' undeclared (first use in this function)
  516 |   setvelocity = 0;
      |   ^~~~~~~~~~~
../Core/Src/main.c:517:3: error: 'setacceleration' undeclared (first use in this function)
  517 |   setacceleration = 0;
      |   ^~~~~~~~~~~~~~~
make: *** [Core/Src/subdir.mk:37: Core/Src/main.o] Error 1
"make -j16 all" terminated with exit code 2. Build might be incomplete.
14:57:49 **** Incremental Build of configuration Debug for project PositionControl ****
make -j16 all 
arm-none-eabi-gcc "../Core/Src/main.c" -mcpu=cortex-m4 -std=gnu11 -g3 -DDEBUG -DUSE_HAL_DRIVER -DSTM32F411xE -c -I../Core/Inc -I../Drivers/STM32F4xx_HAL_Driver/Inc -I../Drivers/STM32F4xx_HAL_Driver/Inc/Legacy -I../Drivers/CMSIS/Device/ST/STM32F4xx/Include -I../Drivers/CMSIS/Include -O0 -ffunction-sections -fdata-sections -Wall -fstack-usage -MMD -MP -MF"Core/Src/main.d" -MT"Core/Src/main.o" --specs=nano.specs -mfpu=fpv4-sp-d16 -mfloat-abi=hard -mthumb -o "Core/Src/main.o"
arm-none-eabi-gcc "../Core/Src/scurve.c" -mcpu=cortex-m4 -std=gnu11 -g3 -DDEBUG -DUSE_HAL_DRIVER -DSTM32F411xE -c -I../Core/Inc -I../Drivers/STM32F4xx_HAL_Driver/Inc -I../Drivers/STM32F4xx_HAL_Driver/Inc/Legacy -I../Drivers/CMSIS/Device/ST/STM32F4xx/Include -I../Drivers/CMSIS/Include -O0 -ffunction-sections -fdata-sections -Wall -fstack-usage -MMD -MP -MF"Core/Src/scurve.d" -MT"Core/Src/scurve.o" --specs=nano.specs -mfpu=fpv4-sp-d16 -mfloat-abi=hard -mthumb -o "Core/Src/scurve.o"
../Core/Src/scurve.c: In function 'Trajectory_Generator':
../Core/Src/scurve.c:52:9: warning: implicit declaration of function 'abs' [-Wimplicit-function-declaration]
   52 |     s = abs(target_p - initial_p);
      |         ^~~
../Core/Src/scurve.c: In function 'Trajectory_Evaluated':
../Core/Src/scurve.c:205:10: warning: left-hand operand of comma expression has no effect [-Wunused-value]
  205 |  return t,setposition,setvelocity,setacceleration;
      |          ^
../Core/Src/scurve.c: In function 'Trajectory_Generator':
../Core/Src/scurve.c:125:1: warning: control reaches end of non-void function [-Wreturn-type]
  125 | }
      | ^
../Core/Src/main.c: In function 'Controller':
../Core/Src/main.c:470:10: error: 'setposition' undeclared (first use in this function); did you mean 'QEIposition'?
  470 |  error = setposition - QEIposition;
      |          ^~~~~~~~~~~
      |          QEIposition
../Core/Src/main.c:470:10: note: each undeclared identifier is reported only once for each function it appears in
../Core/Src/main.c: In function 'HAL_TIM_PeriodElapsedCallback':
../Core/Src/main.c:492:14: error: 'setposition' undeclared (first use in this function); did you mean 'QEIposition'?
  492 |    float s = setposition;
      |              ^~~~~~~~~~~
      |              QEIposition
../Core/Src/main.c:493:14: error: 'setvelocity' undeclared (first use in this function)
  493 |    float v = setvelocity;
      |              ^~~~~~~~~~~
../Core/Src/main.c:494:14: error: 'setacceleration' undeclared (first use in this function)
  494 |    float a = setacceleration;
      |              ^~~~~~~~~~~~~~~
../Core/Src/main.c:495:47: error: 't' undeclared (first use in this function)
  495 |    sprintf(TxBuffer,"%.2f %.2f %.2f %.2f\r\n",t * 1000,s,v,a);
      |                                               ^
../Core/Src/main.c: In function 'Trajectory_Algolithms':
../Core/Src/main.c:502:2: error: 'target_p' undeclared (first use in this function); did you mean 'Target_set'?
  502 |  target_p = Target_set;
      |  ^~~~~~~~
      |  Target_set
../Core/Src/main.c:503:17: error: 'Ltarget_p' undeclared (first use in this function)
  503 |  if(target_p != Ltarget_p){
      |                 ^~~~~~~~~
../Core/Src/main.c:504:3: error: 't' undeclared (first use in this function)
  504 |   t = 0;
      |   ^
../Core/Src/main.c:505:3: error: 'initial_p' undeclared (first use in this function)
  505 |   initial_p = setposition;
      |   ^~~~~~~~~
../Core/Src/main.c:505:15: error: 'setposition' undeclared (first use in this function); did you mean 'QEIposition'?
  505 |   initial_p = setposition;
      |               ^~~~~~~~~~~
      |               QEIposition
../Core/Src/main.c:508:10: error: 'time_total' undeclared (first use in this function); did you mean 'timeval'?
  508 |  if(t <= time_total){
      |          ^~~~~~~~~~
      |          timeval
../Core/Src/main.c:516:3: error: 'setvelocity' undeclared (first use in this function)
  516 |   setvelocity = 0;
      |   ^~~~~~~~~~~
../Core/Src/main.c:517:3: error: 'setacceleration' undeclared (first use in this function)
  517 |   setacceleration = 0;
      |   ^~~~~~~~~~~~~~~
make: *** [Core/Src/subdir.mk:37: Core/Src/main.o] Error 1
make: *** Waiting for unfinished jobs....
"make -j16 all" terminated with exit code 2. Build might be incomplete.
14:59:00 **** Incremental Build of configuration Debug for project PositionControl ****
make -j16 all 
arm-none-eabi-gcc "../Core/Src/main.c" -mcpu=cortex-m4 -std=gnu11 -g3 -DDEBUG -DUSE_HAL_DRIVER -DSTM32F411xE -c -I../Core/Inc -I../Drivers/STM32F4xx_HAL_Driver/Inc -I../Drivers/STM32F4xx_HAL_Driver/Inc/Legacy -I../Drivers/CMSIS/Device/ST/STM32F4xx/Include -I../Drivers/CMSIS/Include -O0 -ffunction-sections -fdata-sections -Wall -fstack-usage -MMD -MP -MF"Core/Src/main.d" -MT"Core/Src/main.o" --specs=nano.specs -mfpu=fpv4-sp-d16 -mfloat-abi=hard -mthumb -o "Core/Src/main.o"
arm-none-eabi-gcc "../Core/Src/scurve.c" -mcpu=cortex-m4 -std=gnu11 -g3 -DDEBUG -DUSE_HAL_DRIVER -DSTM32F411xE -c -I../Core/Inc -I../Drivers/STM32F4xx_HAL_Driver/Inc -I../Drivers/STM32F4xx_HAL_Driver/Inc/Legacy -I../Drivers/CMSIS/Device/ST/STM32F4xx/Include -I../Drivers/CMSIS/Include -O0 -ffunction-sections -fdata-sections -Wall -fstack-usage -MMD -MP -MF"Core/Src/scurve.d" -MT"Core/Src/scurve.o" --specs=nano.specs -mfpu=fpv4-sp-d16 -mfloat-abi=hard -mthumb -o "Core/Src/scurve.o"
../Core/Src/scurve.c: In function 'Trajectory_Generator':
../Core/Src/scurve.c:51:9: warning: implicit declaration of function 'abs' [-Wimplicit-function-declaration]
   51 |     s = abs(target_p - initial_p);
      |         ^~~
../Core/Src/scurve.c: In function 'Trajectory_Evaluated':
../Core/Src/scurve.c:204:10: warning: left-hand operand of comma expression has no effect [-Wunused-value]
  204 |  return t,setposition,setvelocity,setacceleration;
      |          ^
../Core/Src/scurve.c: In function 'Trajectory_Generator':
../Core/Src/scurve.c:124:1: warning: control reaches end of non-void function [-Wreturn-type]
  124 | }
      | ^
../Core/Src/main.c: In function 'Controller':
../Core/Src/main.c:471:10: error: 'setposition' undeclared (first use in this function); did you mean 'QEIposition'?
  471 |  error = setposition - QEIposition;
      |          ^~~~~~~~~~~
      |          QEIposition
../Core/Src/main.c:471:10: note: each undeclared identifier is reported only once for each function it appears in
../Core/Src/main.c: In function 'HAL_TIM_PeriodElapsedCallback':
../Core/Src/main.c:493:14: error: 'setposition' undeclared (first use in this function); did you mean 'QEIposition'?
  493 |    float s = setposition;
      |              ^~~~~~~~~~~
      |              QEIposition
../Core/Src/main.c:494:14: error: 'setvelocity' undeclared (first use in this function)
  494 |    float v = setvelocity;
      |              ^~~~~~~~~~~
../Core/Src/main.c:495:14: error: 'setacceleration' undeclared (first use in this function)
  495 |    float a = setacceleration;
      |              ^~~~~~~~~~~~~~~
../Core/Src/main.c:496:47: error: 't' undeclared (first use in this function)
  496 |    sprintf(TxBuffer,"%.2f %.2f %.2f %.2f\r\n",t * 1000,s,v,a);
      |                                               ^
../Core/Src/main.c: In function 'Trajectory_Algolithms':
../Core/Src/main.c:503:2: error: 'target_p' undeclared (first use in this function); did you mean 'Ltarget_p'?
  503 |  target_p = Target_set;
      |  ^~~~~~~~
      |  Ltarget_p
../Core/Src/main.c:505:3: error: 't' undeclared (first use in this function)
  505 |   t = 0;
      |   ^
../Core/Src/main.c:506:3: error: 'initial_p' undeclared (first use in this function)
  506 |   initial_p = setposition;
      |   ^~~~~~~~~
../Core/Src/main.c:506:15: error: 'setposition' undeclared (first use in this function); did you mean 'QEIposition'?
  506 |   initial_p = setposition;
      |               ^~~~~~~~~~~
      |               QEIposition
../Core/Src/main.c:509:10: error: 'time_total' undeclared (first use in this function); did you mean 'timeval'?
  509 |  if(t <= time_total){
      |          ^~~~~~~~~~
      |          timeval
../Core/Src/main.c:517:3: error: 'setvelocity' undeclared (first use in this function)
  517 |   setvelocity = 0;
      |   ^~~~~~~~~~~
../Core/Src/main.c:518:3: error: 'setacceleration' undeclared (first use in this function)
  518 |   setacceleration = 0;
      |   ^~~~~~~~~~~~~~~
make: *** [Core/Src/subdir.mk:37: Core/Src/main.o] Error 1
make: *** Waiting for unfinished jobs....
"make -j16 all" terminated with exit code 2. Build might be incomplete.
15:09:30 **** Incremental Build of configuration Debug for project PositionControl ****
make -j16 all 
arm-none-eabi-gcc "../Core/Src/main.c" -mcpu=cortex-m4 -std=gnu11 -g3 -DDEBUG -DUSE_HAL_DRIVER -DSTM32F411xE -c -I../Core/Inc -I../Drivers/STM32F4xx_HAL_Driver/Inc -I../Drivers/STM32F4xx_HAL_Driver/Inc/Legacy -I../Drivers/CMSIS/Device/ST/STM32F4xx/Include -I../Drivers/CMSIS/Include -O0 -ffunction-sections -fdata-sections -Wall -fstack-usage -MMD -MP -MF"Core/Src/main.d" -MT"Core/Src/main.o" --specs=nano.specs -mfpu=fpv4-sp-d16 -mfloat-abi=hard -mthumb -o "Core/Src/main.o"
arm-none-eabi-gcc "../Core/Src/scurve.c" -mcpu=cortex-m4 -std=gnu11 -g3 -DDEBUG -DUSE_HAL_DRIVER -DSTM32F411xE -c -I../Core/Inc -I../Drivers/STM32F4xx_HAL_Driver/Inc -I../Drivers/STM32F4xx_HAL_Driver/Inc/Legacy -I../Drivers/CMSIS/Device/ST/STM32F4xx/Include -I../Drivers/CMSIS/Include -O0 -ffunction-sections -fdata-sections -Wall -fstack-usage -MMD -MP -MF"Core/Src/scurve.d" -MT"Core/Src/scurve.o" --specs=nano.specs -mfpu=fpv4-sp-d16 -mfloat-abi=hard -mthumb -o "Core/Src/scurve.o"
../Core/Src/scurve.c: In function 'Trajectory_Generator':
../Core/Src/scurve.c:51:9: warning: implicit declaration of function 'abs' [-Wimplicit-function-declaration]
   51 |     s = abs(target_p - initial_p);
      |         ^~~
../Core/Src/scurve.c: At top level:
../Core/Src/scurve.c:126:7: error: conflicting types for 'Trajectory_Evaluated'
  126 | float Trajectory_Evaluated(float vmax, float amax, float jmax, double *t, double *position, double *velocity, double *acceleration) {
      |       ^~~~~~~~~~~~~~~~~~~~
In file included from ../Core/Src/scurve.c:7:
../Core/Inc/scurve.h:15:7: note: previous declaration of 'Trajectory_Evaluated' was here
   15 | float Trajectory_Evaluated(float vmax,float amax,float jmax);
      |       ^~~~~~~~~~~~~~~~~~~~
../Core/Src/scurve.c: In function 'Trajectory_Evaluated':
../Core/Src/scurve.c:204:14: warning: left-hand operand of comma expression has no effect [-Wunused-value]
  204 |     return *t, *position, *velocity, *acceleration;
      |              ^
../Core/Src/scurve.c:204:25: warning: left-hand operand of comma expression has no effect [-Wunused-value]
  204 |     return *t, *position, *velocity, *acceleration;
      |                         ^
../Core/Src/scurve.c:204:36: warning: left-hand operand of comma expression has no effect [-Wunused-value]
  204 |     return *t, *position, *velocity, *acceleration;
      |                                    ^
../Core/Src/scurve.c: In function 'Trajectory_Generator':
../Core/Src/scurve.c:124:1: warning: control reaches end of non-void function [-Wreturn-type]
  124 | }
      | ^
../Core/Src/main.c: In function 'Controller':
../Core/Src/main.c:471:10: error: 'setposition' undeclared (first use in this function); did you mean 'QEIposition'?
  471 |  error = setposition - QEIposition;
      |          ^~~~~~~~~~~
      |          QEIposition
../Core/Src/main.c:471:10: note: each undeclared identifier is reported only once for each function it appears in
../Core/Src/main.c: In function 'HAL_TIM_PeriodElapsedCallback':
../Core/Src/main.c:493:14: error: 'setposition' undeclared (first use in this function); did you mean 'QEIposition'?
  493 |    float s = setposition;
      |              ^~~~~~~~~~~
      |              QEIposition
make: *** [Core/Src/subdir.mk:37: Core/Src/scurve.o] Error 1
make: *** Waiting for unfinished jobs....
../Core/Src/main.c:494:14: error: 'setvelocity' undeclared (first use in this function)
  494 |    float v = setvelocity;
      |              ^~~~~~~~~~~
../Core/Src/main.c:495:14: error: 'setacceleration' undeclared (first use in this function)
  495 |    float a = setacceleration;
      |              ^~~~~~~~~~~~~~~
../Core/Src/main.c:496:47: error: 't' undeclared (first use in this function)
  496 |    sprintf(TxBuffer,"%.2f %.2f %.2f %.2f\r\n",t * 1000,s,v,a);
      |                                               ^
../Core/Src/main.c: In function 'Trajectory_Algolithms':
../Core/Src/main.c:503:2: error: 'target_p' undeclared (first use in this function); did you mean 'Ltarget_p'?
  503 |  target_p = Target_set;
      |  ^~~~~~~~
      |  Ltarget_p
../Core/Src/main.c:505:3: error: 't' undeclared (first use in this function)
  505 |   t = 0;
      |   ^
../Core/Src/main.c:506:3: error: 'initial_p' undeclared (first use in this function)
  506 |   initial_p = setposition;
      |   ^~~~~~~~~
../Core/Src/main.c:506:15: error: 'setposition' undeclared (first use in this function); did you mean 'QEIposition'?
  506 |   initial_p = setposition;
      |               ^~~~~~~~~~~
      |               QEIposition
../Core/Src/main.c:509:10: error: 'time_total' undeclared (first use in this function); did you mean 'timeval'?
  509 |  if(t <= time_total){
      |          ^~~~~~~~~~
      |          timeval
../Core/Src/main.c:517:3: error: 'setvelocity' undeclared (first use in this function)
  517 |   setvelocity = 0;
      |   ^~~~~~~~~~~
../Core/Src/main.c:518:3: error: 'setacceleration' undeclared (first use in this function)
  518 |   setacceleration = 0;
      |   ^~~~~~~~~~~~~~~
make: *** [Core/Src/subdir.mk:37: Core/Src/main.o] Error 1
"make -j16 all" terminated with exit code 2. Build might be incomplete.
15:11:22 **** Incremental Build of configuration Debug for project PositionControl ****
make -j16 all 
arm-none-eabi-gcc "../Core/Src/main.c" -mcpu=cortex-m4 -std=gnu11 -g3 -DDEBUG -DUSE_HAL_DRIVER -DSTM32F411xE -c -I../Core/Inc -I../Drivers/STM32F4xx_HAL_Driver/Inc -I../Drivers/STM32F4xx_HAL_Driver/Inc/Legacy -I../Drivers/CMSIS/Device/ST/STM32F4xx/Include -I../Drivers/CMSIS/Include -O0 -ffunction-sections -fdata-sections -Wall -fstack-usage -MMD -MP -MF"Core/Src/main.d" -MT"Core/Src/main.o" --specs=nano.specs -mfpu=fpv4-sp-d16 -mfloat-abi=hard -mthumb -o "Core/Src/main.o"
arm-none-eabi-gcc "../Core/Src/scurve.c" -mcpu=cortex-m4 -std=gnu11 -g3 -DDEBUG -DUSE_HAL_DRIVER -DSTM32F411xE -c -I../Core/Inc -I../Drivers/STM32F4xx_HAL_Driver/Inc -I../Drivers/STM32F4xx_HAL_Driver/Inc/Legacy -I../Drivers/CMSIS/Device/ST/STM32F4xx/Include -I../Drivers/CMSIS/Include -O0 -ffunction-sections -fdata-sections -Wall -fstack-usage -MMD -MP -MF"Core/Src/scurve.d" -MT"Core/Src/scurve.o" --specs=nano.specs -mfpu=fpv4-sp-d16 -mfloat-abi=hard -mthumb -o "Core/Src/scurve.o"
../Core/Src/scurve.c: In function 'Trajectory_Generator':
../Core/Src/scurve.c:52:9: warning: implicit declaration of function 'abs' [-Wimplicit-function-declaration]
   52 |     s = abs(target_p - initial_p);
      |         ^~~
../Core/Src/scurve.c: In function 'Trajectory_Evaluated':
../Core/Src/scurve.c:205:10: warning: left-hand operand of comma expression has no effect [-Wunused-value]
  205 |  return t,setposition,setvelocity,setacceleration;
      |          ^
../Core/Src/scurve.c: In function 'Trajectory_Generator':
../Core/Src/scurve.c:125:1: warning: control reaches end of non-void function [-Wreturn-type]
  125 | }
      | ^
../Core/Src/main.c: In function 'Controller':
../Core/Src/main.c:471:10: error: 'setposition' undeclared (first use in this function); did you mean 'QEIposition'?
  471 |  error = setposition - QEIposition;
      |          ^~~~~~~~~~~
      |          QEIposition
../Core/Src/main.c:471:10: note: each undeclared identifier is reported only once for each function it appears in
../Core/Src/main.c: In function 'HAL_TIM_PeriodElapsedCallback':
../Core/Src/main.c:493:14: error: 'setposition' undeclared (first use in this function); did you mean 'QEIposition'?
  493 |    float s = setposition;
      |              ^~~~~~~~~~~
      |              QEIposition
../Core/Src/main.c:494:14: error: 'setvelocity' undeclared (first use in this function)
  494 |    float v = setvelocity;
      |              ^~~~~~~~~~~
../Core/Src/main.c:495:14: error: 'setacceleration' undeclared (first use in this function)
  495 |    float a = setacceleration;
      |              ^~~~~~~~~~~~~~~
../Core/Src/main.c:496:47: error: 't' undeclared (first use in this function)
  496 |    sprintf(TxBuffer,"%.2f %.2f %.2f %.2f\r\n",t * 1000,s,v,a);
      |                                               ^
../Core/Src/main.c: In function 'Trajectory_Algolithms':
../Core/Src/main.c:503:2: error: 'target_p' undeclared (first use in this function); did you mean 'Ltarget_p'?
  503 |  target_p = Target_set;
      |  ^~~~~~~~
      |  Ltarget_p
../Core/Src/main.c:505:3: error: 't' undeclared (first use in this function)
  505 |   t = 0;
      |   ^
../Core/Src/main.c:506:3: error: 'initial_p' undeclared (first use in this function)
  506 |   initial_p = setposition;
      |   ^~~~~~~~~
../Core/Src/main.c:506:15: error: 'setposition' undeclared (first use in this function); did you mean 'QEIposition'?
  506 |   initial_p = setposition;
      |               ^~~~~~~~~~~
      |               QEIposition
../Core/Src/main.c:509:10: error: 'time_total' undeclared (first use in this function); did you mean 'timeval'?
  509 |  if(t <= time_total){
      |          ^~~~~~~~~~
      |          timeval
../Core/Src/main.c:517:3: error: 'setvelocity' undeclared (first use in this function)
  517 |   setvelocity = 0;
      |   ^~~~~~~~~~~
../Core/Src/main.c:518:3: error: 'setacceleration' undeclared (first use in this function)
  518 |   setacceleration = 0;
      |   ^~~~~~~~~~~~~~~
make: *** [Core/Src/subdir.mk:37: Core/Src/main.o] Error 1
make: *** Waiting for unfinished jobs....
"make -j16 all" terminated with exit code 2. Build might be incomplete.
15:19:49 **** Incremental Build of configuration Debug for project PositionControl ****
make -j16 all 
arm-none-eabi-gcc "../Core/Src/main.c" -mcpu=cortex-m4 -std=gnu11 -g3 -DDEBUG -DUSE_HAL_DRIVER -DSTM32F411xE -c -I../Core/Inc -I../Drivers/STM32F4xx_HAL_Driver/Inc -I../Drivers/STM32F4xx_HAL_Driver/Inc/Legacy -I../Drivers/CMSIS/Device/ST/STM32F4xx/Include -I../Drivers/CMSIS/Include -O0 -ffunction-sections -fdata-sections -Wall -fstack-usage -MMD -MP -MF"Core/Src/main.d" -MT"Core/Src/main.o" --specs=nano.specs -mfpu=fpv4-sp-d16 -mfloat-abi=hard -mthumb -o "Core/Src/main.o"
arm-none-eabi-gcc "../Core/Src/scurve.c" -mcpu=cortex-m4 -std=gnu11 -g3 -DDEBUG -DUSE_HAL_DRIVER -DSTM32F411xE -c -I../Core/Inc -I../Drivers/STM32F4xx_HAL_Driver/Inc -I../Drivers/STM32F4xx_HAL_Driver/Inc/Legacy -I../Drivers/CMSIS/Device/ST/STM32F4xx/Include -I../Drivers/CMSIS/Include -O0 -ffunction-sections -fdata-sections -Wall -fstack-usage -MMD -MP -MF"Core/Src/scurve.d" -MT"Core/Src/scurve.o" --specs=nano.specs -mfpu=fpv4-sp-d16 -mfloat-abi=hard -mthumb -o "Core/Src/scurve.o"
../Core/Src/scurve.c: In function 'Trajectory_Generator':
../Core/Src/scurve.c:52:9: warning: implicit declaration of function 'abs' [-Wimplicit-function-declaration]
   52 |     s = abs(target_p - initial_p);
      |         ^~~
../Core/Src/scurve.c: In function 'Trajectory_Evaluated':
../Core/Src/scurve.c:206:10: warning: left-hand operand of comma expression has no effect [-Wunused-value]
  206 |  return t,setposition,setvelocity,setacceleration;
      |          ^
../Core/Src/main.c: In function 'Controller':
../Core/Src/main.c:471:10: error: 'setposition' undeclared (first use in this function); did you mean 'QEIposition'?
  471 |  error = setposition - QEIposition;
      |          ^~~~~~~~~~~
      |          QEIposition
../Core/Src/main.c:471:10: note: each undeclared identifier is reported only once for each function it appears in
../Core/Src/main.c: In function 'HAL_TIM_PeriodElapsedCallback':
../Core/Src/main.c:493:14: error: 'setposition' undeclared (first use in this function); did you mean 'QEIposition'?
  493 |    float s = setposition;
      |              ^~~~~~~~~~~
      |              QEIposition
../Core/Src/main.c:494:14: error: 'setvelocity' undeclared (first use in this function)
  494 |    float v = setvelocity;
      |              ^~~~~~~~~~~
../Core/Src/main.c:495:14: error: 'setacceleration' undeclared (first use in this function)
  495 |    float a = setacceleration;
      |              ^~~~~~~~~~~~~~~
../Core/Src/main.c:496:47: error: 't' undeclared (first use in this function)
  496 |    sprintf(TxBuffer,"%.2f %.2f %.2f %.2f\r\n",t * 1000,s,v,a);
      |                                               ^
../Core/Src/main.c: In function 'Trajectory_Algolithms':
../Core/Src/main.c:503:2: error: 'target_p' undeclared (first use in this function); did you mean 'Ltarget_p'?
  503 |  target_p = Target_set;
      |  ^~~~~~~~
      |  Ltarget_p
../Core/Src/main.c:505:3: error: 't' undeclared (first use in this function)
  505 |   t = 0;
      |   ^
../Core/Src/main.c:506:3: error: 'initial_p' undeclared (first use in this function)
  506 |   initial_p = setposition;
      |   ^~~~~~~~~
../Core/Src/main.c:506:15: error: 'setposition' undeclared (first use in this function); did you mean 'QEIposition'?
  506 |   initial_p = setposition;
      |               ^~~~~~~~~~~
      |               QEIposition
../Core/Src/main.c:509:10: error: 'time_total' undeclared (first use in this function); did you mean 'timeval'?
  509 |  if(t <= time_total){
      |          ^~~~~~~~~~
      |          timeval
../Core/Src/main.c:517:3: error: 'setvelocity' undeclared (first use in this function)
  517 |   setvelocity = 0;
      |   ^~~~~~~~~~~
../Core/Src/main.c:518:3: error: 'setacceleration' undeclared (first use in this function)
  518 |   setacceleration = 0;
      |   ^~~~~~~~~~~~~~~
make: *** [Core/Src/subdir.mk:37: Core/Src/main.o] Error 1
make: *** Waiting for unfinished jobs....
"make -j16 all" terminated with exit code 2. Build might be incomplete.
15:20:28 **** Incremental Build of configuration Debug for project PositionControl ****
make -j16 all 
arm-none-eabi-gcc "../Core/Src/main.c" -mcpu=cortex-m4 -std=gnu11 -g3 -DDEBUG -DUSE_HAL_DRIVER -DSTM32F411xE -c -I../Core/Inc -I../Drivers/STM32F4xx_HAL_Driver/Inc -I../Drivers/STM32F4xx_HAL_Driver/Inc/Legacy -I../Drivers/CMSIS/Device/ST/STM32F4xx/Include -I../Drivers/CMSIS/Include -O0 -ffunction-sections -fdata-sections -Wall -fstack-usage -MMD -MP -MF"Core/Src/main.d" -MT"Core/Src/main.o" --specs=nano.specs -mfpu=fpv4-sp-d16 -mfloat-abi=hard -mthumb -o "Core/Src/main.o"
arm-none-eabi-gcc "../Core/Src/scurve.c" -mcpu=cortex-m4 -std=gnu11 -g3 -DDEBUG -DUSE_HAL_DRIVER -DSTM32F411xE -c -I../Core/Inc -I../Drivers/STM32F4xx_HAL_Driver/Inc -I../Drivers/STM32F4xx_HAL_Driver/Inc/Legacy -I../Drivers/CMSIS/Device/ST/STM32F4xx/Include -I../Drivers/CMSIS/Include -O0 -ffunction-sections -fdata-sections -Wall -fstack-usage -MMD -MP -MF"Core/Src/scurve.d" -MT"Core/Src/scurve.o" --specs=nano.specs -mfpu=fpv4-sp-d16 -mfloat-abi=hard -mthumb -o "Core/Src/scurve.o"
../Core/Src/scurve.c: In function 'Trajectory_Generator':
../Core/Src/scurve.c:52:9: warning: implicit declaration of function 'abs' [-Wimplicit-function-declaration]
   52 |     s = abs(target_p - initial_p);
      |         ^~~
../Core/Src/main.c: In function 'Controller':
../Core/Src/main.c:471:10: error: 'setposition' undeclared (first use in this function); did you mean 'QEIposition'?
  471 |  error = setposition - QEIposition;
      |          ^~~~~~~~~~~
      |          QEIposition
../Core/Src/main.c:471:10: note: each undeclared identifier is reported only once for each function it appears in
../Core/Src/main.c: In function 'HAL_TIM_PeriodElapsedCallback':
../Core/Src/main.c:493:14: error: 'setposition' undeclared (first use in this function); did you mean 'QEIposition'?
  493 |    float s = setposition;
      |              ^~~~~~~~~~~
      |              QEIposition
../Core/Src/main.c:494:14: error: 'setvelocity' undeclared (first use in this function)
  494 |    float v = setvelocity;
      |              ^~~~~~~~~~~
../Core/Src/main.c:495:14: error: 'setacceleration' undeclared (first use in this function)
  495 |    float a = setacceleration;
      |              ^~~~~~~~~~~~~~~
../Core/Src/main.c:496:47: error: 't' undeclared (first use in this function)
  496 |    sprintf(TxBuffer,"%.2f %.2f %.2f %.2f\r\n",t * 1000,s,v,a);
      |                                               ^
../Core/Src/main.c: In function 'Trajectory_Algolithms':
../Core/Src/main.c:503:2: error: 'target_p' undeclared (first use in this function); did you mean 'Ltarget_p'?
  503 |  target_p = Target_set;
      |  ^~~~~~~~
      |  Ltarget_p
../Core/Src/main.c:505:3: error: 't' undeclared (first use in this function)
  505 |   t = 0;
      |   ^
../Core/Src/main.c:506:3: error: 'initial_p' undeclared (first use in this function)
  506 |   initial_p = setposition;
      |   ^~~~~~~~~
../Core/Src/main.c:506:15: error: 'setposition' undeclared (first use in this function); did you mean 'QEIposition'?
  506 |   initial_p = setposition;
      |               ^~~~~~~~~~~
      |               QEIposition
../Core/Src/main.c:509:10: error: 'time_total' undeclared (first use in this function); did you mean 'timeval'?
  509 |  if(t <= time_total){
      |          ^~~~~~~~~~
      |          timeval
../Core/Src/main.c:517:3: error: 'setvelocity' undeclared (first use in this function)
  517 |   setvelocity = 0;
      |   ^~~~~~~~~~~
../Core/Src/main.c:518:3: error: 'setacceleration' undeclared (first use in this function)
  518 |   setacceleration = 0;
      |   ^~~~~~~~~~~~~~~
make: *** [Core/Src/subdir.mk:37: Core/Src/main.o] Error 1
make: *** Waiting for unfinished jobs....
"make -j16 all" terminated with exit code 2. Build might be incomplete.
15:23:25 **** Incremental Build of configuration Debug for project PositionControl ****
make -j16 all 
arm-none-eabi-gcc "../Core/Src/main.c" -mcpu=cortex-m4 -std=gnu11 -g3 -DDEBUG -DUSE_HAL_DRIVER -DSTM32F411xE -c -I../Core/Inc -I../Drivers/STM32F4xx_HAL_Driver/Inc -I../Drivers/STM32F4xx_HAL_Driver/Inc/Legacy -I../Drivers/CMSIS/Device/ST/STM32F4xx/Include -I../Drivers/CMSIS/Include -O0 -ffunction-sections -fdata-sections -Wall -fstack-usage -MMD -MP -MF"Core/Src/main.d" -MT"Core/Src/main.o" --specs=nano.specs -mfpu=fpv4-sp-d16 -mfloat-abi=hard -mthumb -o "Core/Src/main.o"
arm-none-eabi-gcc "../Core/Src/scurve.c" -mcpu=cortex-m4 -std=gnu11 -g3 -DDEBUG -DUSE_HAL_DRIVER -DSTM32F411xE -c -I../Core/Inc -I../Drivers/STM32F4xx_HAL_Driver/Inc -I../Drivers/STM32F4xx_HAL_Driver/Inc/Legacy -I../Drivers/CMSIS/Device/ST/STM32F4xx/Include -I../Drivers/CMSIS/Include -O0 -ffunction-sections -fdata-sections -Wall -fstack-usage -MMD -MP -MF"Core/Src/scurve.d" -MT"Core/Src/scurve.o" --specs=nano.specs -mfpu=fpv4-sp-d16 -mfloat-abi=hard -mthumb -o "Core/Src/scurve.o"
../Core/Src/scurve.c: In function 'Trajectory_Generator':
../Core/Src/scurve.c:52:9: warning: implicit declaration of function 'abs' [-Wimplicit-function-declaration]
   52 |     s = abs(target_p - initial_p);
      |         ^~~
../Core/Src/main.c:71:12: warning: 'initial_p' initialized and declared 'extern'
   71 | extern int initial_p = 0;
      |            ^~~~~~~~~
../Core/Src/main.c:72:12: warning: 'target_p' initialized and declared 'extern'
   72 | extern int target_p = 0;
      |            ^~~~~~~~
../Core/Src/scurve.c: In function 'Trajectory_Evaluated':
../Core/Src/main.c:74:44: warning: 't7' initialized and declared 'extern'
   74 | extern double t,tj,ta,tv,t1,t2,t3,t4,t5,t6,t7 = 0;
      |                                            ^~
../Core/Src/scurve.c:205:10: warning: left-hand operand of comma expression has no effect [-Wunused-value]
  205 |  return t,setposition,setvelocity,setacceleration;
      |          ^
../Core/Src/scurve.c: In function 'Trajectory_Generator':
../Core/Src/scurve.c:125:1: warning: control reaches end of non-void function [-Wreturn-type]
  125 | }
      | ^
../Core/Src/main.c: In function 'Controller':
../Core/Src/main.c:476:10: error: 'setposition' undeclared (first use in this function); did you mean 'QEIposition'?
  476 |  error = setposition - QEIposition;
      |          ^~~~~~~~~~~
      |          QEIposition
../Core/Src/main.c:476:10: note: each undeclared identifier is reported only once for each function it appears in
../Core/Src/main.c: In function 'HAL_TIM_PeriodElapsedCallback':
../Core/Src/main.c:498:14: error: 'setposition' undeclared (first use in this function); did you mean 'QEIposition'?
  498 |    float s = setposition;
      |              ^~~~~~~~~~~
      |              QEIposition
../Core/Src/main.c:499:14: error: 'setvelocity' undeclared (first use in this function)
  499 |    float v = setvelocity;
      |              ^~~~~~~~~~~
../Core/Src/main.c:500:14: error: 'setacceleration' undeclared (first use in this function)
  500 |    float a = setacceleration;
      |              ^~~~~~~~~~~~~~~
../Core/Src/main.c: In function 'Trajectory_Algolithms':
../Core/Src/main.c:511:15: error: 'setposition' undeclared (first use in this function); did you mean 'QEIposition'?
  511 |   initial_p = setposition;
      |               ^~~~~~~~~~~
      |               QEIposition
../Core/Src/main.c:522:3: error: 'setvelocity' undeclared (first use in this function)
  522 |   setvelocity = 0;
      |   ^~~~~~~~~~~
../Core/Src/main.c:523:3: error: 'setacceleration' undeclared (first use in this function)
  523 |   setacceleration = 0;
      |   ^~~~~~~~~~~~~~~
make: *** [Core/Src/subdir.mk:37: Core/Src/main.o] Error 1
make: *** Waiting for unfinished jobs....
"make -j16 all" terminated with exit code 2. Build might be incomplete.
15:24:23 **** Incremental Build of configuration Debug for project PositionControl ****
make -j16 all 
arm-none-eabi-gcc "../Core/Src/main.c" -mcpu=cortex-m4 -std=gnu11 -g3 -DDEBUG -DUSE_HAL_DRIVER -DSTM32F411xE -c -I../Core/Inc -I../Drivers/STM32F4xx_HAL_Driver/Inc -I../Drivers/STM32F4xx_HAL_Driver/Inc/Legacy -I../Drivers/CMSIS/Device/ST/STM32F4xx/Include -I../Drivers/CMSIS/Include -O0 -ffunction-sections -fdata-sections -Wall -fstack-usage -MMD -MP -MF"Core/Src/main.d" -MT"Core/Src/main.o" --specs=nano.specs -mfpu=fpv4-sp-d16 -mfloat-abi=hard -mthumb -o "Core/Src/main.o"
arm-none-eabi-gcc "../Core/Src/scurve.c" -mcpu=cortex-m4 -std=gnu11 -g3 -DDEBUG -DUSE_HAL_DRIVER -DSTM32F411xE -c -I../Core/Inc -I../Drivers/STM32F4xx_HAL_Driver/Inc -I../Drivers/STM32F4xx_HAL_Driver/Inc/Legacy -I../Drivers/CMSIS/Device/ST/STM32F4xx/Include -I../Drivers/CMSIS/Include -O0 -ffunction-sections -fdata-sections -Wall -fstack-usage -MMD -MP -MF"Core/Src/scurve.d" -MT"Core/Src/scurve.o" --specs=nano.specs -mfpu=fpv4-sp-d16 -mfloat-abi=hard -mthumb -o "Core/Src/scurve.o"
../Core/Src/scurve.c:13:12: warning: 'initial_p' initialized and declared 'extern'
   13 | extern int initial_p = 0;
      |            ^~~~~~~~~
../Core/Src/scurve.c:14:12: warning: 'target_p' initialized and declared 'extern'
   14 | extern int target_p = 0;
      |            ^~~~~~~~
../Core/Src/scurve.c:16:44: warning: 't7' initialized and declared 'extern'
   16 | extern double t,tj,ta,tv,t1,t2,t3,t4,t5,t6,t7 = 0;
      |                                            ^~
../Core/Src/scurve.c: In function 'Trajectory_Generator':
../Core/Src/scurve.c:52:9: warning: implicit declaration of function 'abs' [-Wimplicit-function-declaration]
   52 |     s = abs(target_p - initial_p);
      |         ^~~
../Core/Src/scurve.c: In function 'Trajectory_Evaluated':
../Core/Src/scurve.c:205:10: warning: left-hand operand of comma expression has no effect [-Wunused-value]
  205 |  return t,setposition,setvelocity,setacceleration;
      |          ^
../Core/Src/scurve.c: In function 'Trajectory_Generator':
../Core/Src/scurve.c:125:1: warning: control reaches end of non-void function [-Wreturn-type]
  125 | }
      | ^
../Core/Src/main.c:71:12: warning: 'initial_p' initialized and declared 'extern'
   71 | extern int initial_p = 0;
      |            ^~~~~~~~~
../Core/Src/main.c:72:12: warning: 'target_p' initialized and declared 'extern'
   72 | extern int target_p = 0;
      |            ^~~~~~~~
../Core/Src/main.c:74:44: warning: 't7' initialized and declared 'extern'
   74 | extern double t,tj,ta,tv,t1,t2,t3,t4,t5,t6,t7 = 0;
      |                                            ^~
../Core/Src/main.c: In function 'Controller':
../Core/Src/main.c:476:10: error: 'setposition' undeclared (first use in this function); did you mean 'QEIposition'?
  476 |  error = setposition - QEIposition;
      |          ^~~~~~~~~~~
      |          QEIposition
../Core/Src/main.c:476:10: note: each undeclared identifier is reported only once for each function it appears in
../Core/Src/main.c: In function 'HAL_TIM_PeriodElapsedCallback':
../Core/Src/main.c:498:14: error: 'setposition' undeclared (first use in this function); did you mean 'QEIposition'?
  498 |    float s = setposition;
      |              ^~~~~~~~~~~
      |              QEIposition
../Core/Src/main.c:499:14: error: 'setvelocity' undeclared (first use in this function)
  499 |    float v = setvelocity;
      |              ^~~~~~~~~~~
../Core/Src/main.c:500:14: error: 'setacceleration' undeclared (first use in this function)
  500 |    float a = setacceleration;
      |              ^~~~~~~~~~~~~~~
../Core/Src/main.c: In function 'Trajectory_Algolithms':
../Core/Src/main.c:511:15: error: 'setposition' undeclared (first use in this function); did you mean 'QEIposition'?
  511 |   initial_p = setposition;
      |               ^~~~~~~~~~~
      |               QEIposition
../Core/Src/main.c:522:3: error: 'setvelocity' undeclared (first use in this function)
  522 |   setvelocity = 0;
      |   ^~~~~~~~~~~
../Core/Src/main.c:523:3: error: 'setacceleration' undeclared (first use in this function)
  523 |   setacceleration = 0;
      |   ^~~~~~~~~~~~~~~
make: *** [Core/Src/subdir.mk:37: Core/Src/main.o] Error 1
make: *** Waiting for unfinished jobs....
"make -j16 all" terminated with exit code 2. Build might be incomplete.
15:31:09 **** Incremental Build of configuration Debug for project PositionControl ****
make -j16 all 
arm-none-eabi-gcc "../Core/Src/main.c" -mcpu=cortex-m4 -std=gnu11 -g3 -DDEBUG -DUSE_HAL_DRIVER -DSTM32F411xE -c -I../Core/Inc -I../Drivers/STM32F4xx_HAL_Driver/Inc -I../Drivers/STM32F4xx_HAL_Driver/Inc/Legacy -I../Drivers/CMSIS/Device/ST/STM32F4xx/Include -I../Drivers/CMSIS/Include -O0 -ffunction-sections -fdata-sections -Wall -fstack-usage -MMD -MP -MF"Core/Src/main.d" -MT"Core/Src/main.o" --specs=nano.specs -mfpu=fpv4-sp-d16 -mfloat-abi=hard -mthumb -o "Core/Src/main.o"
arm-none-eabi-gcc "../Core/Src/scurve.c" -mcpu=cortex-m4 -std=gnu11 -g3 -DDEBUG -DUSE_HAL_DRIVER -DSTM32F411xE -c -I../Core/Inc -I../Drivers/STM32F4xx_HAL_Driver/Inc -I../Drivers/STM32F4xx_HAL_Driver/Inc/Legacy -I../Drivers/CMSIS/Device/ST/STM32F4xx/Include -I../Drivers/CMSIS/Include -O0 -ffunction-sections -fdata-sections -Wall -fstack-usage -MMD -MP -MF"Core/Src/scurve.d" -MT"Core/Src/scurve.o" --specs=nano.specs -mfpu=fpv4-sp-d16 -mfloat-abi=hard -mthumb -o "Core/Src/scurve.o"
../Core/Src/scurve.c: In function 'Trajectory_Generator':
../Core/Src/scurve.c:52:9: warning: implicit declaration of function 'abs' [-Wimplicit-function-declaration]
   52 |     s = abs(target_p - initial_p);
      |         ^~~
../Core/Src/scurve.c: In function 'Trajectory_Evaluated':
../Core/Src/scurve.c:205:10: warning: left-hand operand of comma expression has no effect [-Wunused-value]
  205 |  return t,setposition,setvelocity,setacceleration;
      |          ^
../Core/Src/scurve.c: In function 'Trajectory_Generator':
../Core/Src/scurve.c:125:1: warning: control reaches end of non-void function [-Wreturn-type]
  125 | }
      | ^
arm-none-eabi-gcc -o "PositionControl.elf" @"objects.list"   -mcpu=cortex-m4 -T"C:\FRA222_MICROCONTROLLER\PositionControl\STM32F411RETX_FLASH.ld" --specs=nosys.specs -Wl,-Map="PositionControl.map" -Wl,--gc-sections -static --specs=nano.specs -mfpu=fpv4-sp-d16 -mfloat-abi=hard -mthumb -u _printf_float -u _scanf_float -Wl,--start-group -lc -lm -Wl,--end-group
c:\st\stm32cubeide_1.11.0\stm32cubeide\plugins\com.st.stm32cube.ide.mcu.externaltools.gnu-tools-for-stm32.10.3-2021.10.win32_1.0.100.202210260954\tools\arm-none-eabi\bin\ld.exe: ./Core/Src/scurve.o:C:/FRA222_MICROCONTROLLER/PositionControl/Debug/../Core/Src/scurve.c:9: multiple definition of `setposition'; ./Core/Src/main.o:C:/FRA222_MICROCONTROLLER/PositionControl/Debug/../Core/Src/main.c:71: first defined here
c:\st\stm32cubeide_1.11.0\stm32cubeide\plugins\com.st.stm32cube.ide.mcu.externaltools.gnu-tools-for-stm32.10.3-2021.10.win32_1.0.100.202210260954\tools\arm-none-eabi\bin\ld.exe: ./Core/Src/scurve.o:C:/FRA222_MICROCONTROLLER/PositionControl/Debug/../Core/Src/scurve.c:10: multiple definition of `setvelocity'; ./Core/Src/main.o:C:/FRA222_MICROCONTROLLER/PositionControl/Debug/../Core/Src/main.c:72: first defined here
c:\st\stm32cubeide_1.11.0\stm32cubeide\plugins\com.st.stm32cube.ide.mcu.externaltools.gnu-tools-for-stm32.10.3-2021.10.win32_1.0.100.202210260954\tools\arm-none-eabi\bin\ld.exe: ./Core/Src/scurve.o:C:/FRA222_MICROCONTROLLER/PositionControl/Debug/../Core/Src/scurve.c:11: multiple definition of `setacceleration'; ./Core/Src/main.o:C:/FRA222_MICROCONTROLLER/PositionControl/Debug/../Core/Src/main.c:73: first defined here
c:\st\stm32cubeide_1.11.0\stm32cubeide\plugins\com.st.stm32cube.ide.mcu.externaltools.gnu-tools-for-stm32.10.3-2021.10.win32_1.0.100.202210260954\tools\arm-none-eabi\bin\ld.exe: ./Core/Src/scurve.o:C:/FRA222_MICROCONTROLLER/PositionControl/Debug/../Core/Src/scurve.c:13: multiple definition of `initial_p'; ./Core/Src/main.o:C:/FRA222_MICROCONTROLLER/PositionControl/Debug/../Core/Src/main.c:74: first defined here
c:\st\stm32cubeide_1.11.0\stm32cubeide\plugins\com.st.stm32cube.ide.mcu.externaltools.gnu-tools-for-stm32.10.3-2021.10.win32_1.0.100.202210260954\tools\arm-none-eabi\bin\ld.exe: ./Core/Src/scurve.o:C:/FRA222_MICROCONTROLLER/PositionControl/Debug/../Core/Src/scurve.c:14: multiple definition of `target_p'; ./Core/Src/main.o:C:/FRA222_MICROCONTROLLER/PositionControl/Debug/../Core/Src/main.c:75: first defined here
c:\st\stm32cubeide_1.11.0\stm32cubeide\plugins\com.st.stm32cube.ide.mcu.externaltools.gnu-tools-for-stm32.10.3-2021.10.win32_1.0.100.202210260954\tools\arm-none-eabi\bin\ld.exe: ./Core/Src/scurve.o:C:/FRA222_MICROCONTROLLER/PositionControl/Debug/../Core/Src/scurve.c:15: multiple definition of `time_total'; ./Core/Src/main.o:C:/FRA222_MICROCONTROLLER/PositionControl/Debug/../Core/Src/main.c:76: first defined here
c:\st\stm32cubeide_1.11.0\stm32cubeide\plugins\com.st.stm32cube.ide.mcu.externaltools.gnu-tools-for-stm32.10.3-2021.10.win32_1.0.100.202210260954\tools\arm-none-eabi\bin\ld.exe: ./Core/Src/scurve.o:C:/FRA222_MICROCONTROLLER/PositionControl/Debug/../Core/Src/scurve.c:16: multiple definition of `t'; ./Core/Src/main.o:C:/FRA222_MICROCONTROLLER/PositionControl/Debug/../Core/Src/main.c:77: first defined here
c:\st\stm32cubeide_1.11.0\stm32cubeide\plugins\com.st.stm32cube.ide.mcu.externaltools.gnu-tools-for-stm32.10.3-2021.10.win32_1.0.100.202210260954\tools\arm-none-eabi\bin\ld.exe: ./Core/Src/scurve.o:C:/FRA222_MICROCONTROLLER/PositionControl/Debug/../Core/Src/scurve.c:16: multiple definition of `tj'; ./Core/Src/main.o:C:/FRA222_MICROCONTROLLER/PositionControl/Debug/../Core/Src/main.c:77: first defined here
c:\st\stm32cubeide_1.11.0\stm32cubeide\plugins\com.st.stm32cube.ide.mcu.externaltools.gnu-tools-for-stm32.10.3-2021.10.win32_1.0.100.202210260954\tools\arm-none-eabi\bin\ld.exe: ./Core/Src/scurve.o:C:/FRA222_MICROCONTROLLER/PositionControl/Debug/../Core/Src/scurve.c:16: multiple definition of `ta'; ./Core/Src/main.o:C:/FRA222_MICROCONTROLLER/PositionControl/Debug/../Core/Src/main.c:77: first defined here
c:\st\stm32cubeide_1.11.0\stm32cubeide\plugins\com.st.stm32cube.ide.mcu.externaltools.gnu-tools-for-stm32.10.3-2021.10.win32_1.0.100.202210260954\tools\arm-none-eabi\bin\ld.exe: ./Core/Src/scurve.o:C:/FRA222_MICROCONTROLLER/PositionControl/Debug/../Core/Src/scurve.c:16: multiple definition of `tv'; ./Core/Src/main.o:C:/FRA222_MICROCONTROLLER/PositionControl/Debug/../Core/Src/main.c:77: first defined here
c:\st\stm32cubeide_1.11.0\stm32cubeide\plugins\com.st.stm32cube.ide.mcu.externaltools.gnu-tools-for-stm32.10.3-2021.10.win32_1.0.100.202210260954\tools\arm-none-eabi\bin\ld.exe: ./Core/Src/scurve.o:C:/FRA222_MICROCONTROLLER/PositionControl/Debug/../Core/Src/scurve.c:16: multiple definition of `t1'; ./Core/Src/main.o:C:/FRA222_MICROCONTROLLER/PositionControl/Debug/../Core/Src/main.c:77: first defined here
c:\st\stm32cubeide_1.11.0\stm32cubeide\plugins\com.st.stm32cube.ide.mcu.externaltools.gnu-tools-for-stm32.10.3-2021.10.win32_1.0.100.202210260954\tools\arm-none-eabi\bin\ld.exe: ./Core/Src/scurve.o:C:/FRA222_MICROCONTROLLER/PositionControl/Debug/../Core/Src/scurve.c:16: multiple definition of `t2'; ./Core/Src/main.o:C:/FRA222_MICROCONTROLLER/PositionControl/Debug/../Core/Src/main.c:77: first defined here
c:\st\stm32cubeide_1.11.0\stm32cubeide\plugins\com.st.stm32cube.ide.mcu.externaltools.gnu-tools-for-stm32.10.3-2021.10.win32_1.0.100.202210260954\tools\arm-none-eabi\bin\ld.exe: ./Core/Src/scurve.o:C:/FRA222_MICROCONTROLLER/PositionControl/Debug/../Core/Src/scurve.c:16: multiple definition of `t3'; ./Core/Src/main.o:C:/FRA222_MICROCONTROLLER/PositionControl/Debug/../Core/Src/main.c:77: first defined here
c:\st\stm32cubeide_1.11.0\stm32cubeide\plugins\com.st.stm32cube.ide.mcu.externaltools.gnu-tools-for-stm32.10.3-2021.10.win32_1.0.100.202210260954\tools\arm-none-eabi\bin\ld.exe: ./Core/Src/scurve.o:C:/FRA222_MICROCONTROLLER/PositionControl/Debug/../Core/Src/scurve.c:16: multiple definition of `t4'; ./Core/Src/main.o:C:/FRA222_MICROCONTROLLER/PositionControl/Debug/../Core/Src/main.c:77: first defined here
c:\st\stm32cubeide_1.11.0\stm32cubeide\plugins\com.st.stm32cube.ide.mcu.externaltools.gnu-tools-for-stm32.10.3-2021.10.win32_1.0.100.202210260954\tools\arm-none-eabi\bin\ld.exe: ./Core/Src/scurve.o:C:/FRA222_MICROCONTROLLER/PositionControl/Debug/../Core/Src/scurve.c:16: multiple definition of `t5'; ./Core/Src/main.o:C:/FRA222_MICROCONTROLLER/PositionControl/Debug/../Core/Src/main.c:77: first defined here
c:\st\stm32cubeide_1.11.0\stm32cubeide\plugins\com.st.stm32cube.ide.mcu.externaltools.gnu-tools-for-stm32.10.3-2021.10.win32_1.0.100.202210260954\tools\arm-none-eabi\bin\ld.exe: ./Core/Src/scurve.o:C:/FRA222_MICROCONTROLLER/PositionControl/Debug/../Core/Src/scurve.c:16: multiple definition of `t6'; ./Core/Src/main.o:C:/FRA222_MICROCONTROLLER/PositionControl/Debug/../Core/Src/main.c:77: first defined here
c:\st\stm32cubeide_1.11.0\stm32cubeide\plugins\com.st.stm32cube.ide.mcu.externaltools.gnu-tools-for-stm32.10.3-2021.10.win32_1.0.100.202210260954\tools\arm-none-eabi\bin\ld.exe: ./Core/Src/scurve.o:C:/FRA222_MICROCONTROLLER/PositionControl/Debug/../Core/Src/scurve.c:16: multiple definition of `t7'; ./Core/Src/main.o:C:/FRA222_MICROCONTROLLER/PositionControl/Debug/../Core/Src/main.c:77: first defined here
collect2.exe: error: ld returned 1 exit status
make: *** [makefile:64: PositionControl.elf] Error 1
"make -j16 all" terminated with exit code 2. Build might be incomplete.
15:31:22 **** Incremental Build of configuration Debug for project PositionControl ****
make -j16 all 
arm-none-eabi-gcc "../Core/Src/main.c" -mcpu=cortex-m4 -std=gnu11 -g3 -DDEBUG -DUSE_HAL_DRIVER -DSTM32F411xE -c -I../Core/Inc -I../Drivers/STM32F4xx_HAL_Driver/Inc -I../Drivers/STM32F4xx_HAL_Driver/Inc/Legacy -I../Drivers/CMSIS/Device/ST/STM32F4xx/Include -I../Drivers/CMSIS/Include -O0 -ffunction-sections -fdata-sections -Wall -fstack-usage -MMD -MP -MF"Core/Src/main.d" -MT"Core/Src/main.o" --specs=nano.specs -mfpu=fpv4-sp-d16 -mfloat-abi=hard -mthumb -o "Core/Src/main.o"
../Core/Src/main.c: In function 'Controller':
../Core/Src/main.c:477:10: error: 'setposition' undeclared (first use in this function); did you mean 'QEIposition'?
  477 |  error = setposition - QEIposition;
      |          ^~~~~~~~~~~
      |          QEIposition
../Core/Src/main.c:477:10: note: each undeclared identifier is reported only once for each function it appears in
../Core/Src/main.c: In function 'HAL_TIM_PeriodElapsedCallback':
../Core/Src/main.c:499:14: error: 'setposition' undeclared (first use in this function); did you mean 'QEIposition'?
  499 |    float s = setposition;
      |              ^~~~~~~~~~~
      |              QEIposition
../Core/Src/main.c:500:14: error: 'setvelocity' undeclared (first use in this function)
  500 |    float v = setvelocity;
      |              ^~~~~~~~~~~
../Core/Src/main.c:501:14: error: 'setacceleration' undeclared (first use in this function)
  501 |    float a = setacceleration;
      |              ^~~~~~~~~~~~~~~
../Core/Src/main.c: In function 'Trajectory_Algolithms':
../Core/Src/main.c:512:15: error: 'setposition' undeclared (first use in this function); did you mean 'QEIposition'?
  512 |   initial_p = setposition;
      |               ^~~~~~~~~~~
      |               QEIposition
../Core/Src/main.c:523:3: error: 'setvelocity' undeclared (first use in this function)
  523 |   setvelocity = 0;
      |   ^~~~~~~~~~~
../Core/Src/main.c:524:3: error: 'setacceleration' undeclared (first use in this function)
  524 |   setacceleration = 0;
      |   ^~~~~~~~~~~~~~~
make: *** [Core/Src/subdir.mk:37: Core/Src/main.o] Error 1
"make -j16 all" terminated with exit code 2. Build might be incomplete.
15:32:22 **** Incremental Build of configuration Debug for project PositionControl ****
make -j16 all 
arm-none-eabi-gcc "../Core/Src/main.c" -mcpu=cortex-m4 -std=gnu11 -g3 -DDEBUG -DUSE_HAL_DRIVER -DSTM32F411xE -c -I../Core/Inc -I../Drivers/STM32F4xx_HAL_Driver/Inc -I../Drivers/STM32F4xx_HAL_Driver/Inc/Legacy -I../Drivers/CMSIS/Device/ST/STM32F4xx/Include -I../Drivers/CMSIS/Include -O0 -ffunction-sections -fdata-sections -Wall -fstack-usage -MMD -MP -MF"Core/Src/main.d" -MT"Core/Src/main.o" --specs=nano.specs -mfpu=fpv4-sp-d16 -mfloat-abi=hard -mthumb -o "Core/Src/main.o"
../Core/Src/main.c: In function 'Controller':
../Core/Src/main.c:477:10: error: 'setposition' undeclared (first use in this function); did you mean 'QEIposition'?
  477 |  error = setposition - QEIposition;
      |          ^~~~~~~~~~~
      |          QEIposition
../Core/Src/main.c:477:10: note: each undeclared identifier is reported only once for each function it appears in
../Core/Src/main.c: In function 'HAL_TIM_PeriodElapsedCallback':
../Core/Src/main.c:499:14: error: 'setposition' undeclared (first use in this function); did you mean 'QEIposition'?
  499 |    float s = setposition;
      |              ^~~~~~~~~~~
      |              QEIposition
../Core/Src/main.c:500:14: error: 'setvelocity' undeclared (first use in this function)
  500 |    float v = setvelocity;
      |              ^~~~~~~~~~~
../Core/Src/main.c:501:14: error: 'setacceleration' undeclared (first use in this function)
  501 |    float a = setacceleration;
      |              ^~~~~~~~~~~~~~~
../Core/Src/main.c: In function 'Trajectory_Algolithms':
../Core/Src/main.c:512:15: error: 'setposition' undeclared (first use in this function); did you mean 'QEIposition'?
  512 |   initial_p = setposition;
      |               ^~~~~~~~~~~
      |               QEIposition
../Core/Src/main.c:523:3: error: 'setvelocity' undeclared (first use in this function)
  523 |   setvelocity = 0;
      |   ^~~~~~~~~~~
../Core/Src/main.c:524:3: error: 'setacceleration' undeclared (first use in this function)
  524 |   setacceleration = 0;
      |   ^~~~~~~~~~~~~~~
make: *** [Core/Src/subdir.mk:37: Core/Src/main.o] Error 1
"make -j16 all" terminated with exit code 2. Build might be incomplete.
15:35:36 **** Incremental Build of configuration Debug for project PositionControl ****
make -j16 all 
arm-none-eabi-gcc "../Core/Src/main.c" -mcpu=cortex-m4 -std=gnu11 -g3 -DDEBUG -DUSE_HAL_DRIVER -DSTM32F411xE -c -I../Core/Inc -I../Drivers/STM32F4xx_HAL_Driver/Inc -I../Drivers/STM32F4xx_HAL_Driver/Inc/Legacy -I../Drivers/CMSIS/Device/ST/STM32F4xx/Include -I../Drivers/CMSIS/Include -O0 -ffunction-sections -fdata-sections -Wall -fstack-usage -MMD -MP -MF"Core/Src/main.d" -MT"Core/Src/main.o" --specs=nano.specs -mfpu=fpv4-sp-d16 -mfloat-abi=hard -mthumb -o "Core/Src/main.o"
../Core/Src/main.c: In function 'Controller':
../Core/Src/main.c:477:10: error: 'setposition' undeclared (first use in this function); did you mean 'QEIposition'?
  477 |  error = setposition - QEIposition;
      |          ^~~~~~~~~~~
      |          QEIposition
../Core/Src/main.c:477:10: note: each undeclared identifier is reported only once for each function it appears in
../Core/Src/main.c: In function 'HAL_TIM_PeriodElapsedCallback':
../Core/Src/main.c:499:14: error: 'setposition' undeclared (first use in this function); did you mean 'QEIposition'?
  499 |    float s = setposition;
      |              ^~~~~~~~~~~
      |              QEIposition
../Core/Src/main.c:500:14: error: 'setvelocity' undeclared (first use in this function)
  500 |    float v = setvelocity;
      |              ^~~~~~~~~~~
../Core/Src/main.c:501:14: error: 'setacceleration' undeclared (first use in this function)
  501 |    float a = setacceleration;
      |              ^~~~~~~~~~~~~~~
../Core/Src/main.c: In function 'Trajectory_Algolithms':
../Core/Src/main.c:512:11: error: 'setposition' undeclared (first use in this function); did you mean 'QEIposition'?
  512 |   start = setposition;
      |           ^~~~~~~~~~~
      |           QEIposition
../Core/Src/main.c:523:3: error: 'setvelocity' undeclared (first use in this function)
  523 |   setvelocity = 0;
      |   ^~~~~~~~~~~
../Core/Src/main.c:524:3: error: 'setacceleration' undeclared (first use in this function)
  524 |   setacceleration = 0;
      |   ^~~~~~~~~~~~~~~
make: *** [Core/Src/subdir.mk:37: Core/Src/main.o] Error 1
"make -j16 all" terminated with exit code 2. Build might be incomplete.
15:36:38 **** Incremental Build of configuration Debug for project PositionControl ****
make -j16 all 
arm-none-eabi-gcc "../Core/Src/main.c" -mcpu=cortex-m4 -std=gnu11 -g3 -DDEBUG -DUSE_HAL_DRIVER -DSTM32F411xE -c -I../Core/Inc -I../Drivers/STM32F4xx_HAL_Driver/Inc -I../Drivers/STM32F4xx_HAL_Driver/Inc/Legacy -I../Drivers/CMSIS/Device/ST/STM32F4xx/Include -I../Drivers/CMSIS/Include -O0 -ffunction-sections -fdata-sections -Wall -fstack-usage -MMD -MP -MF"Core/Src/main.d" -MT"Core/Src/main.o" --specs=nano.specs -mfpu=fpv4-sp-d16 -mfloat-abi=hard -mthumb -o "Core/Src/main.o"
../Core/Src/main.c: In function 'Controller':
../Core/Src/main.c:477:10: error: 'setposition' undeclared (first use in this function); did you mean 'QEIposition'?
  477 |  error = setposition - QEIposition;
      |          ^~~~~~~~~~~
      |          QEIposition
../Core/Src/main.c:477:10: note: each undeclared identifier is reported only once for each function it appears in
../Core/Src/main.c: In function 'HAL_TIM_PeriodElapsedCallback':
../Core/Src/main.c:499:14: error: 'setposition' undeclared (first use in this function); did you mean 'QEIposition'?
  499 |    float s = setposition;
      |              ^~~~~~~~~~~
      |              QEIposition
../Core/Src/main.c:500:14: error: 'setvelocity' undeclared (first use in this function)
  500 |    float v = setvelocity;
      |              ^~~~~~~~~~~
../Core/Src/main.c:501:14: error: 'setacceleration' undeclared (first use in this function)
  501 |    float a = setacceleration;
      |              ^~~~~~~~~~~~~~~
../Core/Src/main.c: In function 'Trajectory_Algolithms':
../Core/Src/main.c:512:11: error: 'setposition' undeclared (first use in this function); did you mean 'QEIposition'?
  512 |   start = setposition;
      |           ^~~~~~~~~~~
      |           QEIposition
../Core/Src/main.c:523:3: error: 'setvelocity' undeclared (first use in this function)
  523 |   setvelocity = 0;
      |   ^~~~~~~~~~~
../Core/Src/main.c:524:3: error: 'setacceleration' undeclared (first use in this function)
  524 |   setacceleration = 0;
      |   ^~~~~~~~~~~~~~~
make: *** [Core/Src/subdir.mk:37: Core/Src/main.o] Error 1
"make -j16 all" terminated with exit code 2. Build might be incomplete.
15:40:43 **** Incremental Build of configuration Debug for project PositionControl ****
make -j16 all 
arm-none-eabi-gcc "../Core/Src/main.c" -mcpu=cortex-m4 -std=gnu11 -g3 -DDEBUG -DUSE_HAL_DRIVER -DSTM32F411xE -c -I../Core/Inc -I../Drivers/STM32F4xx_HAL_Driver/Inc -I../Drivers/STM32F4xx_HAL_Driver/Inc/Legacy -I../Drivers/CMSIS/Device/ST/STM32F4xx/Include -I../Drivers/CMSIS/Include -O0 -ffunction-sections -fdata-sections -Wall -fstack-usage -MMD -MP -MF"Core/Src/main.d" -MT"Core/Src/main.o" --specs=nano.specs -mfpu=fpv4-sp-d16 -mfloat-abi=hard -mthumb -o "Core/Src/main.o"
arm-none-eabi-gcc "../Core/Src/scurve.c" -mcpu=cortex-m4 -std=gnu11 -g3 -DDEBUG -DUSE_HAL_DRIVER -DSTM32F411xE -c -I../Core/Inc -I../Drivers/STM32F4xx_HAL_Driver/Inc -I../Drivers/STM32F4xx_HAL_Driver/Inc/Legacy -I../Drivers/CMSIS/Device/ST/STM32F4xx/Include -I../Drivers/CMSIS/Include -O0 -ffunction-sections -fdata-sections -Wall -fstack-usage -MMD -MP -MF"Core/Src/scurve.d" -MT"Core/Src/scurve.o" --specs=nano.specs -mfpu=fpv4-sp-d16 -mfloat-abi=hard -mthumb -o "Core/Src/scurve.o"
../Core/Src/scurve.c: In function 'Trajectory_Generator':
../Core/Src/scurve.c:47:9: warning: implicit declaration of function 'abs' [-Wimplicit-function-declaration]
   47 |     s = abs(target_p - initial_p);
      |         ^~~
../Core/Src/scurve.c:120:1: warning: control reaches end of non-void function [-Wreturn-type]
  120 | }
      | ^
../Core/Src/scurve.c: In function 'Trajectory_Evaluated':
../Core/Src/scurve.c:201:1: warning: control reaches end of non-void function [-Wreturn-type]
  201 | }
      | ^
../Core/Src/main.c: In function 'Controller':
../Core/Src/main.c:479:10: error: 'setposition' undeclared (first use in this function); did you mean 'QEIposition'?
  479 |  error = setposition - QEIposition;
      |          ^~~~~~~~~~~
      |          QEIposition
../Core/Src/main.c:479:10: note: each undeclared identifier is reported only once for each function it appears in
../Core/Src/main.c: In function 'HAL_TIM_PeriodElapsedCallback':
../Core/Src/main.c:501:14: error: 'setposition' undeclared (first use in this function); did you mean 'QEIposition'?
  501 |    float s = setposition;
      |              ^~~~~~~~~~~
      |              QEIposition
../Core/Src/main.c:502:14: error: 'setvelocity' undeclared (first use in this function)
  502 |    float v = setvelocity;
      |              ^~~~~~~~~~~
../Core/Src/main.c:503:14: error: 'setacceleration' undeclared (first use in this function)
  503 |    float a = setacceleration;
      |              ^~~~~~~~~~~~~~~
../Core/Src/main.c: In function 'Trajectory_Algolithms':
../Core/Src/main.c:514:11: error: 'setposition' undeclared (first use in this function); did you mean 'QEIposition'?
  514 |   start = setposition;
      |           ^~~~~~~~~~~
      |           QEIposition
../Core/Src/main.c:525:3: error: 'setvelocity' undeclared (first use in this function)
  525 |   setvelocity = 0;
      |   ^~~~~~~~~~~
../Core/Src/main.c:526:3: error: 'setacceleration' undeclared (first use in this function)
  526 |   setacceleration = 0;
      |   ^~~~~~~~~~~~~~~
make: *** [Core/Src/subdir.mk:37: Core/Src/main.o] Error 1
make: *** Waiting for unfinished jobs....
"make -j16 all" terminated with exit code 2. Build might be incomplete.
15:42:15 **** Incremental Build of configuration Debug for project PositionControl ****
make -j16 all 
arm-none-eabi-gcc "../Core/Src/main.c" -mcpu=cortex-m4 -std=gnu11 -g3 -DDEBUG -DUSE_HAL_DRIVER -DSTM32F411xE -c -I../Core/Inc -I../Drivers/STM32F4xx_HAL_Driver/Inc -I../Drivers/STM32F4xx_HAL_Driver/Inc/Legacy -I../Drivers/CMSIS/Device/ST/STM32F4xx/Include -I../Drivers/CMSIS/Include -O0 -ffunction-sections -fdata-sections -Wall -fstack-usage -MMD -MP -MF"Core/Src/main.d" -MT"Core/Src/main.o" --specs=nano.specs -mfpu=fpv4-sp-d16 -mfloat-abi=hard -mthumb -o "Core/Src/main.o"
arm-none-eabi-gcc "../Core/Src/scurve.c" -mcpu=cortex-m4 -std=gnu11 -g3 -DDEBUG -DUSE_HAL_DRIVER -DSTM32F411xE -c -I../Core/Inc -I../Drivers/STM32F4xx_HAL_Driver/Inc -I../Drivers/STM32F4xx_HAL_Driver/Inc/Legacy -I../Drivers/CMSIS/Device/ST/STM32F4xx/Include -I../Drivers/CMSIS/Include -O0 -ffunction-sections -fdata-sections -Wall -fstack-usage -MMD -MP -MF"Core/Src/scurve.d" -MT"Core/Src/scurve.o" --specs=nano.specs -mfpu=fpv4-sp-d16 -mfloat-abi=hard -mthumb -o "Core/Src/scurve.o"
../Core/Src/scurve.c: In function 'Trajectory_Generator':
../Core/Src/scurve.c:47:9: warning: implicit declaration of function 'abs' [-Wimplicit-function-declaration]
   47 |     s = abs(target_p - initial_p);
      |         ^~~
../Core/Src/scurve.c: In function 'Trajectory_Evaluated':
../Core/Src/scurve.c:202:1: warning: control reaches end of non-void function [-Wreturn-type]
  202 | }
      | ^
../Core/Src/main.c: In function 'Controller':
../Core/Src/main.c:478:10: error: 'setposition' undeclared (first use in this function); did you mean 'QEIposition'?
  478 |  error = setposition - QEIposition;
      |          ^~~~~~~~~~~
      |          QEIposition
../Core/Src/main.c:478:10: note: each undeclared identifier is reported only once for each function it appears in
../Core/Src/main.c: In function 'HAL_TIM_PeriodElapsedCallback':
../Core/Src/main.c:500:14: error: 'setposition' undeclared (first use in this function); did you mean 'QEIposition'?
  500 |    float s = setposition;
      |              ^~~~~~~~~~~
      |              QEIposition
../Core/Src/main.c:501:14: error: 'setvelocity' undeclared (first use in this function)
  501 |    float v = setvelocity;
      |              ^~~~~~~~~~~
../Core/Src/main.c:502:14: error: 'setacceleration' undeclared (first use in this function)
  502 |    float a = setacceleration;
      |              ^~~~~~~~~~~~~~~
../Core/Src/main.c: In function 'Trajectory_Algolithms':
../Core/Src/main.c:513:11: error: 'setposition' undeclared (first use in this function); did you mean 'QEIposition'?
  513 |   start = setposition;
      |           ^~~~~~~~~~~
      |           QEIposition
../Core/Src/main.c:516:10: error: 'time_total' undeclared (first use in this function); did you mean 'timeval'?
  516 |  if(t <= time_total){
      |          ^~~~~~~~~~
      |          timeval
../Core/Src/main.c:524:3: error: 'setvelocity' undeclared (first use in this function)
  524 |   setvelocity = 0;
      |   ^~~~~~~~~~~
../Core/Src/main.c:525:3: error: 'setacceleration' undeclared (first use in this function)
  525 |   setacceleration = 0;
      |   ^~~~~~~~~~~~~~~
make: *** [Core/Src/subdir.mk:37: Core/Src/main.o] Error 1
make: *** Waiting for unfinished jobs....
"make -j16 all" terminated with exit code 2. Build might be incomplete.
15:51:22 **** Incremental Build of configuration Debug for project PositionControl ****
make -j16 all 
arm-none-eabi-gcc "../Core/Src/main.c" -mcpu=cortex-m4 -std=gnu11 -g3 -DDEBUG -DUSE_HAL_DRIVER -DSTM32F411xE -c -I../Core/Inc -I../Drivers/STM32F4xx_HAL_Driver/Inc -I../Drivers/STM32F4xx_HAL_Driver/Inc/Legacy -I../Drivers/CMSIS/Device/ST/STM32F4xx/Include -I../Drivers/CMSIS/Include -O0 -ffunction-sections -fdata-sections -Wall -fstack-usage -MMD -MP -MF"Core/Src/main.d" -MT"Core/Src/main.o" --specs=nano.specs -mfpu=fpv4-sp-d16 -mfloat-abi=hard -mthumb -o "Core/Src/main.o"
arm-none-eabi-gcc "../Core/Src/scurve.c" -mcpu=cortex-m4 -std=gnu11 -g3 -DDEBUG -DUSE_HAL_DRIVER -DSTM32F411xE -c -I../Core/Inc -I../Drivers/STM32F4xx_HAL_Driver/Inc -I../Drivers/STM32F4xx_HAL_Driver/Inc/Legacy -I../Drivers/CMSIS/Device/ST/STM32F4xx/Include -I../Drivers/CMSIS/Include -O0 -ffunction-sections -fdata-sections -Wall -fstack-usage -MMD -MP -MF"Core/Src/scurve.d" -MT"Core/Src/scurve.o" --specs=nano.specs -mfpu=fpv4-sp-d16 -mfloat-abi=hard -mthumb -o "Core/Src/scurve.o"
../Core/Src/scurve.c: In function 'Trajectory_Generator':
../Core/Src/scurve.c:47:9: warning: implicit declaration of function 'abs' [-Wimplicit-function-declaration]
   47 |     s = abs(target_p - initial_p);
      |         ^~~
../Core/Src/scurve.c: In function 'Trajectory_Evaluated':
../Core/Src/scurve.c:201:10: warning: left-hand operand of comma expression has no effect [-Wunused-value]
  201 |  return t,setposition,setvelocity,setacceleration;
      |          ^
../Core/Src/main.c: In function 'Controller':
../Core/Src/main.c:478:10: error: 'setposition' undeclared (first use in this function); did you mean 'QEIposition'?
  478 |  error = setposition - QEIposition;
      |          ^~~~~~~~~~~
      |          QEIposition
../Core/Src/main.c:478:10: note: each undeclared identifier is reported only once for each function it appears in
../Core/Src/main.c: In function 'HAL_TIM_PeriodElapsedCallback':
../Core/Src/main.c:500:14: error: 'setposition' undeclared (first use in this function); did you mean 'QEIposition'?
  500 |    float s = setposition;
      |              ^~~~~~~~~~~
      |              QEIposition
../Core/Src/main.c:501:14: error: 'setvelocity' undeclared (first use in this function)
  501 |    float v = setvelocity;
      |              ^~~~~~~~~~~
../Core/Src/main.c:502:14: error: 'setacceleration' undeclared (first use in this function)
  502 |    float a = setacceleration;
      |              ^~~~~~~~~~~~~~~
../Core/Src/main.c: In function 'Trajectory_Algolithms':
../Core/Src/main.c:513:11: error: 'setposition' undeclared (first use in this function); did you mean 'QEIposition'?
  513 |   start = setposition;
      |           ^~~~~~~~~~~
      |           QEIposition
../Core/Src/main.c:516:10: error: 'time_total' undeclared (first use in this function); did you mean 'timeval'?
  516 |  if(t <= time_total){
      |          ^~~~~~~~~~
      |          timeval
../Core/Src/main.c:524:3: error: 'setvelocity' undeclared (first use in this function)
  524 |   setvelocity = 0;
      |   ^~~~~~~~~~~
../Core/Src/main.c:525:3: error: 'setacceleration' undeclared (first use in this function)
  525 |   setacceleration = 0;
      |   ^~~~~~~~~~~~~~~
make: *** [Core/Src/subdir.mk:37: Core/Src/main.o] Error 1
make: *** Waiting for unfinished jobs....
"make -j16 all" terminated with exit code 2. Build might be incomplete.
16:19:54 **** Incremental Build of configuration Debug for project PositionControl ****
make -j16 all 
arm-none-eabi-gcc "../Core/Src/main.c" -mcpu=cortex-m4 -std=gnu11 -g3 -DDEBUG -DUSE_HAL_DRIVER -DSTM32F411xE -c -I../Core/Inc -I../Drivers/STM32F4xx_HAL_Driver/Inc -I../Drivers/STM32F4xx_HAL_Driver/Inc/Legacy -I../Drivers/CMSIS/Device/ST/STM32F4xx/Include -I../Drivers/CMSIS/Include -O0 -ffunction-sections -fdata-sections -Wall -fstack-usage -MMD -MP -MF"Core/Src/main.d" -MT"Core/Src/main.o" --specs=nano.specs -mfpu=fpv4-sp-d16 -mfloat-abi=hard -mthumb -o "Core/Src/main.o"
arm-none-eabi-gcc "../Core/Src/scurve.c" -mcpu=cortex-m4 -std=gnu11 -g3 -DDEBUG -DUSE_HAL_DRIVER -DSTM32F411xE -c -I../Core/Inc -I../Drivers/STM32F4xx_HAL_Driver/Inc -I../Drivers/STM32F4xx_HAL_Driver/Inc/Legacy -I../Drivers/CMSIS/Device/ST/STM32F4xx/Include -I../Drivers/CMSIS/Include -O0 -ffunction-sections -fdata-sections -Wall -fstack-usage -MMD -MP -MF"Core/Src/scurve.d" -MT"Core/Src/scurve.o" --specs=nano.specs -mfpu=fpv4-sp-d16 -mfloat-abi=hard -mthumb -o "Core/Src/scurve.o"
../Core/Src/scurve.c: In function 'Trajectory_Generator':
../Core/Src/scurve.c:55:9: warning: implicit declaration of function 'abs' [-Wimplicit-function-declaration]
   55 |     s = abs(target_p - initial_p);
      |         ^~~
../Core/Src/scurve.c: In function 'Trajectory_Evaluated':
../Core/Src/scurve.c:141:9: error: 'setposition' undeclared (first use in this function)
  141 |    p2 = setposition;
      |         ^~~~~~~~~~~
../Core/Src/scurve.c:141:9: note: each undeclared identifier is reported only once for each function it appears in
../Core/Src/scurve.c:143:9: error: 'setvelocity' undeclared (first use in this function)
  143 |    v2 = setvelocity;
      |         ^~~~~~~~~~~
../Core/Src/scurve.c:145:9: error: 'setacceleration' undeclared (first use in this function)
  145 |    a2 = setacceleration;
      |         ^~~~~~~~~~~~~~~
../Core/Src/scurve.c:209:9: error: incompatible types when returning type 'struct ScurveEvaluated' but 'float' was expected
  209 |  return evaluated;
      |         ^~~~~~~~~
../Core/Src/scurve.c:210:1: warning: control reaches end of non-void function [-Wreturn-type]
  210 | }
      | ^
make: *** [Core/Src/subdir.mk:37: Core/Src/scurve.o] Error 1
make: *** Waiting for unfinished jobs....
../Core/Src/main.c: In function 'Controller':
../Core/Src/main.c:478:10: error: 'setposition' undeclared (first use in this function); did you mean 'QEIposition'?
  478 |  error = setposition - QEIposition;
      |          ^~~~~~~~~~~
      |          QEIposition
../Core/Src/main.c:478:10: note: each undeclared identifier is reported only once for each function it appears in
../Core/Src/main.c: In function 'HAL_TIM_PeriodElapsedCallback':
../Core/Src/main.c:500:14: error: 'setposition' undeclared (first use in this function); did you mean 'QEIposition'?
  500 |    float s = setposition;
      |              ^~~~~~~~~~~
      |              QEIposition
../Core/Src/main.c:501:14: error: 'setvelocity' undeclared (first use in this function)
  501 |    float v = setvelocity;
      |              ^~~~~~~~~~~
../Core/Src/main.c:502:14: error: 'setacceleration' undeclared (first use in this function)
  502 |    float a = setacceleration;
      |              ^~~~~~~~~~~~~~~
../Core/Src/main.c: In function 'Trajectory_Algolithms':
../Core/Src/main.c:513:11: error: 'setposition' undeclared (first use in this function); did you mean 'QEIposition'?
  513 |   start = setposition;
      |           ^~~~~~~~~~~
      |           QEIposition
../Core/Src/main.c:516:10: error: 'time_total' undeclared (first use in this function); did you mean 'timeval'?
  516 |  if(t <= time_total){
      |          ^~~~~~~~~~
      |          timeval
../Core/Src/main.c:524:3: error: 'setvelocity' undeclared (first use in this function)
  524 |   setvelocity = 0;
      |   ^~~~~~~~~~~
../Core/Src/main.c:525:3: error: 'setacceleration' undeclared (first use in this function)
  525 |   setacceleration = 0;
      |   ^~~~~~~~~~~~~~~
make: *** [Core/Src/subdir.mk:37: Core/Src/main.o] Error 1
"make -j16 all" terminated with exit code 2. Build might be incomplete.
16:22:19 **** Incremental Build of configuration Debug for project PositionControl ****
make -j16 all 
arm-none-eabi-gcc "../Core/Src/main.c" -mcpu=cortex-m4 -std=gnu11 -g3 -DDEBUG -DUSE_HAL_DRIVER -DSTM32F411xE -c -I../Core/Inc -I../Drivers/STM32F4xx_HAL_Driver/Inc -I../Drivers/STM32F4xx_HAL_Driver/Inc/Legacy -I../Drivers/CMSIS/Device/ST/STM32F4xx/Include -I../Drivers/CMSIS/Include -O0 -ffunction-sections -fdata-sections -Wall -fstack-usage -MMD -MP -MF"Core/Src/main.d" -MT"Core/Src/main.o" --specs=nano.specs -mfpu=fpv4-sp-d16 -mfloat-abi=hard -mthumb -o "Core/Src/main.o"
arm-none-eabi-gcc "../Core/Src/scurve.c" -mcpu=cortex-m4 -std=gnu11 -g3 -DDEBUG -DUSE_HAL_DRIVER -DSTM32F411xE -c -I../Core/Inc -I../Drivers/STM32F4xx_HAL_Driver/Inc -I../Drivers/STM32F4xx_HAL_Driver/Inc/Legacy -I../Drivers/CMSIS/Device/ST/STM32F4xx/Include -I../Drivers/CMSIS/Include -O0 -ffunction-sections -fdata-sections -Wall -fstack-usage -MMD -MP -MF"Core/Src/scurve.d" -MT"Core/Src/scurve.o" --specs=nano.specs -mfpu=fpv4-sp-d16 -mfloat-abi=hard -mthumb -o "Core/Src/scurve.o"
../Core/Src/scurve.c: In function 'Trajectory_Generator':
../Core/Src/scurve.c:55:9: warning: implicit declaration of function 'abs' [-Wimplicit-function-declaration]
   55 |     s = abs(target_p - initial_p);
      |         ^~~
../Core/Src/scurve.c: At top level:
../Core/Src/scurve.c:131:25: error: return type is an incomplete type
  131 | struct Scurve_Evaluated Trajectory_Evaluated(float vmax,float amax,float jmax){
      |                         ^~~~~~~~~~~~~~~~~~~~
../Core/Src/scurve.c:131:25: error: conflicting types for 'Trajectory_Evaluated'
In file included from ../Core/Src/scurve.c:7:
../Core/Inc/scurve.h:15:7: note: previous declaration of 'Trajectory_Evaluated' was here
   15 | float Trajectory_Evaluated(float vmax,float amax,float jmax);
      |       ^~~~~~~~~~~~~~~~~~~~
../Core/Src/scurve.c: In function 'Trajectory_Evaluated':
../Core/Src/scurve.c:141:9: error: 'setposition' undeclared (first use in this function)
  141 |    p2 = setposition;
      |         ^~~~~~~~~~~
../Core/Src/scurve.c:141:9: note: each undeclared identifier is reported only once for each function it appears in
../Core/Src/main.c: In function 'Controller':
../Core/Src/main.c:478:10: error: 'setposition' undeclared (first use in this function); did you mean 'QEIposition'?
  478 |  error = setposition - QEIposition;
      |          ^~~~~~~~~~~
      |          QEIposition
../Core/Src/main.c:478:10: note: each undeclared identifier is reported only once for each function it appears in
../Core/Src/scurve.c:143:9: error: 'setvelocity' undeclared (first use in this function)
  143 |    v2 = setvelocity;
      |         ^~~~~~~~~~~
../Core/Src/main.c: In function 'HAL_TIM_PeriodElapsedCallback':
../Core/Src/main.c:500:14: error: 'setposition' undeclared (first use in this function); did you mean 'QEIposition'?
  500 |    float s = setposition;
      |              ^~~~~~~~~~~
      |              QEIposition
../Core/Src/main.c:501:14: error: 'setvelocity' undeclared (first use in this function)
  501 |    float v = setvelocity;
      |              ^~~~~~~~~~~
../Core/Src/scurve.c:145:9: error: 'setacceleration' undeclared (first use in this function)
  145 |    a2 = setacceleration;
      |         ^~~~~~~~~~~~~~~
../Core/Src/scurve.c:209:9: warning: 'return' with a value, in function returning void [-Wreturn-type]
  209 |  return evaluated;
      |         ^~~~~~~~~
../Core/Src/scurve.c:131:25: note: declared here
  131 | struct Scurve_Evaluated Trajectory_Evaluated(float vmax,float amax,float jmax){
      |                         ^~~~~~~~~~~~~~~~~~~~
../Core/Src/main.c:502:14: error: 'setacceleration' undeclared (first use in this function)
  502 |    float a = setacceleration;
      |              ^~~~~~~~~~~~~~~
../Core/Src/main.c: In function 'Trajectory_Algolithms':
../Core/Src/main.c:513:11: error: 'setposition' undeclared (first use in this function); did you mean 'QEIposition'?
  513 |   start = setposition;
      |           ^~~~~~~~~~~
      |           QEIposition
../Core/Src/main.c:516:10: error: 'time_total' undeclared (first use in this function); did you mean 'timeval'?
  516 |  if(t <= time_total){
      |          ^~~~~~~~~~
      |          timeval
../Core/Src/main.c:524:3: error: 'setvelocity' undeclared (first use in this function)
  524 |   setvelocity = 0;
      |   ^~~~~~~~~~~
make: *** [Core/Src/subdir.mk:37: Core/Src/scurve.o] Error 1
make: *** Waiting for unfinished jobs....
../Core/Src/main.c:525:3: error: 'setacceleration' undeclared (first use in this function)
  525 |   setacceleration = 0;
      |   ^~~~~~~~~~~~~~~
make: *** [Core/Src/subdir.mk:37: Core/Src/main.o] Error 1
"make -j16 all" terminated with exit code 2. Build might be incomplete.
16:32:00 **** Incremental Build of configuration Debug for project PositionControl ****
make -j16 all 
arm-none-eabi-gcc "../Core/Src/main.c" -mcpu=cortex-m4 -std=gnu11 -g3 -DDEBUG -DUSE_HAL_DRIVER -DSTM32F411xE -c -I../Core/Inc -I../Drivers/STM32F4xx_HAL_Driver/Inc -I../Drivers/STM32F4xx_HAL_Driver/Inc/Legacy -I../Drivers/CMSIS/Device/ST/STM32F4xx/Include -I../Drivers/CMSIS/Include -O0 -ffunction-sections -fdata-sections -Wall -fstack-usage -MMD -MP -MF"Core/Src/main.d" -MT"Core/Src/main.o" --specs=nano.specs -mfpu=fpv4-sp-d16 -mfloat-abi=hard -mthumb -o "Core/Src/main.o"
arm-none-eabi-gcc "../Core/Src/scurve.c" -mcpu=cortex-m4 -std=gnu11 -g3 -DDEBUG -DUSE_HAL_DRIVER -DSTM32F411xE -c -I../Core/Inc -I../Drivers/STM32F4xx_HAL_Driver/Inc -I../Drivers/STM32F4xx_HAL_Driver/Inc/Legacy -I../Drivers/CMSIS/Device/ST/STM32F4xx/Include -I../Drivers/CMSIS/Include -O0 -ffunction-sections -fdata-sections -Wall -fstack-usage -MMD -MP -MF"Core/Src/scurve.d" -MT"Core/Src/scurve.o" --specs=nano.specs -mfpu=fpv4-sp-d16 -mfloat-abi=hard -mthumb -o "Core/Src/scurve.o"
../Core/Src/scurve.c: In function 'Trajectory_Generator':
../Core/Src/scurve.c:55:9: warning: implicit declaration of function 'abs' [-Wimplicit-function-declaration]
   55 |     s = abs(target_p - initial_p);
      |         ^~~
../Core/Src/scurve.c: At top level:
../Core/Src/scurve.c:131:25: error: return type is an incomplete type
  131 | struct Scurve_Evaluated Trajectory_Evaluated(float vmax,float amax,float jmax){
      |                         ^~~~~~~~~~~~~~~~~~~~
../Core/Src/scurve.c:131:25: error: conflicting types for 'Trajectory_Evaluated'
In file included from ../Core/Src/scurve.c:7:
../Core/Inc/scurve.h:15:24: note: previous declaration of 'Trajectory_Evaluated' was here
   15 | struct ScurveEvaluated Trajectory_Evaluated(float vmax, float amax, float jmax);
      |                        ^~~~~~~~~~~~~~~~~~~~
../Core/Src/scurve.c: In function 'Trajectory_Evaluated':
../Core/Src/scurve.c:141:9: error: 'setposition' undeclared (first use in this function)
  141 |    p2 = setposition;
      |         ^~~~~~~~~~~
../Core/Src/scurve.c:141:9: note: each undeclared identifier is reported only once for each function it appears in
../Core/Src/main.c: In function 'Controller':
../Core/Src/main.c:478:10: error: 'setposition' undeclared (first use in this function); did you mean 'QEIposition'?
  478 |  error = setposition - QEIposition;
      |          ^~~~~~~~~~~
      |          QEIposition
../Core/Src/main.c:478:10: note: each undeclared identifier is reported only once for each function it appears in
../Core/Src/scurve.c:143:9: error: 'setvelocity' undeclared (first use in this function)
  143 |    v2 = setvelocity;
      |         ^~~~~~~~~~~
../Core/Src/main.c: In function 'HAL_TIM_PeriodElapsedCallback':
../Core/Src/main.c:500:14: error: 'setposition' undeclared (first use in this function); did you mean 'QEIposition'?
  500 |    float s = setposition;
      |              ^~~~~~~~~~~
      |              QEIposition
../Core/Src/main.c:501:14: error: 'setvelocity' undeclared (first use in this function)
  501 |    float v = setvelocity;
      |              ^~~~~~~~~~~
../Core/Src/scurve.c:145:9: error: 'setacceleration' undeclared (first use in this function)
  145 |    a2 = setacceleration;
      |         ^~~~~~~~~~~~~~~
../Core/Src/scurve.c:209:9: warning: 'return' with a value, in function returning void [-Wreturn-type]
  209 |  return evaluated;
      |         ^~~~~~~~~
../Core/Src/scurve.c:131:25: note: declared here
  131 | struct Scurve_Evaluated Trajectory_Evaluated(float vmax,float amax,float jmax){
      |                         ^~~~~~~~~~~~~~~~~~~~
../Core/Src/main.c:502:14: error: 'setacceleration' undeclared (first use in this function)
  502 |    float a = setacceleration;
      |              ^~~~~~~~~~~~~~~
../Core/Src/main.c: In function 'Trajectory_Algolithms':
../Core/Src/main.c:513:11: error: 'setposition' undeclared (first use in this function); did you mean 'QEIposition'?
  513 |   start = setposition;
      |           ^~~~~~~~~~~
      |           QEIposition
../Core/Src/main.c:516:10: error: 'time_total' undeclared (first use in this function); did you mean 'timeval'?
  516 |  if(t <= time_total){
      |          ^~~~~~~~~~
      |          timeval
../Core/Src/main.c:517:3: error: invalid use of undefined type 'struct ScurveEvaluated'
  517 |   Trajectory_Evaluated(600,1000,2500); //600,1000,2500
      |   ^~~~~~~~~~~~~~~~~~~~
../Core/Src/main.c:524:3: error: 'setvelocity' undeclared (first use in this function)
  524 |   setvelocity = 0;
      |   ^~~~~~~~~~~
make: *** [Core/Src/subdir.mk:37: Core/Src/scurve.o] Error 1
make: *** Waiting for unfinished jobs....
../Core/Src/main.c:525:3: error: 'setacceleration' undeclared (first use in this function)
  525 |   setacceleration = 0;
      |   ^~~~~~~~~~~~~~~
make: *** [Core/Src/subdir.mk:37: Core/Src/main.o] Error 1
"make -j16 all" terminated with exit code 2. Build might be incomplete.
16:33:29 **** Incremental Build of configuration Debug for project PositionControl ****
make -j16 all 
arm-none-eabi-gcc "../Core/Src/main.c" -mcpu=cortex-m4 -std=gnu11 -g3 -DDEBUG -DUSE_HAL_DRIVER -DSTM32F411xE -c -I../Core/Inc -I../Drivers/STM32F4xx_HAL_Driver/Inc -I../Drivers/STM32F4xx_HAL_Driver/Inc/Legacy -I../Drivers/CMSIS/Device/ST/STM32F4xx/Include -I../Drivers/CMSIS/Include -O0 -ffunction-sections -fdata-sections -Wall -fstack-usage -MMD -MP -MF"Core/Src/main.d" -MT"Core/Src/main.o" --specs=nano.specs -mfpu=fpv4-sp-d16 -mfloat-abi=hard -mthumb -o "Core/Src/main.o"
arm-none-eabi-gcc "../Core/Src/scurve.c" -mcpu=cortex-m4 -std=gnu11 -g3 -DDEBUG -DUSE_HAL_DRIVER -DSTM32F411xE -c -I../Core/Inc -I../Drivers/STM32F4xx_HAL_Driver/Inc -I../Drivers/STM32F4xx_HAL_Driver/Inc/Legacy -I../Drivers/CMSIS/Device/ST/STM32F4xx/Include -I../Drivers/CMSIS/Include -O0 -ffunction-sections -fdata-sections -Wall -fstack-usage -MMD -MP -MF"Core/Src/scurve.d" -MT"Core/Src/scurve.o" --specs=nano.specs -mfpu=fpv4-sp-d16 -mfloat-abi=hard -mthumb -o "Core/Src/scurve.o"
../Core/Src/scurve.c: In function 'Trajectory_Generator':
../Core/Src/scurve.c:55:9: warning: implicit declaration of function 'abs' [-Wimplicit-function-declaration]
   55 |     s = abs(target_p - initial_p);
      |         ^~~
../Core/Src/main.c: In function 'Controller':
../Core/Src/scurve.c: In function 'Trajectory_Evaluated':
../Core/Src/scurve.c:141:9: error: 'setposition' undeclared (first use in this function)
  141 |    p2 = setposition;
      |         ^~~~~~~~~~~
../Core/Src/scurve.c:141:9: note: each undeclared identifier is reported only once for each function it appears in
../Core/Src/main.c:478:10: error: 'setposition' undeclared (first use in this function); did you mean 'QEIposition'?
  478 |  error = setposition - QEIposition;
      |          ^~~~~~~~~~~
      |          QEIposition
../Core/Src/main.c:478:10: note: each undeclared identifier is reported only once for each function it appears in
../Core/Src/main.c: In function 'HAL_TIM_PeriodElapsedCallback':
../Core/Src/main.c:500:14: error: 'setposition' undeclared (first use in this function); did you mean 'QEIposition'?
  500 |    float s = setposition;
      |              ^~~~~~~~~~~
      |              QEIposition
../Core/Src/scurve.c:143:9: error: 'setvelocity' undeclared (first use in this function)
  143 |    v2 = setvelocity;
      |         ^~~~~~~~~~~
../Core/Src/main.c:501:14: error: 'setvelocity' undeclared (first use in this function)
  501 |    float v = setvelocity;
      |              ^~~~~~~~~~~
../Core/Src/scurve.c:145:9: error: 'setacceleration' undeclared (first use in this function)
  145 |    a2 = setacceleration;
      |         ^~~~~~~~~~~~~~~
../Core/Src/main.c:502:14: error: 'setacceleration' undeclared (first use in this function)
  502 |    float a = setacceleration;
      |              ^~~~~~~~~~~~~~~
../Core/Src/main.c: In function 'Trajectory_Algolithms':
../Core/Src/main.c:513:11: error: 'setposition' undeclared (first use in this function); did you mean 'QEIposition'?
  513 |   start = setposition;
      |           ^~~~~~~~~~~
      |           QEIposition
../Core/Src/main.c:516:10: error: 'time_total' undeclared (first use in this function); did you mean 'timeval'?
  516 |  if(t <= time_total){
      |          ^~~~~~~~~~
      |          timeval
../Core/Src/main.c:517:3: error: invalid use of undefined type 'struct ScurveEvaluated'
  517 |   Trajectory_Evaluated(600,1000,2500); //600,1000,2500
      |   ^~~~~~~~~~~~~~~~~~~~
../Core/Src/main.c:524:3: error: 'setvelocity' undeclared (first use in this function)
  524 |   setvelocity = 0;
      |   ^~~~~~~~~~~
make: *** [Core/Src/subdir.mk:37: Core/Src/scurve.o] Error 1
make: *** Waiting for unfinished jobs....
../Core/Src/main.c:525:3: error: 'setacceleration' undeclared (first use in this function)
  525 |   setacceleration = 0;
      |   ^~~~~~~~~~~~~~~
make: *** [Core/Src/subdir.mk:37: Core/Src/main.o] Error 1
"make -j16 all" terminated with exit code 2. Build might be incomplete.
16:34:20 **** Incremental Build of configuration Debug for project PositionControl ****
make -j16 all 
arm-none-eabi-gcc "../Core/Src/main.c" -mcpu=cortex-m4 -std=gnu11 -g3 -DDEBUG -DUSE_HAL_DRIVER -DSTM32F411xE -c -I../Core/Inc -I../Drivers/STM32F4xx_HAL_Driver/Inc -I../Drivers/STM32F4xx_HAL_Driver/Inc/Legacy -I../Drivers/CMSIS/Device/ST/STM32F4xx/Include -I../Drivers/CMSIS/Include -O0 -ffunction-sections -fdata-sections -Wall -fstack-usage -MMD -MP -MF"Core/Src/main.d" -MT"Core/Src/main.o" --specs=nano.specs -mfpu=fpv4-sp-d16 -mfloat-abi=hard -mthumb -o "Core/Src/main.o"
arm-none-eabi-gcc "../Core/Src/scurve.c" -mcpu=cortex-m4 -std=gnu11 -g3 -DDEBUG -DUSE_HAL_DRIVER -DSTM32F411xE -c -I../Core/Inc -I../Drivers/STM32F4xx_HAL_Driver/Inc -I../Drivers/STM32F4xx_HAL_Driver/Inc/Legacy -I../Drivers/CMSIS/Device/ST/STM32F4xx/Include -I../Drivers/CMSIS/Include -O0 -ffunction-sections -fdata-sections -Wall -fstack-usage -MMD -MP -MF"Core/Src/scurve.d" -MT"Core/Src/scurve.o" --specs=nano.specs -mfpu=fpv4-sp-d16 -mfloat-abi=hard -mthumb -o "Core/Src/scurve.o"
../Core/Src/scurve.c: In function 'Trajectory_Generator':
../Core/Src/scurve.c:55:9: warning: implicit declaration of function 'abs' [-Wimplicit-function-declaration]
   55 |     s = abs(target_p - initial_p);
      |         ^~~
../Core/Src/main.c: In function 'Controller':
../Core/Src/main.c:478:10: error: 'setposition' undeclared (first use in this function); did you mean 'QEIposition'?
  478 |  error = setposition - QEIposition;
      |          ^~~~~~~~~~~
      |          QEIposition
../Core/Src/main.c:478:10: note: each undeclared identifier is reported only once for each function it appears in
../Core/Src/main.c: In function 'HAL_TIM_PeriodElapsedCallback':
../Core/Src/main.c:500:14: error: 'setposition' undeclared (first use in this function); did you mean 'QEIposition'?
  500 |    float s = setposition;
      |              ^~~~~~~~~~~
      |              QEIposition
../Core/Src/main.c:501:14: error: 'setvelocity' undeclared (first use in this function)
  501 |    float v = setvelocity;
      |              ^~~~~~~~~~~
../Core/Src/main.c:502:14: error: 'setacceleration' undeclared (first use in this function)
  502 |    float a = setacceleration;
      |              ^~~~~~~~~~~~~~~
../Core/Src/main.c: In function 'Trajectory_Algolithms':
../Core/Src/main.c:513:11: error: 'setposition' undeclared (first use in this function); did you mean 'QEIposition'?
  513 |   start = setposition;
      |           ^~~~~~~~~~~
      |           QEIposition
../Core/Src/main.c:516:10: error: 'time_total' undeclared (first use in this function); did you mean 'timeval'?
  516 |  if(t <= time_total){
      |          ^~~~~~~~~~
      |          timeval
../Core/Src/main.c:517:3: error: invalid use of undefined type 'struct ScurveEvaluated'
  517 |   Trajectory_Evaluated(600,1000,2500); //600,1000,2500
      |   ^~~~~~~~~~~~~~~~~~~~
../Core/Src/main.c:524:3: error: 'setvelocity' undeclared (first use in this function)
  524 |   setvelocity = 0;
      |   ^~~~~~~~~~~
../Core/Src/main.c:525:3: error: 'setacceleration' undeclared (first use in this function)
  525 |   setacceleration = 0;
      |   ^~~~~~~~~~~~~~~
make: *** [Core/Src/subdir.mk:37: Core/Src/main.o] Error 1
make: *** Waiting for unfinished jobs....
"make -j16 all" terminated with exit code 2. Build might be incomplete.
16:36:49 **** Incremental Build of configuration Debug for project PositionControl ****
make -j16 all 
arm-none-eabi-gcc "../Core/Src/main.c" -mcpu=cortex-m4 -std=gnu11 -g3 -DDEBUG -DUSE_HAL_DRIVER -DSTM32F411xE -c -I../Core/Inc -I../Drivers/STM32F4xx_HAL_Driver/Inc -I../Drivers/STM32F4xx_HAL_Driver/Inc/Legacy -I../Drivers/CMSIS/Device/ST/STM32F4xx/Include -I../Drivers/CMSIS/Include -O0 -ffunction-sections -fdata-sections -Wall -fstack-usage -MMD -MP -MF"Core/Src/main.d" -MT"Core/Src/main.o" --specs=nano.specs -mfpu=fpv4-sp-d16 -mfloat-abi=hard -mthumb -o "Core/Src/main.o"
../Core/Src/main.c: In function 'Controller':
../Core/Src/main.c:478:10: error: 'evaluated' undeclared (first use in this function)
  478 |  error = evaluated.setposition - QEIposition;
      |          ^~~~~~~~~
../Core/Src/main.c:478:10: note: each undeclared identifier is reported only once for each function it appears in
../Core/Src/main.c: In function 'HAL_TIM_PeriodElapsedCallback':
../Core/Src/main.c:500:14: error: 'evaluated' undeclared (first use in this function)
  500 |    float s = evaluated.setposition;
      |              ^~~~~~~~~
../Core/Src/main.c: In function 'Trajectory_Algolithms':
../Core/Src/main.c:513:11: error: 'evaluated' undeclared (first use in this function)
  513 |   start = evaluated.setposition;
      |           ^~~~~~~~~
../Core/Src/main.c:516:10: error: 'time_total' undeclared (first use in this function); did you mean 'timeval'?
  516 |  if(t <= time_total){
      |          ^~~~~~~~~~
      |          timeval
../Core/Src/main.c:517:3: error: invalid use of undefined type 'struct ScurveEvaluated'
  517 |   Trajectory_Evaluated(600,1000,2500); //600,1000,2500
      |   ^~~~~~~~~~~~~~~~~~~~
../Core/Src/main.c:520:7: error: 'setposition' undeclared (first use in this function); did you mean 'QEIposition'?
  520 |  if ((setposition - QEIposition <= 0.5) && (setposition - QEIposition >= -0.5) && (t >= time_total)){
      |       ^~~~~~~~~~~
      |       QEIposition
make: *** [Core/Src/subdir.mk:37: Core/Src/main.o] Error 1
"make -j16 all" terminated with exit code 2. Build might be incomplete.
16:36:56 **** Build of configuration Debug for project SPI ****
make -j16 all 
arm-none-eabi-gcc "../Core/Src/main.c" -mcpu=cortex-m4 -std=gnu11 -g3 -DDEBUG -DUSE_HAL_DRIVER -DSTM32F411xE -c -I../Core/Inc -I../Drivers/STM32F4xx_HAL_Driver/Inc -I../Drivers/STM32F4xx_HAL_Driver/Inc/Legacy -I../Drivers/CMSIS/Device/ST/STM32F4xx/Include -I../Drivers/CMSIS/Include -O0 -ffunction-sections -fdata-sections -Wall -fstack-usage -MMD -MP -MF"Core/Src/main.d" -MT"Core/Src/main.o" --specs=nano.specs -mfpu=fpv4-sp-d16 -mfloat-abi=hard -mthumb -o "Core/Src/main.o"
../Core/Src/main.c: In function 'main':
../Core/Src/main.c:96:1: warning: implicit declaration of function 'SPITxRx_Setup' [-Wimplicit-function-declaration]
   96 | SPITxRx_Setup();
      | ^~~~~~~~~~~~~
../Core/Src/main.c:103:4: warning: implicit declaration of function 'SPITxRx_readIO' [-Wimplicit-function-declaration]
  103 |    SPITxRx_readIO();
      |    ^~~~~~~~~~~~~~
../Core/Src/main.c: At top level:
../Core/Src/main.c:273:6: warning: conflicting types for 'SPITxRx_Setup'
  273 | void SPITxRx_Setup(){
      |      ^~~~~~~~~~~~~
../Core/Src/main.c:96:1: note: previous implicit declaration of 'SPITxRx_Setup' was here
   96 | SPITxRx_Setup();
      | ^~~~~~~~~~~~~
../Core/Src/main.c:281:6: warning: conflicting types for 'SPITxRx_readIO'
  281 | void SPITxRx_readIO(){
      |      ^~~~~~~~~~~~~~
../Core/Src/main.c:103:4: note: previous implicit declaration of 'SPITxRx_readIO' was here
  103 |    SPITxRx_readIO();
      |    ^~~~~~~~~~~~~~
arm-none-eabi-gcc -o "SPI.elf" @"objects.list"   -mcpu=cortex-m4 -T"C:\FRA222_MICROCONTROLLER\SPI\STM32F411RETX_FLASH.ld" --specs=nosys.specs -Wl,-Map="SPI.map" -Wl,--gc-sections -static --specs=nano.specs -mfpu=fpv4-sp-d16 -mfloat-abi=hard -mthumb -Wl,--start-group -lc -lm -Wl,--end-group
Finished building target: SPI.elf
 
arm-none-eabi-size   SPI.elf 
arm-none-eabi-objdump -h -S  SPI.elf  > "SPI.list"
   text	   data	    bss	    dec	    hex	filename
  10644	     20	   1748	  12412	   307c	SPI.elf
Finished building: default.size.stdout
 
Finished building: SPI.list
 
16:39:00 **** Incremental Build of configuration Debug for project SPI ****
make -j16 all 
arm-none-eabi-gcc "../Core/Src/main.c" -mcpu=cortex-m4 -std=gnu11 -g3 -DDEBUG -DUSE_HAL_DRIVER -DSTM32F411xE -c -I../Core/Inc -I../Drivers/STM32F4xx_HAL_Driver/Inc -I../Drivers/STM32F4xx_HAL_Driver/Inc/Legacy -I../Drivers/CMSIS/Device/ST/STM32F4xx/Include -I../Drivers/CMSIS/Include -O0 -ffunction-sections -fdata-sections -Wall -fstack-usage -MMD -MP -MF"Core/Src/main.d" -MT"Core/Src/main.o" --specs=nano.specs -mfpu=fpv4-sp-d16 -mfloat-abi=hard -mthumb -o "Core/Src/main.o"
arm-none-eabi-gcc -o "SPI.elf" @"objects.list"   -mcpu=cortex-m4 -T"C:\FRA222_MICROCONTROLLER\SPI\STM32F411RETX_FLASH.ld" --specs=nosys.specs -Wl,-Map="SPI.map" -Wl,--gc-sections -static --specs=nano.specs -mfpu=fpv4-sp-d16 -mfloat-abi=hard -mthumb -Wl,--start-group -lc -lm -Wl,--end-group
Finished building target: SPI.elf
 
arm-none-eabi-size   SPI.elf 
arm-none-eabi-objdump -h -S  SPI.elf  > "SPI.list"
   text	   data	    bss	    dec	    hex	filename
  10644	     20	   1748	  12412	   307c	SPI.elf
Finished building: default.size.stdout
 
Finished building: SPI.list
 
16:41:17 **** Incremental Build of configuration Debug for project SPI ****
make -j16 all 
arm-none-eabi-gcc "../Core/Src/main.c" -mcpu=cortex-m4 -std=gnu11 -g3 -DDEBUG -DUSE_HAL_DRIVER -DSTM32F411xE -c -I../Core/Inc -I../Drivers/STM32F4xx_HAL_Driver/Inc -I../Drivers/STM32F4xx_HAL_Driver/Inc/Legacy -I../Drivers/CMSIS/Device/ST/STM32F4xx/Include -I../Drivers/CMSIS/Include -O0 -ffunction-sections -fdata-sections -Wall -fstack-usage -MMD -MP -MF"Core/Src/main.d" -MT"Core/Src/main.o" --specs=nano.specs -mfpu=fpv4-sp-d16 -mfloat-abi=hard -mthumb -o "Core/Src/main.o"
arm-none-eabi-gcc -o "SPI.elf" @"objects.list"   -mcpu=cortex-m4 -T"C:\FRA222_MICROCONTROLLER\SPI\STM32F411RETX_FLASH.ld" --specs=nosys.specs -Wl,-Map="SPI.map" -Wl,--gc-sections -static --specs=nano.specs -mfpu=fpv4-sp-d16 -mfloat-abi=hard -mthumb -Wl,--start-group -lc -lm -Wl,--end-group
Finished building target: SPI.elf
 
arm-none-eabi-size   SPI.elf 
arm-none-eabi-objdump -h -S  SPI.elf  > "SPI.list"
   text	   data	    bss	    dec	    hex	filename
  10644	     20	   1748	  12412	   307c	SPI.elf
Finished building: default.size.stdout
 
Finished building: SPI.list
 
18:03:20 **** Incremental Build of configuration Debug for project SPI ****
make -j16 all 
arm-none-eabi-gcc "../Core/Src/main.c" -mcpu=cortex-m4 -std=gnu11 -g3 -DDEBUG -DUSE_HAL_DRIVER -DSTM32F411xE -c -I../Core/Inc -I../Drivers/STM32F4xx_HAL_Driver/Inc -I../Drivers/STM32F4xx_HAL_Driver/Inc/Legacy -I../Drivers/CMSIS/Device/ST/STM32F4xx/Include -I../Drivers/CMSIS/Include -O0 -ffunction-sections -fdata-sections -Wall -fstack-usage -MMD -MP -MF"Core/Src/main.d" -MT"Core/Src/main.o" --specs=nano.specs -mfpu=fpv4-sp-d16 -mfloat-abi=hard -mthumb -o "Core/Src/main.o"
arm-none-eabi-gcc -o "SPI.elf" @"objects.list"   -mcpu=cortex-m4 -T"C:\FRA222_MICROCONTROLLER\SPI\STM32F411RETX_FLASH.ld" --specs=nosys.specs -Wl,-Map="SPI.map" -Wl,--gc-sections -static --specs=nano.specs -mfpu=fpv4-sp-d16 -mfloat-abi=hard -mthumb -Wl,--start-group -lc -lm -Wl,--end-group
Finished building target: SPI.elf
 
arm-none-eabi-size   SPI.elf 
arm-none-eabi-objdump -h -S  SPI.elf  > "SPI.list"
   text	   data	    bss	    dec	    hex	filename
  10644	     20	   1748	  12412	   307c	SPI.elf
Finished building: default.size.stdout
 
Finished building: SPI.list
 
18:06:57 **** Incremental Build of configuration Debug for project SPI ****
make -j16 all 
arm-none-eabi-gcc "../Core/Src/main.c" -mcpu=cortex-m4 -std=gnu11 -g3 -DDEBUG -DUSE_HAL_DRIVER -DSTM32F411xE -c -I../Core/Inc -I../Drivers/STM32F4xx_HAL_Driver/Inc -I../Drivers/STM32F4xx_HAL_Driver/Inc/Legacy -I../Drivers/CMSIS/Device/ST/STM32F4xx/Include -I../Drivers/CMSIS/Include -O0 -ffunction-sections -fdata-sections -Wall -fstack-usage -MMD -MP -MF"Core/Src/main.d" -MT"Core/Src/main.o" --specs=nano.specs -mfpu=fpv4-sp-d16 -mfloat-abi=hard -mthumb -o "Core/Src/main.o"
arm-none-eabi-gcc -o "SPI.elf" @"objects.list"   -mcpu=cortex-m4 -T"C:\FRA222_MICROCONTROLLER\SPI\STM32F411RETX_FLASH.ld" --specs=nosys.specs -Wl,-Map="SPI.map" -Wl,--gc-sections -static --specs=nano.specs -mfpu=fpv4-sp-d16 -mfloat-abi=hard -mthumb -Wl,--start-group -lc -lm -Wl,--end-group
Finished building target: SPI.elf
 
arm-none-eabi-size   SPI.elf 
arm-none-eabi-objdump -h -S  SPI.elf  > "SPI.list"
   text	   data	    bss	    dec	    hex	filename
  10644	     20	   1748	  12412	   307c	SPI.elf
Finished building: default.size.stdout
 
Finished building: SPI.list
 
18:40:42 **** Incremental Build of configuration Debug for project SPI ****
make -j16 all 
arm-none-eabi-gcc "../Core/Src/main.c" -mcpu=cortex-m4 -std=gnu11 -g3 -DDEBUG -DUSE_HAL_DRIVER -DSTM32F411xE -c -I../Core/Inc -I../Drivers/STM32F4xx_HAL_Driver/Inc -I../Drivers/STM32F4xx_HAL_Driver/Inc/Legacy -I../Drivers/CMSIS/Device/ST/STM32F4xx/Include -I../Drivers/CMSIS/Include -O0 -ffunction-sections -fdata-sections -Wall -fstack-usage -MMD -MP -MF"Core/Src/main.d" -MT"Core/Src/main.o" --specs=nano.specs -mfpu=fpv4-sp-d16 -mfloat-abi=hard -mthumb -o "Core/Src/main.o"
arm-none-eabi-gcc -o "SPI.elf" @"objects.list"   -mcpu=cortex-m4 -T"C:\FRA222_MICROCONTROLLER\SPI\STM32F411RETX_FLASH.ld" --specs=nosys.specs -Wl,-Map="SPI.map" -Wl,--gc-sections -static --specs=nano.specs -mfpu=fpv4-sp-d16 -mfloat-abi=hard -mthumb -Wl,--start-group -lc -lm -Wl,--end-group
Finished building target: SPI.elf
 
arm-none-eabi-size   SPI.elf 
arm-none-eabi-objdump -h -S  SPI.elf  > "SPI.list"
   text	   data	    bss	    dec	    hex	filename
  10692	     24	   1752	  12468	   30b4	SPI.elf
Finished building: default.size.stdout
 
Finished building: SPI.list
 
18:41:31 **** Incremental Build of configuration Debug for project SPI ****
make -j16 all 
arm-none-eabi-gcc "../Core/Src/main.c" -mcpu=cortex-m4 -std=gnu11 -g3 -DDEBUG -DUSE_HAL_DRIVER -DSTM32F411xE -c -I../Core/Inc -I../Drivers/STM32F4xx_HAL_Driver/Inc -I../Drivers/STM32F4xx_HAL_Driver/Inc/Legacy -I../Drivers/CMSIS/Device/ST/STM32F4xx/Include -I../Drivers/CMSIS/Include -O0 -ffunction-sections -fdata-sections -Wall -fstack-usage -MMD -MP -MF"Core/Src/main.d" -MT"Core/Src/main.o" --specs=nano.specs -mfpu=fpv4-sp-d16 -mfloat-abi=hard -mthumb -o "Core/Src/main.o"
arm-none-eabi-gcc -o "SPI.elf" @"objects.list"   -mcpu=cortex-m4 -T"C:\FRA222_MICROCONTROLLER\SPI\STM32F411RETX_FLASH.ld" --specs=nosys.specs -Wl,-Map="SPI.map" -Wl,--gc-sections -static --specs=nano.specs -mfpu=fpv4-sp-d16 -mfloat-abi=hard -mthumb -Wl,--start-group -lc -lm -Wl,--end-group
Finished building target: SPI.elf
 
arm-none-eabi-size   SPI.elf 
arm-none-eabi-objdump -h -S  SPI.elf  > "SPI.list"
   text	   data	    bss	    dec	    hex	filename
  10692	     24	   1752	  12468	   30b4	SPI.elf
Finished building: default.size.stdout
 
Finished building: SPI.list
 
18:44:08 **** Incremental Build of configuration Debug for project SPI ****
make -j16 all 
arm-none-eabi-gcc "../Core/Src/main.c" -mcpu=cortex-m4 -std=gnu11 -g3 -DDEBUG -DUSE_HAL_DRIVER -DSTM32F411xE -c -I../Core/Inc -I../Drivers/STM32F4xx_HAL_Driver/Inc -I../Drivers/STM32F4xx_HAL_Driver/Inc/Legacy -I../Drivers/CMSIS/Device/ST/STM32F4xx/Include -I../Drivers/CMSIS/Include -O0 -ffunction-sections -fdata-sections -Wall -fstack-usage -MMD -MP -MF"Core/Src/main.d" -MT"Core/Src/main.o" --specs=nano.specs -mfpu=fpv4-sp-d16 -mfloat-abi=hard -mthumb -o "Core/Src/main.o"
arm-none-eabi-gcc -o "SPI.elf" @"objects.list"   -mcpu=cortex-m4 -T"C:\FRA222_MICROCONTROLLER\SPI\STM32F411RETX_FLASH.ld" --specs=nosys.specs -Wl,-Map="SPI.map" -Wl,--gc-sections -static --specs=nano.specs -mfpu=fpv4-sp-d16 -mfloat-abi=hard -mthumb -Wl,--start-group -lc -lm -Wl,--end-group
Finished building target: SPI.elf
 
arm-none-eabi-size   SPI.elf 
arm-none-eabi-objdump -h -S  SPI.elf  > "SPI.list"
   text	   data	    bss	    dec	    hex	filename
  10692	     24	   1752	  12468	   30b4	SPI.elf
Finished building: default.size.stdout
 
Finished building: SPI.list
 
18:46:31 **** Incremental Build of configuration Debug for project SPI ****
make -j16 all 
arm-none-eabi-gcc "../Core/Src/main.c" -mcpu=cortex-m4 -std=gnu11 -g3 -DDEBUG -DUSE_HAL_DRIVER -DSTM32F411xE -c -I../Core/Inc -I../Drivers/STM32F4xx_HAL_Driver/Inc -I../Drivers/STM32F4xx_HAL_Driver/Inc/Legacy -I../Drivers/CMSIS/Device/ST/STM32F4xx/Include -I../Drivers/CMSIS/Include -O0 -ffunction-sections -fdata-sections -Wall -fstack-usage -MMD -MP -MF"Core/Src/main.d" -MT"Core/Src/main.o" --specs=nano.specs -mfpu=fpv4-sp-d16 -mfloat-abi=hard -mthumb -o "Core/Src/main.o"
arm-none-eabi-gcc -o "SPI.elf" @"objects.list"   -mcpu=cortex-m4 -T"C:\FRA222_MICROCONTROLLER\SPI\STM32F411RETX_FLASH.ld" --specs=nosys.specs -Wl,-Map="SPI.map" -Wl,--gc-sections -static --specs=nano.specs -mfpu=fpv4-sp-d16 -mfloat-abi=hard -mthumb -Wl,--start-group -lc -lm -Wl,--end-group
Finished building target: SPI.elf
 
arm-none-eabi-size   SPI.elf 
arm-none-eabi-objdump -h -S  SPI.elf  > "SPI.list"
   text	   data	    bss	    dec	    hex	filename
  10692	     24	   1752	  12468	   30b4	SPI.elf
Finished building: default.size.stdout
 
Finished building: SPI.list
 
18:50:00 **** Incremental Build of configuration Debug for project SPI ****
make -j16 all 
arm-none-eabi-gcc "../Core/Src/main.c" -mcpu=cortex-m4 -std=gnu11 -g3 -DDEBUG -DUSE_HAL_DRIVER -DSTM32F411xE -c -I../Core/Inc -I../Drivers/STM32F4xx_HAL_Driver/Inc -I../Drivers/STM32F4xx_HAL_Driver/Inc/Legacy -I../Drivers/CMSIS/Device/ST/STM32F4xx/Include -I../Drivers/CMSIS/Include -O0 -ffunction-sections -fdata-sections -Wall -fstack-usage -MMD -MP -MF"Core/Src/main.d" -MT"Core/Src/main.o" --specs=nano.specs -mfpu=fpv4-sp-d16 -mfloat-abi=hard -mthumb -o "Core/Src/main.o"
arm-none-eabi-gcc -o "SPI.elf" @"objects.list"   -mcpu=cortex-m4 -T"C:\FRA222_MICROCONTROLLER\SPI\STM32F411RETX_FLASH.ld" --specs=nosys.specs -Wl,-Map="SPI.map" -Wl,--gc-sections -static --specs=nano.specs -mfpu=fpv4-sp-d16 -mfloat-abi=hard -mthumb -Wl,--start-group -lc -lm -Wl,--end-group
Finished building target: SPI.elf
 
arm-none-eabi-size   SPI.elf 
arm-none-eabi-objdump -h -S  SPI.elf  > "SPI.list"
   text	   data	    bss	    dec	    hex	filename
  10688	     24	   1752	  12464	   30b0	SPI.elf
Finished building: default.size.stdout
 
Finished building: SPI.list
 
18:50:25 **** Incremental Build of configuration Debug for project SPI ****
make -j16 all 
arm-none-eabi-gcc "../Core/Src/main.c" -mcpu=cortex-m4 -std=gnu11 -g3 -DDEBUG -DUSE_HAL_DRIVER -DSTM32F411xE -c -I../Core/Inc -I../Drivers/STM32F4xx_HAL_Driver/Inc -I../Drivers/STM32F4xx_HAL_Driver/Inc/Legacy -I../Drivers/CMSIS/Device/ST/STM32F4xx/Include -I../Drivers/CMSIS/Include -O0 -ffunction-sections -fdata-sections -Wall -fstack-usage -MMD -MP -MF"Core/Src/main.d" -MT"Core/Src/main.o" --specs=nano.specs -mfpu=fpv4-sp-d16 -mfloat-abi=hard -mthumb -o "Core/Src/main.o"
arm-none-eabi-gcc -o "SPI.elf" @"objects.list"   -mcpu=cortex-m4 -T"C:\FRA222_MICROCONTROLLER\SPI\STM32F411RETX_FLASH.ld" --specs=nosys.specs -Wl,-Map="SPI.map" -Wl,--gc-sections -static --specs=nano.specs -mfpu=fpv4-sp-d16 -mfloat-abi=hard -mthumb -Wl,--start-group -lc -lm -Wl,--end-group
Finished building target: SPI.elf
 
arm-none-eabi-size   SPI.elf 
arm-none-eabi-objdump -h -S  SPI.elf  > "SPI.list"
   text	   data	    bss	    dec	    hex	filename
  10676	     24	   1752	  12452	   30a4	SPI.elf
Finished building: default.size.stdout
 
Finished building: SPI.list
 
18:51:30 **** Incremental Build of configuration Debug for project SPI ****
make -j16 all 
arm-none-eabi-gcc "../Core/Src/main.c" -mcpu=cortex-m4 -std=gnu11 -g3 -DDEBUG -DUSE_HAL_DRIVER -DSTM32F411xE -c -I../Core/Inc -I../Drivers/STM32F4xx_HAL_Driver/Inc -I../Drivers/STM32F4xx_HAL_Driver/Inc/Legacy -I../Drivers/CMSIS/Device/ST/STM32F4xx/Include -I../Drivers/CMSIS/Include -O0 -ffunction-sections -fdata-sections -Wall -fstack-usage -MMD -MP -MF"Core/Src/main.d" -MT"Core/Src/main.o" --specs=nano.specs -mfpu=fpv4-sp-d16 -mfloat-abi=hard -mthumb -o "Core/Src/main.o"
../Core/Src/main.c: In function 'SPITxRx_readIO':
../Core/Src/main.c:292:21: error: expected ')' before 'SPITx'
  292 |   if(SPITx[2] != 255 SPITx[2] != 0){
      |     ~               ^~~~~~
      |                     )
make: *** [Core/Src/subdir.mk:34: Core/Src/main.o] Error 1
"make -j16 all" terminated with exit code 2. Build might be incomplete.
18:51:42 **** Incremental Build of configuration Debug for project SPI ****
make -j16 all 
arm-none-eabi-gcc "../Core/Src/main.c" -mcpu=cortex-m4 -std=gnu11 -g3 -DDEBUG -DUSE_HAL_DRIVER -DSTM32F411xE -c -I../Core/Inc -I../Drivers/STM32F4xx_HAL_Driver/Inc -I../Drivers/STM32F4xx_HAL_Driver/Inc/Legacy -I../Drivers/CMSIS/Device/ST/STM32F4xx/Include -I../Drivers/CMSIS/Include -O0 -ffunction-sections -fdata-sections -Wall -fstack-usage -MMD -MP -MF"Core/Src/main.d" -MT"Core/Src/main.o" --specs=nano.specs -mfpu=fpv4-sp-d16 -mfloat-abi=hard -mthumb -o "Core/Src/main.o"
arm-none-eabi-gcc -o "SPI.elf" @"objects.list"   -mcpu=cortex-m4 -T"C:\FRA222_MICROCONTROLLER\SPI\STM32F411RETX_FLASH.ld" --specs=nosys.specs -Wl,-Map="SPI.map" -Wl,--gc-sections -static --specs=nano.specs -mfpu=fpv4-sp-d16 -mfloat-abi=hard -mthumb -Wl,--start-group -lc -lm -Wl,--end-group
Finished building target: SPI.elf
 
arm-none-eabi-size   SPI.elf 
arm-none-eabi-objdump -h -S  SPI.elf  > "SPI.list"
   text	   data	    bss	    dec	    hex	filename
  10684	     24	   1752	  12460	   30ac	SPI.elf
Finished building: default.size.stdout
 
Finished building: SPI.list
 
18:53:03 **** Incremental Build of configuration Debug for project SPI ****
make -j16 all 
arm-none-eabi-gcc "../Core/Src/main.c" -mcpu=cortex-m4 -std=gnu11 -g3 -DDEBUG -DUSE_HAL_DRIVER -DSTM32F411xE -c -I../Core/Inc -I../Drivers/STM32F4xx_HAL_Driver/Inc -I../Drivers/STM32F4xx_HAL_Driver/Inc/Legacy -I../Drivers/CMSIS/Device/ST/STM32F4xx/Include -I../Drivers/CMSIS/Include -O0 -ffunction-sections -fdata-sections -Wall -fstack-usage -MMD -MP -MF"Core/Src/main.d" -MT"Core/Src/main.o" --specs=nano.specs -mfpu=fpv4-sp-d16 -mfloat-abi=hard -mthumb -o "Core/Src/main.o"
arm-none-eabi-gcc -o "SPI.elf" @"objects.list"   -mcpu=cortex-m4 -T"C:\FRA222_MICROCONTROLLER\SPI\STM32F411RETX_FLASH.ld" --specs=nosys.specs -Wl,-Map="SPI.map" -Wl,--gc-sections -static --specs=nano.specs -mfpu=fpv4-sp-d16 -mfloat-abi=hard -mthumb -Wl,--start-group -lc -lm -Wl,--end-group
Finished building target: SPI.elf
 
arm-none-eabi-size   SPI.elf 
arm-none-eabi-objdump -h -S  SPI.elf  > "SPI.list"
   text	   data	    bss	    dec	    hex	filename
  10700	     24	   1752	  12476	   30bc	SPI.elf
Finished building: default.size.stdout
 
Finished building: SPI.list
 
18:53:58 **** Incremental Build of configuration Debug for project SPI ****
make -j16 all 
arm-none-eabi-gcc "../Core/Src/main.c" -mcpu=cortex-m4 -std=gnu11 -g3 -DDEBUG -DUSE_HAL_DRIVER -DSTM32F411xE -c -I../Core/Inc -I../Drivers/STM32F4xx_HAL_Driver/Inc -I../Drivers/STM32F4xx_HAL_Driver/Inc/Legacy -I../Drivers/CMSIS/Device/ST/STM32F4xx/Include -I../Drivers/CMSIS/Include -O0 -ffunction-sections -fdata-sections -Wall -fstack-usage -MMD -MP -MF"Core/Src/main.d" -MT"Core/Src/main.o" --specs=nano.specs -mfpu=fpv4-sp-d16 -mfloat-abi=hard -mthumb -o "Core/Src/main.o"
arm-none-eabi-gcc -o "SPI.elf" @"objects.list"   -mcpu=cortex-m4 -T"C:\FRA222_MICROCONTROLLER\SPI\STM32F411RETX_FLASH.ld" --specs=nosys.specs -Wl,-Map="SPI.map" -Wl,--gc-sections -static --specs=nano.specs -mfpu=fpv4-sp-d16 -mfloat-abi=hard -mthumb -Wl,--start-group -lc -lm -Wl,--end-group
Finished building target: SPI.elf
 
arm-none-eabi-size   SPI.elf 
arm-none-eabi-objdump -h -S  SPI.elf  > "SPI.list"
   text	   data	    bss	    dec	    hex	filename
  10700	     20	   1756	  12476	   30bc	SPI.elf
Finished building: default.size.stdout
 
Finished building: SPI.list
 
18:54:53 **** Incremental Build of configuration Debug for project SPI ****
make -j16 all 
arm-none-eabi-gcc "../Core/Src/main.c" -mcpu=cortex-m4 -std=gnu11 -g3 -DDEBUG -DUSE_HAL_DRIVER -DSTM32F411xE -c -I../Core/Inc -I../Drivers/STM32F4xx_HAL_Driver/Inc -I../Drivers/STM32F4xx_HAL_Driver/Inc/Legacy -I../Drivers/CMSIS/Device/ST/STM32F4xx/Include -I../Drivers/CMSIS/Include -O0 -ffunction-sections -fdata-sections -Wall -fstack-usage -MMD -MP -MF"Core/Src/main.d" -MT"Core/Src/main.o" --specs=nano.specs -mfpu=fpv4-sp-d16 -mfloat-abi=hard -mthumb -o "Core/Src/main.o"
arm-none-eabi-gcc -o "SPI.elf" @"objects.list"   -mcpu=cortex-m4 -T"C:\FRA222_MICROCONTROLLER\SPI\STM32F411RETX_FLASH.ld" --specs=nosys.specs -Wl,-Map="SPI.map" -Wl,--gc-sections -static --specs=nano.specs -mfpu=fpv4-sp-d16 -mfloat-abi=hard -mthumb -Wl,--start-group -lc -lm -Wl,--end-group
Finished building target: SPI.elf
 
arm-none-eabi-size   SPI.elf 
arm-none-eabi-objdump -h -S  SPI.elf  > "SPI.list"
   text	   data	    bss	    dec	    hex	filename
  10700	     24	   1752	  12476	   30bc	SPI.elf
Finished building: default.size.stdout
 
Finished building: SPI.list
 
18:55:26 **** Incremental Build of configuration Debug for project SPI ****
make -j16 all 
arm-none-eabi-gcc "../Core/Src/main.c" -mcpu=cortex-m4 -std=gnu11 -g3 -DDEBUG -DUSE_HAL_DRIVER -DSTM32F411xE -c -I../Core/Inc -I../Drivers/STM32F4xx_HAL_Driver/Inc -I../Drivers/STM32F4xx_HAL_Driver/Inc/Legacy -I../Drivers/CMSIS/Device/ST/STM32F4xx/Include -I../Drivers/CMSIS/Include -O0 -ffunction-sections -fdata-sections -Wall -fstack-usage -MMD -MP -MF"Core/Src/main.d" -MT"Core/Src/main.o" --specs=nano.specs -mfpu=fpv4-sp-d16 -mfloat-abi=hard -mthumb -o "Core/Src/main.o"
arm-none-eabi-gcc -o "SPI.elf" @"objects.list"   -mcpu=cortex-m4 -T"C:\FRA222_MICROCONTROLLER\SPI\STM32F411RETX_FLASH.ld" --specs=nosys.specs -Wl,-Map="SPI.map" -Wl,--gc-sections -static --specs=nano.specs -mfpu=fpv4-sp-d16 -mfloat-abi=hard -mthumb -Wl,--start-group -lc -lm -Wl,--end-group
Finished building target: SPI.elf
 
arm-none-eabi-size   SPI.elf 
arm-none-eabi-objdump -h -S  SPI.elf  > "SPI.list"
   text	   data	    bss	    dec	    hex	filename
  10700	     24	   1752	  12476	   30bc	SPI.elf
Finished building: default.size.stdout
 
Finished building: SPI.list
 
19:03:06 **** Incremental Build of configuration Debug for project SPI ****
make -j16 all 
arm-none-eabi-gcc "../Core/Src/main.c" -mcpu=cortex-m4 -std=gnu11 -g3 -DDEBUG -DUSE_HAL_DRIVER -DSTM32F411xE -c -I../Core/Inc -I../Drivers/STM32F4xx_HAL_Driver/Inc -I../Drivers/STM32F4xx_HAL_Driver/Inc/Legacy -I../Drivers/CMSIS/Device/ST/STM32F4xx/Include -I../Drivers/CMSIS/Include -O0 -ffunction-sections -fdata-sections -Wall -fstack-usage -MMD -MP -MF"Core/Src/main.d" -MT"Core/Src/main.o" --specs=nano.specs -mfpu=fpv4-sp-d16 -mfloat-abi=hard -mthumb -o "Core/Src/main.o"
arm-none-eabi-gcc -o "SPI.elf" @"objects.list"   -mcpu=cortex-m4 -T"C:\FRA222_MICROCONTROLLER\SPI\STM32F411RETX_FLASH.ld" --specs=nosys.specs -Wl,-Map="SPI.map" -Wl,--gc-sections -static --specs=nano.specs -mfpu=fpv4-sp-d16 -mfloat-abi=hard -mthumb -Wl,--start-group -lc -lm -Wl,--end-group
Finished building target: SPI.elf
 
arm-none-eabi-size   SPI.elf 
arm-none-eabi-objdump -h -S  SPI.elf  > "SPI.list"
   text	   data	    bss	    dec	    hex	filename
  10688	     20	   1756	  12464	   30b0	SPI.elf
Finished building: default.size.stdout
 
Finished building: SPI.list
 
19:04:40 **** Incremental Build of configuration Debug for project SPI ****
make -j16 all 
arm-none-eabi-gcc "../Core/Src/main.c" -mcpu=cortex-m4 -std=gnu11 -g3 -DDEBUG -DUSE_HAL_DRIVER -DSTM32F411xE -c -I../Core/Inc -I../Drivers/STM32F4xx_HAL_Driver/Inc -I../Drivers/STM32F4xx_HAL_Driver/Inc/Legacy -I../Drivers/CMSIS/Device/ST/STM32F4xx/Include -I../Drivers/CMSIS/Include -O0 -ffunction-sections -fdata-sections -Wall -fstack-usage -MMD -MP -MF"Core/Src/main.d" -MT"Core/Src/main.o" --specs=nano.specs -mfpu=fpv4-sp-d16 -mfloat-abi=hard -mthumb -o "Core/Src/main.o"
arm-none-eabi-gcc -o "SPI.elf" @"objects.list"   -mcpu=cortex-m4 -T"C:\FRA222_MICROCONTROLLER\SPI\STM32F411RETX_FLASH.ld" --specs=nosys.specs -Wl,-Map="SPI.map" -Wl,--gc-sections -static --specs=nano.specs -mfpu=fpv4-sp-d16 -mfloat-abi=hard -mthumb -Wl,--start-group -lc -lm -Wl,--end-group
Finished building target: SPI.elf
 
arm-none-eabi-size   SPI.elf 
arm-none-eabi-objdump -h -S  SPI.elf  > "SPI.list"
   text	   data	    bss	    dec	    hex	filename
  10688	     20	   1756	  12464	   30b0	SPI.elf
Finished building: default.size.stdout
 
Finished building: SPI.list
 
19:10:34 **** Incremental Build of configuration Debug for project SPI ****
make -j16 all 
arm-none-eabi-gcc "../Core/Src/main.c" -mcpu=cortex-m4 -std=gnu11 -g3 -DDEBUG -DUSE_HAL_DRIVER -DSTM32F411xE -c -I../Core/Inc -I../Drivers/STM32F4xx_HAL_Driver/Inc -I../Drivers/STM32F4xx_HAL_Driver/Inc/Legacy -I../Drivers/CMSIS/Device/ST/STM32F4xx/Include -I../Drivers/CMSIS/Include -O0 -ffunction-sections -fdata-sections -Wall -fstack-usage -MMD -MP -MF"Core/Src/main.d" -MT"Core/Src/main.o" --specs=nano.specs -mfpu=fpv4-sp-d16 -mfloat-abi=hard -mthumb -o "Core/Src/main.o"
../Core/Src/main.c:299:6: error: redefinition of 'SPITxRx_readIO'
  299 | void SPITxRx_readIO(){
      |      ^~~~~~~~~~~~~~
../Core/Src/main.c:285:6: note: previous definition of 'SPITxRx_readIO' was here
  285 | void SPITxRx_readIO(){
      |      ^~~~~~~~~~~~~~
make: *** [Core/Src/subdir.mk:34: Core/Src/main.o] Error 1
"make -j16 all" terminated with exit code 2. Build might be incomplete.
19:11:45 **** Incremental Build of configuration Debug for project SPI ****
make -j16 all 
arm-none-eabi-gcc "../Core/Src/main.c" -mcpu=cortex-m4 -std=gnu11 -g3 -DDEBUG -DUSE_HAL_DRIVER -DSTM32F411xE -c -I../Core/Inc -I../Drivers/STM32F4xx_HAL_Driver/Inc -I../Drivers/STM32F4xx_HAL_Driver/Inc/Legacy -I../Drivers/CMSIS/Device/ST/STM32F4xx/Include -I../Drivers/CMSIS/Include -O0 -ffunction-sections -fdata-sections -Wall -fstack-usage -MMD -MP -MF"Core/Src/main.d" -MT"Core/Src/main.o" --specs=nano.specs -mfpu=fpv4-sp-d16 -mfloat-abi=hard -mthumb -o "Core/Src/main.o"
../Core/Src/main.c: In function 'SPITxRx_writeIO':
../Core/Src/main.c:75:1: error: expected '=', ',', ';', 'asm' or '__attribute__' before '{' token
   75 | {
      | ^
../Core/Src/main.c:122:1: error: expected '=', ',', ';', 'asm' or '__attribute__' before '{' token
  122 | {
      | ^
../Core/Src/main.c:169:1: error: expected '=', ',', ';', 'asm' or '__attribute__' before '{' token
  169 | {
      | ^
../Core/Src/main.c:207:1: error: expected '=', ',', ';', 'asm' or '__attribute__' before '{' token
  207 | {
      | ^
../Core/Src/main.c:240:1: error: expected '=', ',', ';', 'asm' or '__attribute__' before '{' token
  240 | {
      | ^
../Core/Src/main.c:279:21: error: expected '=', ',', ';', 'asm' or '__attribute__' before '{' token
  279 | void SPITxRx_Setup(){
      |                     ^
../Core/Src/main.c:287:22: error: expected '=', ',', ';', 'asm' or '__attribute__' before '{' token
  287 | void SPITxRx_readIO(){
      |                      ^
../Core/Src/main.c:301:23: error: expected '=', ',', ';', 'asm' or '__attribute__' before '{' token
  301 | void SPITxRx_writeIO(){
      |                       ^
../Core/Src/main.c:321:55: error: expected '=', ',', ';', 'asm' or '__attribute__' before '{' token
  321 | void HAL_SPI_TxRxCpltCallback(SPI_HandleTypeDef *hspi){
      |                                                       ^
../Core/Src/main.c:331:1: error: expected '=', ',', ';', 'asm' or '__attribute__' before '{' token
  331 | {
      | ^
../Core/Src/main.c:357: error: expected '{' at end of input
../Core/Src/main.c: At top level:
../Core/Src/main.c:56:13: warning: 'MX_GPIO_Init' declared 'static' but never defined [-Wunused-function]
   56 | static void MX_GPIO_Init(void);
      |             ^~~~~~~~~~~~
../Core/Src/main.c:57:13: warning: 'MX_USART2_UART_Init' declared 'static' but never defined [-Wunused-function]
   57 | static void MX_USART2_UART_Init(void);
      |             ^~~~~~~~~~~~~~~~~~~
../Core/Src/main.c:58:13: warning: 'MX_SPI3_Init' declared 'static' but never defined [-Wunused-function]
   58 | static void MX_SPI3_Init(void);
      |             ^~~~~~~~~~~~
make: *** [Core/Src/subdir.mk:34: Core/Src/main.o] Error 1
"make -j16 all" terminated with exit code 2. Build might be incomplete.
19:11:51 **** Incremental Build of configuration Debug for project SPI ****
make -j16 all 
arm-none-eabi-gcc "../Core/Src/main.c" -mcpu=cortex-m4 -std=gnu11 -g3 -DDEBUG -DUSE_HAL_DRIVER -DSTM32F411xE -c -I../Core/Inc -I../Drivers/STM32F4xx_HAL_Driver/Inc -I../Drivers/STM32F4xx_HAL_Driver/Inc/Legacy -I../Drivers/CMSIS/Device/ST/STM32F4xx/Include -I../Drivers/CMSIS/Include -O0 -ffunction-sections -fdata-sections -Wall -fstack-usage -MMD -MP -MF"Core/Src/main.d" -MT"Core/Src/main.o" --specs=nano.specs -mfpu=fpv4-sp-d16 -mfloat-abi=hard -mthumb -o "Core/Src/main.o"
../Core/Src/main.c: In function 'SPITxRx_writeIO':
../Core/Src/main.c:75:1: error: expected '=', ',', ';', 'asm' or '__attribute__' before '{' token
   75 | {
      | ^
../Core/Src/main.c:122:1: error: expected '=', ',', ';', 'asm' or '__attribute__' before '{' token
  122 | {
      | ^
../Core/Src/main.c:169:1: error: expected '=', ',', ';', 'asm' or '__attribute__' before '{' token
  169 | {
      | ^
../Core/Src/main.c:207:1: error: expected '=', ',', ';', 'asm' or '__attribute__' before '{' token
  207 | {
      | ^
../Core/Src/main.c:240:1: error: expected '=', ',', ';', 'asm' or '__attribute__' before '{' token
  240 | {
      | ^
../Core/Src/main.c:279:21: error: expected '=', ',', ';', 'asm' or '__attribute__' before '{' token
  279 | void SPITxRx_Setup(){
      |                     ^
../Core/Src/main.c:287:22: error: expected '=', ',', ';', 'asm' or '__attribute__' before '{' token
  287 | void SPITxRx_readIO(){
      |                      ^
../Core/Src/main.c:301:23: error: expected '=', ',', ';', 'asm' or '__attribute__' before '{' token
  301 | void SPITxRx_writeIO(){
      |                       ^
../Core/Src/main.c:321:55: error: expected '=', ',', ';', 'asm' or '__attribute__' before '{' token
  321 | void HAL_SPI_TxRxCpltCallback(SPI_HandleTypeDef *hspi){
      |                                                       ^
../Core/Src/main.c:331:1: error: expected '=', ',', ';', 'asm' or '__attribute__' before '{' token
  331 | {
      | ^
../Core/Src/main.c:357: error: expected '{' at end of input
../Core/Src/main.c: At top level:
../Core/Src/main.c:56:13: warning: 'MX_GPIO_Init' declared 'static' but never defined [-Wunused-function]
   56 | static void MX_GPIO_Init(void);
      |             ^~~~~~~~~~~~
../Core/Src/main.c:57:13: warning: 'MX_USART2_UART_Init' declared 'static' but never defined [-Wunused-function]
   57 | static void MX_USART2_UART_Init(void);
      |             ^~~~~~~~~~~~~~~~~~~
../Core/Src/main.c:58:13: warning: 'MX_SPI3_Init' declared 'static' but never defined [-Wunused-function]
   58 | static void MX_SPI3_Init(void);
      |             ^~~~~~~~~~~~
make: *** [Core/Src/subdir.mk:34: Core/Src/main.o] Error 1
"make -j16 all" terminated with exit code 2. Build might be incomplete.
19:12:33 **** Incremental Build of configuration Debug for project SPI ****
make -j16 all 
arm-none-eabi-gcc "../Core/Src/main.c" -mcpu=cortex-m4 -std=gnu11 -g3 -DDEBUG -DUSE_HAL_DRIVER -DSTM32F411xE -c -I../Core/Inc -I../Drivers/STM32F4xx_HAL_Driver/Inc -I../Drivers/STM32F4xx_HAL_Driver/Inc/Legacy -I../Drivers/CMSIS/Device/ST/STM32F4xx/Include -I../Drivers/CMSIS/Include -O0 -ffunction-sections -fdata-sections -Wall -fstack-usage -MMD -MP -MF"Core/Src/main.d" -MT"Core/Src/main.o" --specs=nano.specs -mfpu=fpv4-sp-d16 -mfloat-abi=hard -mthumb -o "Core/Src/main.o"
../Core/Src/main.c: In function 'SPITxRx_writeIO':
../Core/Src/main.c:75:1: error: expected '=', ',', ';', 'asm' or '__attribute__' before '{' token
   75 | {
      | ^
../Core/Src/main.c:122:1: error: expected '=', ',', ';', 'asm' or '__attribute__' before '{' token
  122 | {
      | ^
../Core/Src/main.c:169:1: error: expected '=', ',', ';', 'asm' or '__attribute__' before '{' token
  169 | {
      | ^
../Core/Src/main.c:207:1: error: expected '=', ',', ';', 'asm' or '__attribute__' before '{' token
  207 | {
      | ^
../Core/Src/main.c:240:1: error: expected '=', ',', ';', 'asm' or '__attribute__' before '{' token
  240 | {
      | ^
../Core/Src/main.c:279:21: error: expected '=', ',', ';', 'asm' or '__attribute__' before '{' token
  279 | void SPITxRx_Setup(){
      |                     ^
../Core/Src/main.c:287:22: error: expected '=', ',', ';', 'asm' or '__attribute__' before '{' token
  287 | void SPITxRx_readIO(){
      |                      ^
../Core/Src/main.c:301:23: error: expected '=', ',', ';', 'asm' or '__attribute__' before '{' token
  301 | void SPITxRx_writeIO(){
      |                       ^
../Core/Src/main.c:321:55: error: expected '=', ',', ';', 'asm' or '__attribute__' before '{' token
  321 | void HAL_SPI_TxRxCpltCallback(SPI_HandleTypeDef *hspi){
      |                                                       ^
../Core/Src/main.c:331:1: error: expected '=', ',', ';', 'asm' or '__attribute__' before '{' token
  331 | {
      | ^
../Core/Src/main.c:357: error: expected '{' at end of input
../Core/Src/main.c: At top level:
../Core/Src/main.c:56:13: warning: 'MX_GPIO_Init' declared 'static' but never defined [-Wunused-function]
   56 | static void MX_GPIO_Init(void);
      |             ^~~~~~~~~~~~
../Core/Src/main.c:57:13: warning: 'MX_USART2_UART_Init' declared 'static' but never defined [-Wunused-function]
   57 | static void MX_USART2_UART_Init(void);
      |             ^~~~~~~~~~~~~~~~~~~
../Core/Src/main.c:58:13: warning: 'MX_SPI3_Init' declared 'static' but never defined [-Wunused-function]
   58 | static void MX_SPI3_Init(void);
      |             ^~~~~~~~~~~~
make: *** [Core/Src/subdir.mk:34: Core/Src/main.o] Error 1
"make -j16 all" terminated with exit code 2. Build might be incomplete.
19:13:24 **** Incremental Build of configuration Debug for project SPI ****
make -j16 all 
arm-none-eabi-gcc "../Core/Src/main.c" -mcpu=cortex-m4 -std=gnu11 -g3 -DDEBUG -DUSE_HAL_DRIVER -DSTM32F411xE -c -I../Core/Inc -I../Drivers/STM32F4xx_HAL_Driver/Inc -I../Drivers/STM32F4xx_HAL_Driver/Inc/Legacy -I../Drivers/CMSIS/Device/ST/STM32F4xx/Include -I../Drivers/CMSIS/Include -O0 -ffunction-sections -fdata-sections -Wall -fstack-usage -MMD -MP -MF"Core/Src/main.d" -MT"Core/Src/main.o" --specs=nano.specs -mfpu=fpv4-sp-d16 -mfloat-abi=hard -mthumb -o "Core/Src/main.o"
arm-none-eabi-gcc -o "SPI.elf" @"objects.list"   -mcpu=cortex-m4 -T"C:\FRA222_MICROCONTROLLER\SPI\STM32F411RETX_FLASH.ld" --specs=nosys.specs -Wl,-Map="SPI.map" -Wl,--gc-sections -static --specs=nano.specs -mfpu=fpv4-sp-d16 -mfloat-abi=hard -mthumb -Wl,--start-group -lc -lm -Wl,--end-group
Finished building target: SPI.elf
 
arm-none-eabi-size   SPI.elf 
arm-none-eabi-objdump -h -S  SPI.elf  > "SPI.list"
   text	   data	    bss	    dec	    hex	filename
  10776	     20	   1756	  12552	   3108	SPI.elf
Finished building: default.size.stdout
 
Finished building: SPI.list
 
19:19:18 **** Incremental Build of configuration Debug for project SPI ****
make -j16 all 
arm-none-eabi-gcc "../Core/Src/main.c" -mcpu=cortex-m4 -std=gnu11 -g3 -DDEBUG -DUSE_HAL_DRIVER -DSTM32F411xE -c -I../Core/Inc -I../Drivers/STM32F4xx_HAL_Driver/Inc -I../Drivers/STM32F4xx_HAL_Driver/Inc/Legacy -I../Drivers/CMSIS/Device/ST/STM32F4xx/Include -I../Drivers/CMSIS/Include -O0 -ffunction-sections -fdata-sections -Wall -fstack-usage -MMD -MP -MF"Core/Src/main.d" -MT"Core/Src/main.o" --specs=nano.specs -mfpu=fpv4-sp-d16 -mfloat-abi=hard -mthumb -o "Core/Src/main.o"
../Core/Src/main.c: In function 'SPITxRx_writeIO':
../Core/Src/main.c:308:40: error: expected ';' before '}' token
  308 |   HAL_SPI_Transmit_IT(&hspi3, TxLed, 3)
      |                                        ^
      |                                        ;
  309 |  }
      |  ~                                      
make: *** [Core/Src/subdir.mk:34: Core/Src/main.o] Error 1
"make -j16 all" terminated with exit code 2. Build might be incomplete.
19:19:23 **** Incremental Build of configuration Debug for project SPI ****
make -j16 all 
arm-none-eabi-gcc "../Core/Src/main.c" -mcpu=cortex-m4 -std=gnu11 -g3 -DDEBUG -DUSE_HAL_DRIVER -DSTM32F411xE -c -I../Core/Inc -I../Drivers/STM32F4xx_HAL_Driver/Inc -I../Drivers/STM32F4xx_HAL_Driver/Inc/Legacy -I../Drivers/CMSIS/Device/ST/STM32F4xx/Include -I../Drivers/CMSIS/Include -O0 -ffunction-sections -fdata-sections -Wall -fstack-usage -MMD -MP -MF"Core/Src/main.d" -MT"Core/Src/main.o" --specs=nano.specs -mfpu=fpv4-sp-d16 -mfloat-abi=hard -mthumb -o "Core/Src/main.o"
arm-none-eabi-gcc -o "SPI.elf" @"objects.list"   -mcpu=cortex-m4 -T"C:\FRA222_MICROCONTROLLER\SPI\STM32F411RETX_FLASH.ld" --specs=nosys.specs -Wl,-Map="SPI.map" -Wl,--gc-sections -static --specs=nano.specs -mfpu=fpv4-sp-d16 -mfloat-abi=hard -mthumb -Wl,--start-group -lc -lm -Wl,--end-group
Finished building target: SPI.elf
 
arm-none-eabi-size   SPI.elf 
arm-none-eabi-objdump -h -S  SPI.elf  > "SPI.list"
   text	   data	    bss	    dec	    hex	filename
  11392	     20	   1764	  13176	   3378	SPI.elf
Finished building: default.size.stdout
 
Finished building: SPI.list
 
19:21:52 **** Incremental Build of configuration Debug for project SPI ****
make -j16 all 
arm-none-eabi-gcc "../Core/Src/main.c" -mcpu=cortex-m4 -std=gnu11 -g3 -DDEBUG -DUSE_HAL_DRIVER -DSTM32F411xE -c -I../Core/Inc -I../Drivers/STM32F4xx_HAL_Driver/Inc -I../Drivers/STM32F4xx_HAL_Driver/Inc/Legacy -I../Drivers/CMSIS/Device/ST/STM32F4xx/Include -I../Drivers/CMSIS/Include -O0 -ffunction-sections -fdata-sections -Wall -fstack-usage -MMD -MP -MF"Core/Src/main.d" -MT"Core/Src/main.o" --specs=nano.specs -mfpu=fpv4-sp-d16 -mfloat-abi=hard -mthumb -o "Core/Src/main.o"
arm-none-eabi-gcc -o "SPI.elf" @"objects.list"   -mcpu=cortex-m4 -T"C:\FRA222_MICROCONTROLLER\SPI\STM32F411RETX_FLASH.ld" --specs=nosys.specs -Wl,-Map="SPI.map" -Wl,--gc-sections -static --specs=nano.specs -mfpu=fpv4-sp-d16 -mfloat-abi=hard -mthumb -Wl,--start-group -lc -lm -Wl,--end-group
Finished building target: SPI.elf
 
arm-none-eabi-size   SPI.elf 
arm-none-eabi-objdump -h -S  SPI.elf  > "SPI.list"
   text	   data	    bss	    dec	    hex	filename
  11392	     20	   1764	  13176	   3378	SPI.elf
Finished building: default.size.stdout
 
Finished building: SPI.list
 
19:27:12 **** Incremental Build of configuration Debug for project SPI ****
make -j16 all 
arm-none-eabi-gcc "../Core/Src/main.c" -mcpu=cortex-m4 -std=gnu11 -g3 -DDEBUG -DUSE_HAL_DRIVER -DSTM32F411xE -c -I../Core/Inc -I../Drivers/STM32F4xx_HAL_Driver/Inc -I../Drivers/STM32F4xx_HAL_Driver/Inc/Legacy -I../Drivers/CMSIS/Device/ST/STM32F4xx/Include -I../Drivers/CMSIS/Include -O0 -ffunction-sections -fdata-sections -Wall -fstack-usage -MMD -MP -MF"Core/Src/main.d" -MT"Core/Src/main.o" --specs=nano.specs -mfpu=fpv4-sp-d16 -mfloat-abi=hard -mthumb -o "Core/Src/main.o"
arm-none-eabi-gcc -o "SPI.elf" @"objects.list"   -mcpu=cortex-m4 -T"C:\FRA222_MICROCONTROLLER\SPI\STM32F411RETX_FLASH.ld" --specs=nosys.specs -Wl,-Map="SPI.map" -Wl,--gc-sections -static --specs=nano.specs -mfpu=fpv4-sp-d16 -mfloat-abi=hard -mthumb -Wl,--start-group -lc -lm -Wl,--end-group
Finished building target: SPI.elf
 
arm-none-eabi-size   SPI.elf 
arm-none-eabi-objdump -h -S  SPI.elf  > "SPI.list"
   text	   data	    bss	    dec	    hex	filename
  11404	     20	   1764	  13188	   3384	SPI.elf
Finished building: default.size.stdout
 
Finished building: SPI.list
 
19:34:55 **** Incremental Build of configuration Debug for project SPI ****
make -j16 all 
arm-none-eabi-gcc "../Core/Src/main.c" -mcpu=cortex-m4 -std=gnu11 -g3 -DDEBUG -DUSE_HAL_DRIVER -DSTM32F411xE -c -I../Core/Inc -I../Drivers/STM32F4xx_HAL_Driver/Inc -I../Drivers/STM32F4xx_HAL_Driver/Inc/Legacy -I../Drivers/CMSIS/Device/ST/STM32F4xx/Include -I../Drivers/CMSIS/Include -O0 -ffunction-sections -fdata-sections -Wall -fstack-usage -MMD -MP -MF"Core/Src/main.d" -MT"Core/Src/main.o" --specs=nano.specs -mfpu=fpv4-sp-d16 -mfloat-abi=hard -mthumb -o "Core/Src/main.o"
arm-none-eabi-gcc -o "SPI.elf" @"objects.list"   -mcpu=cortex-m4 -T"C:\FRA222_MICROCONTROLLER\SPI\STM32F411RETX_FLASH.ld" --specs=nosys.specs -Wl,-Map="SPI.map" -Wl,--gc-sections -static --specs=nano.specs -mfpu=fpv4-sp-d16 -mfloat-abi=hard -mthumb -Wl,--start-group -lc -lm -Wl,--end-group
Finished building target: SPI.elf
 
arm-none-eabi-size   SPI.elf 
arm-none-eabi-objdump -h -S  SPI.elf  > "SPI.list"
   text	   data	    bss	    dec	    hex	filename
  11392	     20	   1764	  13176	   3378	SPI.elf
Finished building: default.size.stdout
 
Finished building: SPI.list
 
19:42:41 **** Incremental Build of configuration Debug for project SPI ****
make -j16 all 
arm-none-eabi-gcc "../Core/Src/main.c" -mcpu=cortex-m4 -std=gnu11 -g3 -DDEBUG -DUSE_HAL_DRIVER -DSTM32F411xE -c -I../Core/Inc -I../Drivers/STM32F4xx_HAL_Driver/Inc -I../Drivers/STM32F4xx_HAL_Driver/Inc/Legacy -I../Drivers/CMSIS/Device/ST/STM32F4xx/Include -I../Drivers/CMSIS/Include -O0 -ffunction-sections -fdata-sections -Wall -fstack-usage -MMD -MP -MF"Core/Src/main.d" -MT"Core/Src/main.o" --specs=nano.specs -mfpu=fpv4-sp-d16 -mfloat-abi=hard -mthumb -o "Core/Src/main.o"
arm-none-eabi-gcc -o "SPI.elf" @"objects.list"   -mcpu=cortex-m4 -T"C:\FRA222_MICROCONTROLLER\SPI\STM32F411RETX_FLASH.ld" --specs=nosys.specs -Wl,-Map="SPI.map" -Wl,--gc-sections -static --specs=nano.specs -mfpu=fpv4-sp-d16 -mfloat-abi=hard -mthumb -Wl,--start-group -lc -lm -Wl,--end-group
Finished building target: SPI.elf
 
arm-none-eabi-size   SPI.elf 
arm-none-eabi-objdump -h -S  SPI.elf  > "SPI.list"
   text	   data	    bss	    dec	    hex	filename
  11416	     20	   1764	  13200	   3390	SPI.elf
Finished building: default.size.stdout
 
Finished building: SPI.list
 
19:53:53 **** Incremental Build of configuration Debug for project SPI ****
make -j16 all 
arm-none-eabi-gcc "../Core/Src/main.c" -mcpu=cortex-m4 -std=gnu11 -g3 -DDEBUG -DUSE_HAL_DRIVER -DSTM32F411xE -c -I../Core/Inc -I../Drivers/STM32F4xx_HAL_Driver/Inc -I../Drivers/STM32F4xx_HAL_Driver/Inc/Legacy -I../Drivers/CMSIS/Device/ST/STM32F4xx/Include -I../Drivers/CMSIS/Include -O0 -ffunction-sections -fdata-sections -Wall -fstack-usage -MMD -MP -MF"Core/Src/main.d" -MT"Core/Src/main.o" --specs=nano.specs -mfpu=fpv4-sp-d16 -mfloat-abi=hard -mthumb -o "Core/Src/main.o"
arm-none-eabi-gcc -o "SPI.elf" @"objects.list"   -mcpu=cortex-m4 -T"C:\FRA222_MICROCONTROLLER\SPI\STM32F411RETX_FLASH.ld" --specs=nosys.specs -Wl,-Map="SPI.map" -Wl,--gc-sections -static --specs=nano.specs -mfpu=fpv4-sp-d16 -mfloat-abi=hard -mthumb -Wl,--start-group -lc -lm -Wl,--end-group
Finished building target: SPI.elf
 
arm-none-eabi-size   SPI.elf 
arm-none-eabi-objdump -h -S  SPI.elf  > "SPI.list"
   text	   data	    bss	    dec	    hex	filename
  11440	     20	   1764	  13224	   33a8	SPI.elf
Finished building: default.size.stdout
 
Finished building: SPI.list
 
19:54:42 **** Incremental Build of configuration Debug for project SPI ****
make -j16 all 
arm-none-eabi-gcc "../Core/Src/main.c" -mcpu=cortex-m4 -std=gnu11 -g3 -DDEBUG -DUSE_HAL_DRIVER -DSTM32F411xE -c -I../Core/Inc -I../Drivers/STM32F4xx_HAL_Driver/Inc -I../Drivers/STM32F4xx_HAL_Driver/Inc/Legacy -I../Drivers/CMSIS/Device/ST/STM32F4xx/Include -I../Drivers/CMSIS/Include -O0 -ffunction-sections -fdata-sections -Wall -fstack-usage -MMD -MP -MF"Core/Src/main.d" -MT"Core/Src/main.o" --specs=nano.specs -mfpu=fpv4-sp-d16 -mfloat-abi=hard -mthumb -o "Core/Src/main.o"
arm-none-eabi-gcc -o "SPI.elf" @"objects.list"   -mcpu=cortex-m4 -T"C:\FRA222_MICROCONTROLLER\SPI\STM32F411RETX_FLASH.ld" --specs=nosys.specs -Wl,-Map="SPI.map" -Wl,--gc-sections -static --specs=nano.specs -mfpu=fpv4-sp-d16 -mfloat-abi=hard -mthumb -Wl,--start-group -lc -lm -Wl,--end-group
Finished building target: SPI.elf
 
arm-none-eabi-size   SPI.elf 
arm-none-eabi-objdump -h -S  SPI.elf  > "SPI.list"
   text	   data	    bss	    dec	    hex	filename
  11444	     20	   1764	  13228	   33ac	SPI.elf
Finished building: default.size.stdout
 
Finished building: SPI.list
 
19:55:58 **** Incremental Build of configuration Debug for project SPI ****
make -j16 all 
arm-none-eabi-gcc "../Core/Src/main.c" -mcpu=cortex-m4 -std=gnu11 -g3 -DDEBUG -DUSE_HAL_DRIVER -DSTM32F411xE -c -I../Core/Inc -I../Drivers/STM32F4xx_HAL_Driver/Inc -I../Drivers/STM32F4xx_HAL_Driver/Inc/Legacy -I../Drivers/CMSIS/Device/ST/STM32F4xx/Include -I../Drivers/CMSIS/Include -O0 -ffunction-sections -fdata-sections -Wall -fstack-usage -MMD -MP -MF"Core/Src/main.d" -MT"Core/Src/main.o" --specs=nano.specs -mfpu=fpv4-sp-d16 -mfloat-abi=hard -mthumb -o "Core/Src/main.o"
arm-none-eabi-gcc -o "SPI.elf" @"objects.list"   -mcpu=cortex-m4 -T"C:\FRA222_MICROCONTROLLER\SPI\STM32F411RETX_FLASH.ld" --specs=nosys.specs -Wl,-Map="SPI.map" -Wl,--gc-sections -static --specs=nano.specs -mfpu=fpv4-sp-d16 -mfloat-abi=hard -mthumb -Wl,--start-group -lc -lm -Wl,--end-group
Finished building target: SPI.elf
 
arm-none-eabi-size   SPI.elf 
arm-none-eabi-objdump -h -S  SPI.elf  > "SPI.list"
   text	   data	    bss	    dec	    hex	filename
  11436	     20	   1764	  13220	   33a4	SPI.elf
Finished building: default.size.stdout
 
Finished building: SPI.list
 
20:03:46 **** Incremental Build of configuration Debug for project SPI ****
make -j16 all 
arm-none-eabi-gcc "../Core/Src/main.c" -mcpu=cortex-m4 -std=gnu11 -g3 -DDEBUG -DUSE_HAL_DRIVER -DSTM32F411xE -c -I../Core/Inc -I../Drivers/STM32F4xx_HAL_Driver/Inc -I../Drivers/STM32F4xx_HAL_Driver/Inc/Legacy -I../Drivers/CMSIS/Device/ST/STM32F4xx/Include -I../Drivers/CMSIS/Include -O0 -ffunction-sections -fdata-sections -Wall -fstack-usage -MMD -MP -MF"Core/Src/main.d" -MT"Core/Src/main.o" --specs=nano.specs -mfpu=fpv4-sp-d16 -mfloat-abi=hard -mthumb -o "Core/Src/main.o"
arm-none-eabi-gcc -o "SPI.elf" @"objects.list"   -mcpu=cortex-m4 -T"C:\FRA222_MICROCONTROLLER\SPI\STM32F411RETX_FLASH.ld" --specs=nosys.specs -Wl,-Map="SPI.map" -Wl,--gc-sections -static --specs=nano.specs -mfpu=fpv4-sp-d16 -mfloat-abi=hard -mthumb -Wl,--start-group -lc -lm -Wl,--end-group
Finished building target: SPI.elf
 
arm-none-eabi-size   SPI.elf 
arm-none-eabi-objdump -h -S  SPI.elf  > "SPI.list"
   text	   data	    bss	    dec	    hex	filename
  11480	     52	   1776	  13308	   33fc	SPI.elf
Finished building: default.size.stdout
 
Finished building: SPI.list
 
20:05:20 **** Incremental Build of configuration Debug for project SPI ****
make -j16 all 
arm-none-eabi-gcc "../Core/Src/main.c" -mcpu=cortex-m4 -std=gnu11 -g3 -DDEBUG -DUSE_HAL_DRIVER -DSTM32F411xE -c -I../Core/Inc -I../Drivers/STM32F4xx_HAL_Driver/Inc -I../Drivers/STM32F4xx_HAL_Driver/Inc/Legacy -I../Drivers/CMSIS/Device/ST/STM32F4xx/Include -I../Drivers/CMSIS/Include -O0 -ffunction-sections -fdata-sections -Wall -fstack-usage -MMD -MP -MF"Core/Src/main.d" -MT"Core/Src/main.o" --specs=nano.specs -mfpu=fpv4-sp-d16 -mfloat-abi=hard -mthumb -o "Core/Src/main.o"
arm-none-eabi-gcc -o "SPI.elf" @"objects.list"   -mcpu=cortex-m4 -T"C:\FRA222_MICROCONTROLLER\SPI\STM32F411RETX_FLASH.ld" --specs=nosys.specs -Wl,-Map="SPI.map" -Wl,--gc-sections -static --specs=nano.specs -mfpu=fpv4-sp-d16 -mfloat-abi=hard -mthumb -Wl,--start-group -lc -lm -Wl,--end-group
Finished building target: SPI.elf
 
arm-none-eabi-size   SPI.elf 
arm-none-eabi-objdump -h -S  SPI.elf  > "SPI.list"
   text	   data	    bss	    dec	    hex	filename
  11436	     20	   1776	  13232	   33b0	SPI.elf
Finished building: default.size.stdout
 
Finished building: SPI.list
 
20:10:12 **** Incremental Build of configuration Debug for project SPI ****
make -j16 all 
arm-none-eabi-gcc "../Core/Src/main.c" -mcpu=cortex-m4 -std=gnu11 -g3 -DDEBUG -DUSE_HAL_DRIVER -DSTM32F411xE -c -I../Core/Inc -I../Drivers/STM32F4xx_HAL_Driver/Inc -I../Drivers/STM32F4xx_HAL_Driver/Inc/Legacy -I../Drivers/CMSIS/Device/ST/STM32F4xx/Include -I../Drivers/CMSIS/Include -O0 -ffunction-sections -fdata-sections -Wall -fstack-usage -MMD -MP -MF"Core/Src/main.d" -MT"Core/Src/main.o" --specs=nano.specs -mfpu=fpv4-sp-d16 -mfloat-abi=hard -mthumb -o "Core/Src/main.o"
arm-none-eabi-gcc -o "SPI.elf" @"objects.list"   -mcpu=cortex-m4 -T"C:\FRA222_MICROCONTROLLER\SPI\STM32F411RETX_FLASH.ld" --specs=nosys.specs -Wl,-Map="SPI.map" -Wl,--gc-sections -static --specs=nano.specs -mfpu=fpv4-sp-d16 -mfloat-abi=hard -mthumb -Wl,--start-group -lc -lm -Wl,--end-group
Finished building target: SPI.elf
 
arm-none-eabi-size   SPI.elf 
arm-none-eabi-objdump -h -S  SPI.elf  > "SPI.list"
   text	   data	    bss	    dec	    hex	filename
  11436	     20	   1776	  13232	   33b0	SPI.elf
Finished building: default.size.stdout
 
Finished building: SPI.list
 
20:15:59 **** Incremental Build of configuration Debug for project SPI ****
make -j16 all 
arm-none-eabi-gcc "../Core/Src/main.c" -mcpu=cortex-m4 -std=gnu11 -g3 -DDEBUG -DUSE_HAL_DRIVER -DSTM32F411xE -c -I../Core/Inc -I../Drivers/STM32F4xx_HAL_Driver/Inc -I../Drivers/STM32F4xx_HAL_Driver/Inc/Legacy -I../Drivers/CMSIS/Device/ST/STM32F4xx/Include -I../Drivers/CMSIS/Include -O0 -ffunction-sections -fdata-sections -Wall -fstack-usage -MMD -MP -MF"Core/Src/main.d" -MT"Core/Src/main.o" --specs=nano.specs -mfpu=fpv4-sp-d16 -mfloat-abi=hard -mthumb -o "Core/Src/main.o"
arm-none-eabi-gcc -o "SPI.elf" @"objects.list"   -mcpu=cortex-m4 -T"C:\FRA222_MICROCONTROLLER\SPI\STM32F411RETX_FLASH.ld" --specs=nosys.specs -Wl,-Map="SPI.map" -Wl,--gc-sections -static --specs=nano.specs -mfpu=fpv4-sp-d16 -mfloat-abi=hard -mthumb -Wl,--start-group -lc -lm -Wl,--end-group
Finished building target: SPI.elf
 
arm-none-eabi-size   SPI.elf 
arm-none-eabi-objdump -h -S  SPI.elf  > "SPI.list"
   text	   data	    bss	    dec	    hex	filename
  11516	     52	   1776	  13344	   3420	SPI.elf
Finished building: default.size.stdout
 
Finished building: SPI.list
 
20:17:16 **** Incremental Build of configuration Debug for project SPI ****
make -j16 all 
arm-none-eabi-gcc "../Core/Src/main.c" -mcpu=cortex-m4 -std=gnu11 -g3 -DDEBUG -DUSE_HAL_DRIVER -DSTM32F411xE -c -I../Core/Inc -I../Drivers/STM32F4xx_HAL_Driver/Inc -I../Drivers/STM32F4xx_HAL_Driver/Inc/Legacy -I../Drivers/CMSIS/Device/ST/STM32F4xx/Include -I../Drivers/CMSIS/Include -O0 -ffunction-sections -fdata-sections -Wall -fstack-usage -MMD -MP -MF"Core/Src/main.d" -MT"Core/Src/main.o" --specs=nano.specs -mfpu=fpv4-sp-d16 -mfloat-abi=hard -mthumb -o "Core/Src/main.o"
arm-none-eabi-gcc -o "SPI.elf" @"objects.list"   -mcpu=cortex-m4 -T"C:\FRA222_MICROCONTROLLER\SPI\STM32F411RETX_FLASH.ld" --specs=nosys.specs -Wl,-Map="SPI.map" -Wl,--gc-sections -static --specs=nano.specs -mfpu=fpv4-sp-d16 -mfloat-abi=hard -mthumb -Wl,--start-group -lc -lm -Wl,--end-group
Finished building target: SPI.elf
 
arm-none-eabi-size   SPI.elf 
arm-none-eabi-objdump -h -S  SPI.elf  > "SPI.list"
   text	   data	    bss	    dec	    hex	filename
  11528	     52	   1776	  13356	   342c	SPI.elf
Finished building: default.size.stdout
 
Finished building: SPI.list
 
20:19:34 **** Incremental Build of configuration Debug for project SPI ****
make -j16 all 
arm-none-eabi-gcc "../Core/Src/main.c" -mcpu=cortex-m4 -std=gnu11 -g3 -DDEBUG -DUSE_HAL_DRIVER -DSTM32F411xE -c -I../Core/Inc -I../Drivers/STM32F4xx_HAL_Driver/Inc -I../Drivers/STM32F4xx_HAL_Driver/Inc/Legacy -I../Drivers/CMSIS/Device/ST/STM32F4xx/Include -I../Drivers/CMSIS/Include -O0 -ffunction-sections -fdata-sections -Wall -fstack-usage -MMD -MP -MF"Core/Src/main.d" -MT"Core/Src/main.o" --specs=nano.specs -mfpu=fpv4-sp-d16 -mfloat-abi=hard -mthumb -o "Core/Src/main.o"
arm-none-eabi-gcc -o "SPI.elf" @"objects.list"   -mcpu=cortex-m4 -T"C:\FRA222_MICROCONTROLLER\SPI\STM32F411RETX_FLASH.ld" --specs=nosys.specs -Wl,-Map="SPI.map" -Wl,--gc-sections -static --specs=nano.specs -mfpu=fpv4-sp-d16 -mfloat-abi=hard -mthumb -Wl,--start-group -lc -lm -Wl,--end-group
Finished building target: SPI.elf
 
arm-none-eabi-size   SPI.elf 
arm-none-eabi-objdump -h -S  SPI.elf  > "SPI.list"
   text	   data	    bss	    dec	    hex	filename
  11480	     20	   1776	  13276	   33dc	SPI.elf
Finished building: default.size.stdout
 
Finished building: SPI.list
 
20:20:04 **** Incremental Build of configuration Debug for project SPI ****
make -j16 all 
arm-none-eabi-gcc "../Core/Src/main.c" -mcpu=cortex-m4 -std=gnu11 -g3 -DDEBUG -DUSE_HAL_DRIVER -DSTM32F411xE -c -I../Core/Inc -I../Drivers/STM32F4xx_HAL_Driver/Inc -I../Drivers/STM32F4xx_HAL_Driver/Inc/Legacy -I../Drivers/CMSIS/Device/ST/STM32F4xx/Include -I../Drivers/CMSIS/Include -O0 -ffunction-sections -fdata-sections -Wall -fstack-usage -MMD -MP -MF"Core/Src/main.d" -MT"Core/Src/main.o" --specs=nano.specs -mfpu=fpv4-sp-d16 -mfloat-abi=hard -mthumb -o "Core/Src/main.o"
arm-none-eabi-gcc -o "SPI.elf" @"objects.list"   -mcpu=cortex-m4 -T"C:\FRA222_MICROCONTROLLER\SPI\STM32F411RETX_FLASH.ld" --specs=nosys.specs -Wl,-Map="SPI.map" -Wl,--gc-sections -static --specs=nano.specs -mfpu=fpv4-sp-d16 -mfloat-abi=hard -mthumb -Wl,--start-group -lc -lm -Wl,--end-group
Finished building target: SPI.elf
 
arm-none-eabi-size   SPI.elf 
arm-none-eabi-objdump -h -S  SPI.elf  > "SPI.list"
   text	   data	    bss	    dec	    hex	filename
  11488	     20	   1776	  13284	   33e4	SPI.elf
Finished building: default.size.stdout
 
Finished building: SPI.list
 
20:21:30 **** Incremental Build of configuration Debug for project SPI ****
make -j16 all 
arm-none-eabi-gcc "../Core/Src/main.c" -mcpu=cortex-m4 -std=gnu11 -g3 -DDEBUG -DUSE_HAL_DRIVER -DSTM32F411xE -c -I../Core/Inc -I../Drivers/STM32F4xx_HAL_Driver/Inc -I../Drivers/STM32F4xx_HAL_Driver/Inc/Legacy -I../Drivers/CMSIS/Device/ST/STM32F4xx/Include -I../Drivers/CMSIS/Include -O0 -ffunction-sections -fdata-sections -Wall -fstack-usage -MMD -MP -MF"Core/Src/main.d" -MT"Core/Src/main.o" --specs=nano.specs -mfpu=fpv4-sp-d16 -mfloat-abi=hard -mthumb -o "Core/Src/main.o"
arm-none-eabi-gcc -o "SPI.elf" @"objects.list"   -mcpu=cortex-m4 -T"C:\FRA222_MICROCONTROLLER\SPI\STM32F411RETX_FLASH.ld" --specs=nosys.specs -Wl,-Map="SPI.map" -Wl,--gc-sections -static --specs=nano.specs -mfpu=fpv4-sp-d16 -mfloat-abi=hard -mthumb -Wl,--start-group -lc -lm -Wl,--end-group
Finished building target: SPI.elf
 
arm-none-eabi-size   SPI.elf 
arm-none-eabi-objdump -h -S  SPI.elf  > "SPI.list"
   text	   data	    bss	    dec	    hex	filename
  11488	     20	   1776	  13284	   33e4	SPI.elf
Finished building: default.size.stdout
 
Finished building: SPI.list
 
20:21:43 **** Incremental Build of configuration Debug for project SPI ****
make -j16 all 
arm-none-eabi-size   SPI.elf 
   text	   data	    bss	    dec	    hex	filename
  11488	     20	   1776	  13284	   33e4	SPI.elf
Finished building: default.size.stdout
 
20:23:21 **** Incremental Build of configuration Debug for project SPI ****
make -j16 all 
arm-none-eabi-gcc "../Core/Src/main.c" -mcpu=cortex-m4 -std=gnu11 -g3 -DDEBUG -DUSE_HAL_DRIVER -DSTM32F411xE -c -I../Core/Inc -I../Drivers/STM32F4xx_HAL_Driver/Inc -I../Drivers/STM32F4xx_HAL_Driver/Inc/Legacy -I../Drivers/CMSIS/Device/ST/STM32F4xx/Include -I../Drivers/CMSIS/Include -O0 -ffunction-sections -fdata-sections -Wall -fstack-usage -MMD -MP -MF"Core/Src/main.d" -MT"Core/Src/main.o" --specs=nano.specs -mfpu=fpv4-sp-d16 -mfloat-abi=hard -mthumb -o "Core/Src/main.o"
arm-none-eabi-gcc -o "SPI.elf" @"objects.list"   -mcpu=cortex-m4 -T"C:\FRA222_MICROCONTROLLER\SPI\STM32F411RETX_FLASH.ld" --specs=nosys.specs -Wl,-Map="SPI.map" -Wl,--gc-sections -static --specs=nano.specs -mfpu=fpv4-sp-d16 -mfloat-abi=hard -mthumb -Wl,--start-group -lc -lm -Wl,--end-group
Finished building target: SPI.elf
 
arm-none-eabi-size   SPI.elf 
arm-none-eabi-objdump -h -S  SPI.elf  > "SPI.list"
   text	   data	    bss	    dec	    hex	filename
  11500	     20	   1776	  13296	   33f0	SPI.elf
Finished building: default.size.stdout
 
Finished building: SPI.list
 
20:24:13 **** Incremental Build of configuration Debug for project SPI ****
make -j16 all 
arm-none-eabi-gcc "../Core/Src/main.c" -mcpu=cortex-m4 -std=gnu11 -g3 -DDEBUG -DUSE_HAL_DRIVER -DSTM32F411xE -c -I../Core/Inc -I../Drivers/STM32F4xx_HAL_Driver/Inc -I../Drivers/STM32F4xx_HAL_Driver/Inc/Legacy -I../Drivers/CMSIS/Device/ST/STM32F4xx/Include -I../Drivers/CMSIS/Include -O0 -ffunction-sections -fdata-sections -Wall -fstack-usage -MMD -MP -MF"Core/Src/main.d" -MT"Core/Src/main.o" --specs=nano.specs -mfpu=fpv4-sp-d16 -mfloat-abi=hard -mthumb -o "Core/Src/main.o"
arm-none-eabi-gcc -o "SPI.elf" @"objects.list"   -mcpu=cortex-m4 -T"C:\FRA222_MICROCONTROLLER\SPI\STM32F411RETX_FLASH.ld" --specs=nosys.specs -Wl,-Map="SPI.map" -Wl,--gc-sections -static --specs=nano.specs -mfpu=fpv4-sp-d16 -mfloat-abi=hard -mthumb -Wl,--start-group -lc -lm -Wl,--end-group
Finished building target: SPI.elf
 
arm-none-eabi-size   SPI.elf 
arm-none-eabi-objdump -h -S  SPI.elf  > "SPI.list"
   text	   data	    bss	    dec	    hex	filename
  11500	     20	   1776	  13296	   33f0	SPI.elf
Finished building: default.size.stdout
 
Finished building: SPI.list
 
20:26:31 **** Incremental Build of configuration Debug for project SPI ****
make -j16 all 
arm-none-eabi-gcc "../Core/Src/main.c" -mcpu=cortex-m4 -std=gnu11 -g3 -DDEBUG -DUSE_HAL_DRIVER -DSTM32F411xE -c -I../Core/Inc -I../Drivers/STM32F4xx_HAL_Driver/Inc -I../Drivers/STM32F4xx_HAL_Driver/Inc/Legacy -I../Drivers/CMSIS/Device/ST/STM32F4xx/Include -I../Drivers/CMSIS/Include -O0 -ffunction-sections -fdata-sections -Wall -fstack-usage -MMD -MP -MF"Core/Src/main.d" -MT"Core/Src/main.o" --specs=nano.specs -mfpu=fpv4-sp-d16 -mfloat-abi=hard -mthumb -o "Core/Src/main.o"
arm-none-eabi-gcc -o "SPI.elf" @"objects.list"   -mcpu=cortex-m4 -T"C:\FRA222_MICROCONTROLLER\SPI\STM32F411RETX_FLASH.ld" --specs=nosys.specs -Wl,-Map="SPI.map" -Wl,--gc-sections -static --specs=nano.specs -mfpu=fpv4-sp-d16 -mfloat-abi=hard -mthumb -Wl,--start-group -lc -lm -Wl,--end-group
Finished building target: SPI.elf
 
arm-none-eabi-size   SPI.elf 
arm-none-eabi-objdump -h -S  SPI.elf  > "SPI.list"
   text	   data	    bss	    dec	    hex	filename
  11500	     20	   1776	  13296	   33f0	SPI.elf
Finished building: default.size.stdout
 
Finished building: SPI.list
 
20:28:03 **** Incremental Build of configuration Debug for project SPI ****
make -j16 all 
arm-none-eabi-gcc "../Core/Src/main.c" -mcpu=cortex-m4 -std=gnu11 -g3 -DDEBUG -DUSE_HAL_DRIVER -DSTM32F411xE -c -I../Core/Inc -I../Drivers/STM32F4xx_HAL_Driver/Inc -I../Drivers/STM32F4xx_HAL_Driver/Inc/Legacy -I../Drivers/CMSIS/Device/ST/STM32F4xx/Include -I../Drivers/CMSIS/Include -O0 -ffunction-sections -fdata-sections -Wall -fstack-usage -MMD -MP -MF"Core/Src/main.d" -MT"Core/Src/main.o" --specs=nano.specs -mfpu=fpv4-sp-d16 -mfloat-abi=hard -mthumb -o "Core/Src/main.o"
arm-none-eabi-gcc -o "SPI.elf" @"objects.list"   -mcpu=cortex-m4 -T"C:\FRA222_MICROCONTROLLER\SPI\STM32F411RETX_FLASH.ld" --specs=nosys.specs -Wl,-Map="SPI.map" -Wl,--gc-sections -static --specs=nano.specs -mfpu=fpv4-sp-d16 -mfloat-abi=hard -mthumb -Wl,--start-group -lc -lm -Wl,--end-group
Finished building target: SPI.elf
 
arm-none-eabi-size   SPI.elf 
arm-none-eabi-objdump -h -S  SPI.elf  > "SPI.list"
   text	   data	    bss	    dec	    hex	filename
  11508	     20	   1776	  13304	   33f8	SPI.elf
Finished building: default.size.stdout
 
Finished building: SPI.list
 
20:30:20 **** Incremental Build of configuration Debug for project SPI ****
make -j16 all 
arm-none-eabi-gcc "../Core/Src/main.c" -mcpu=cortex-m4 -std=gnu11 -g3 -DDEBUG -DUSE_HAL_DRIVER -DSTM32F411xE -c -I../Core/Inc -I../Drivers/STM32F4xx_HAL_Driver/Inc -I../Drivers/STM32F4xx_HAL_Driver/Inc/Legacy -I../Drivers/CMSIS/Device/ST/STM32F4xx/Include -I../Drivers/CMSIS/Include -O0 -ffunction-sections -fdata-sections -Wall -fstack-usage -MMD -MP -MF"Core/Src/main.d" -MT"Core/Src/main.o" --specs=nano.specs -mfpu=fpv4-sp-d16 -mfloat-abi=hard -mthumb -o "Core/Src/main.o"
arm-none-eabi-gcc -o "SPI.elf" @"objects.list"   -mcpu=cortex-m4 -T"C:\FRA222_MICROCONTROLLER\SPI\STM32F411RETX_FLASH.ld" --specs=nosys.specs -Wl,-Map="SPI.map" -Wl,--gc-sections -static --specs=nano.specs -mfpu=fpv4-sp-d16 -mfloat-abi=hard -mthumb -Wl,--start-group -lc -lm -Wl,--end-group
Finished building target: SPI.elf
 
arm-none-eabi-size   SPI.elf 
arm-none-eabi-objdump -h -S  SPI.elf  > "SPI.list"
   text	   data	    bss	    dec	    hex	filename
  11596	     52	   1776	  13424	   3470	SPI.elf
Finished building: default.size.stdout
 
Finished building: SPI.list
 
20:31:03 **** Incremental Build of configuration Debug for project SPI ****
make -j16 all 
arm-none-eabi-gcc "../Core/Src/main.c" -mcpu=cortex-m4 -std=gnu11 -g3 -DDEBUG -DUSE_HAL_DRIVER -DSTM32F411xE -c -I../Core/Inc -I../Drivers/STM32F4xx_HAL_Driver/Inc -I../Drivers/STM32F4xx_HAL_Driver/Inc/Legacy -I../Drivers/CMSIS/Device/ST/STM32F4xx/Include -I../Drivers/CMSIS/Include -O0 -ffunction-sections -fdata-sections -Wall -fstack-usage -MMD -MP -MF"Core/Src/main.d" -MT"Core/Src/main.o" --specs=nano.specs -mfpu=fpv4-sp-d16 -mfloat-abi=hard -mthumb -o "Core/Src/main.o"
arm-none-eabi-gcc -o "SPI.elf" @"objects.list"   -mcpu=cortex-m4 -T"C:\FRA222_MICROCONTROLLER\SPI\STM32F411RETX_FLASH.ld" --specs=nosys.specs -Wl,-Map="SPI.map" -Wl,--gc-sections -static --specs=nano.specs -mfpu=fpv4-sp-d16 -mfloat-abi=hard -mthumb -Wl,--start-group -lc -lm -Wl,--end-group
Finished building target: SPI.elf
 
arm-none-eabi-size   SPI.elf 
arm-none-eabi-objdump -h -S  SPI.elf  > "SPI.list"
   text	   data	    bss	    dec	    hex	filename
  11592	     52	   1776	  13420	   346c	SPI.elf
Finished building: default.size.stdout
 
Finished building: SPI.list
 
20:33:00 **** Incremental Build of configuration Debug for project SPI ****
make -j16 all 
arm-none-eabi-gcc "../Core/Src/main.c" -mcpu=cortex-m4 -std=gnu11 -g3 -DDEBUG -DUSE_HAL_DRIVER -DSTM32F411xE -c -I../Core/Inc -I../Drivers/STM32F4xx_HAL_Driver/Inc -I../Drivers/STM32F4xx_HAL_Driver/Inc/Legacy -I../Drivers/CMSIS/Device/ST/STM32F4xx/Include -I../Drivers/CMSIS/Include -O0 -ffunction-sections -fdata-sections -Wall -fstack-usage -MMD -MP -MF"Core/Src/main.d" -MT"Core/Src/main.o" --specs=nano.specs -mfpu=fpv4-sp-d16 -mfloat-abi=hard -mthumb -o "Core/Src/main.o"
arm-none-eabi-gcc -o "SPI.elf" @"objects.list"   -mcpu=cortex-m4 -T"C:\FRA222_MICROCONTROLLER\SPI\STM32F411RETX_FLASH.ld" --specs=nosys.specs -Wl,-Map="SPI.map" -Wl,--gc-sections -static --specs=nano.specs -mfpu=fpv4-sp-d16 -mfloat-abi=hard -mthumb -Wl,--start-group -lc -lm -Wl,--end-group
Finished building target: SPI.elf
 
arm-none-eabi-size   SPI.elf 
arm-none-eabi-objdump -h -S  SPI.elf  > "SPI.list"
   text	   data	    bss	    dec	    hex	filename
  11592	     52	   1776	  13420	   346c	SPI.elf
Finished building: default.size.stdout
 
Finished building: SPI.list
 
20:36:55 **** Incremental Build of configuration Debug for project SPI ****
make -j16 all 
arm-none-eabi-gcc "../Core/Src/main.c" -mcpu=cortex-m4 -std=gnu11 -g3 -DDEBUG -DUSE_HAL_DRIVER -DSTM32F411xE -c -I../Core/Inc -I../Drivers/STM32F4xx_HAL_Driver/Inc -I../Drivers/STM32F4xx_HAL_Driver/Inc/Legacy -I../Drivers/CMSIS/Device/ST/STM32F4xx/Include -I../Drivers/CMSIS/Include -O0 -ffunction-sections -fdata-sections -Wall -fstack-usage -MMD -MP -MF"Core/Src/main.d" -MT"Core/Src/main.o" --specs=nano.specs -mfpu=fpv4-sp-d16 -mfloat-abi=hard -mthumb -o "Core/Src/main.o"
arm-none-eabi-gcc -o "SPI.elf" @"objects.list"   -mcpu=cortex-m4 -T"C:\FRA222_MICROCONTROLLER\SPI\STM32F411RETX_FLASH.ld" --specs=nosys.specs -Wl,-Map="SPI.map" -Wl,--gc-sections -static --specs=nano.specs -mfpu=fpv4-sp-d16 -mfloat-abi=hard -mthumb -Wl,--start-group -lc -lm -Wl,--end-group
Finished building target: SPI.elf
 
arm-none-eabi-size   SPI.elf 
arm-none-eabi-objdump -h -S  SPI.elf  > "SPI.list"
   text	   data	    bss	    dec	    hex	filename
  11672	     60	   1776	  13508	   34c4	SPI.elf
Finished building: default.size.stdout
 
Finished building: SPI.list
 
20:40:32 **** Incremental Build of configuration Debug for project SPI ****
make -j16 all 
arm-none-eabi-gcc "../Core/Src/main.c" -mcpu=cortex-m4 -std=gnu11 -g3 -DDEBUG -DUSE_HAL_DRIVER -DSTM32F411xE -c -I../Core/Inc -I../Drivers/STM32F4xx_HAL_Driver/Inc -I../Drivers/STM32F4xx_HAL_Driver/Inc/Legacy -I../Drivers/CMSIS/Device/ST/STM32F4xx/Include -I../Drivers/CMSIS/Include -O0 -ffunction-sections -fdata-sections -Wall -fstack-usage -MMD -MP -MF"Core/Src/main.d" -MT"Core/Src/main.o" --specs=nano.specs -mfpu=fpv4-sp-d16 -mfloat-abi=hard -mthumb -o "Core/Src/main.o"
arm-none-eabi-gcc -o "SPI.elf" @"objects.list"   -mcpu=cortex-m4 -T"C:\FRA222_MICROCONTROLLER\SPI\STM32F411RETX_FLASH.ld" --specs=nosys.specs -Wl,-Map="SPI.map" -Wl,--gc-sections -static --specs=nano.specs -mfpu=fpv4-sp-d16 -mfloat-abi=hard -mthumb -Wl,--start-group -lc -lm -Wl,--end-group
Finished building target: SPI.elf
 
arm-none-eabi-size   SPI.elf 
arm-none-eabi-objdump -h -S  SPI.elf  > "SPI.list"
   text	   data	    bss	    dec	    hex	filename
  11608	     28	   1776	  13412	   3464	SPI.elf
Finished building: default.size.stdout
 
Finished building: SPI.list
 
20:42:36 **** Incremental Build of configuration Debug for project SPI ****
make -j16 all 
arm-none-eabi-gcc "../Core/Src/main.c" -mcpu=cortex-m4 -std=gnu11 -g3 -DDEBUG -DUSE_HAL_DRIVER -DSTM32F411xE -c -I../Core/Inc -I../Drivers/STM32F4xx_HAL_Driver/Inc -I../Drivers/STM32F4xx_HAL_Driver/Inc/Legacy -I../Drivers/CMSIS/Device/ST/STM32F4xx/Include -I../Drivers/CMSIS/Include -O0 -ffunction-sections -fdata-sections -Wall -fstack-usage -MMD -MP -MF"Core/Src/main.d" -MT"Core/Src/main.o" --specs=nano.specs -mfpu=fpv4-sp-d16 -mfloat-abi=hard -mthumb -o "Core/Src/main.o"
arm-none-eabi-gcc -o "SPI.elf" @"objects.list"   -mcpu=cortex-m4 -T"C:\FRA222_MICROCONTROLLER\SPI\STM32F411RETX_FLASH.ld" --specs=nosys.specs -Wl,-Map="SPI.map" -Wl,--gc-sections -static --specs=nano.specs -mfpu=fpv4-sp-d16 -mfloat-abi=hard -mthumb -Wl,--start-group -lc -lm -Wl,--end-group
Finished building target: SPI.elf
 
arm-none-eabi-size   SPI.elf 
arm-none-eabi-objdump -h -S  SPI.elf  > "SPI.list"
   text	   data	    bss	    dec	    hex	filename
  11616	     28	   1776	  13420	   346c	SPI.elf
Finished building: default.size.stdout
 
Finished building: SPI.list
 
20:43:49 **** Incremental Build of configuration Debug for project SPI ****
make -j16 all 
arm-none-eabi-gcc "../Core/Src/main.c" -mcpu=cortex-m4 -std=gnu11 -g3 -DDEBUG -DUSE_HAL_DRIVER -DSTM32F411xE -c -I../Core/Inc -I../Drivers/STM32F4xx_HAL_Driver/Inc -I../Drivers/STM32F4xx_HAL_Driver/Inc/Legacy -I../Drivers/CMSIS/Device/ST/STM32F4xx/Include -I../Drivers/CMSIS/Include -O0 -ffunction-sections -fdata-sections -Wall -fstack-usage -MMD -MP -MF"Core/Src/main.d" -MT"Core/Src/main.o" --specs=nano.specs -mfpu=fpv4-sp-d16 -mfloat-abi=hard -mthumb -o "Core/Src/main.o"
arm-none-eabi-gcc -o "SPI.elf" @"objects.list"   -mcpu=cortex-m4 -T"C:\FRA222_MICROCONTROLLER\SPI\STM32F411RETX_FLASH.ld" --specs=nosys.specs -Wl,-Map="SPI.map" -Wl,--gc-sections -static --specs=nano.specs -mfpu=fpv4-sp-d16 -mfloat-abi=hard -mthumb -Wl,--start-group -lc -lm -Wl,--end-group
Finished building target: SPI.elf
 
arm-none-eabi-size   SPI.elf 
arm-none-eabi-objdump -h -S  SPI.elf  > "SPI.list"
   text	   data	    bss	    dec	    hex	filename
  11680	     60	   1776	  13516	   34cc	SPI.elf
Finished building: default.size.stdout
 
Finished building: SPI.list
 
